CRITICAL - 2022-02-23 00:05:53 --> Invalid file: dashboard.php
#0 C:\xampp\htdocs\app_cafe_amelia\system\View\View.php(198): CodeIgniter\Exceptions\FrameworkException::forInvalidFile('dashboard.php')
#1 C:\xampp\htdocs\app_cafe_amelia\system\Common.php(1089): CodeIgniter\View\View->render('dashboard', Array, true)
#2 C:\xampp\htdocs\app_cafe_amelia\app\Controllers\Home.php(8): view('dashboard')
#3 C:\xampp\htdocs\app_cafe_amelia\system\CodeIgniter.php(825): App\Controllers\Home->index()
#4 C:\xampp\htdocs\app_cafe_amelia\system\CodeIgniter.php(412): CodeIgniter\CodeIgniter->runController(Object(App\Controllers\Home))
#5 C:\xampp\htdocs\app_cafe_amelia\system\CodeIgniter.php(320): CodeIgniter\CodeIgniter->handleRequest(NULL, Object(Config\Cache), false)
#6 C:\xampp\htdocs\app_cafe_amelia\public\index.php(37): CodeIgniter\CodeIgniter->run()
#7 C:\xampp\htdocs\app_cafe_amelia\system\Commands\Server\rewrite.php(43): require_once('C:\\xampp\\htdocs...')
#8 {main}
CRITICAL - 2022-02-23 00:05:54 --> Invalid file: dashboard.php
#0 C:\xampp\htdocs\app_cafe_amelia\system\View\View.php(198): CodeIgniter\Exceptions\FrameworkException::forInvalidFile('dashboard.php')
#1 C:\xampp\htdocs\app_cafe_amelia\system\Common.php(1089): CodeIgniter\View\View->render('dashboard', Array, true)
#2 C:\xampp\htdocs\app_cafe_amelia\app\Controllers\Home.php(8): view('dashboard')
#3 C:\xampp\htdocs\app_cafe_amelia\system\CodeIgniter.php(825): App\Controllers\Home->index()
#4 C:\xampp\htdocs\app_cafe_amelia\system\CodeIgniter.php(412): CodeIgniter\CodeIgniter->runController(Object(App\Controllers\Home))
#5 C:\xampp\htdocs\app_cafe_amelia\system\CodeIgniter.php(320): CodeIgniter\CodeIgniter->handleRequest(NULL, Object(Config\Cache), false)
#6 C:\xampp\htdocs\app_cafe_amelia\public\index.php(37): CodeIgniter\CodeIgniter->run()
#7 C:\xampp\htdocs\app_cafe_amelia\system\Commands\Server\rewrite.php(43): require_once('C:\\xampp\\htdocs...')
#8 {main}
CRITICAL - 2022-02-23 00:05:54 --> Invalid file: dashboard.php
#0 C:\xampp\htdocs\app_cafe_amelia\system\View\View.php(198): CodeIgniter\Exceptions\FrameworkException::forInvalidFile('dashboard.php')
#1 C:\xampp\htdocs\app_cafe_amelia\system\Common.php(1089): CodeIgniter\View\View->render('dashboard', Array, true)
#2 C:\xampp\htdocs\app_cafe_amelia\app\Controllers\Home.php(8): view('dashboard')
#3 C:\xampp\htdocs\app_cafe_amelia\system\CodeIgniter.php(825): App\Controllers\Home->index()
#4 C:\xampp\htdocs\app_cafe_amelia\system\CodeIgniter.php(412): CodeIgniter\CodeIgniter->runController(Object(App\Controllers\Home))
#5 C:\xampp\htdocs\app_cafe_amelia\system\CodeIgniter.php(320): CodeIgniter\CodeIgniter->handleRequest(NULL, Object(Config\Cache), false)
#6 C:\xampp\htdocs\app_cafe_amelia\public\index.php(37): CodeIgniter\CodeIgniter->run()
#7 C:\xampp\htdocs\app_cafe_amelia\system\Commands\Server\rewrite.php(43): require_once('C:\\xampp\\htdocs...')
#8 {main}
CRITICAL - 2022-02-23 00:07:04 --> Invalid file: dashboard.php
#0 C:\xampp\htdocs\app_cafe_amelia\system\View\View.php(198): CodeIgniter\Exceptions\FrameworkException::forInvalidFile('dashboard.php')
#1 C:\xampp\htdocs\app_cafe_amelia\system\Common.php(1089): CodeIgniter\View\View->render('dashboard', Array, true)
#2 C:\xampp\htdocs\app_cafe_amelia\app\Controllers\Home.php(9): view('dashboard')
#3 C:\xampp\htdocs\app_cafe_amelia\system\CodeIgniter.php(825): App\Controllers\Home->index()
#4 C:\xampp\htdocs\app_cafe_amelia\system\CodeIgniter.php(412): CodeIgniter\CodeIgniter->runController(Object(App\Controllers\Home))
#5 C:\xampp\htdocs\app_cafe_amelia\system\CodeIgniter.php(320): CodeIgniter\CodeIgniter->handleRequest(NULL, Object(Config\Cache), false)
#6 C:\xampp\htdocs\app_cafe_amelia\public\index.php(37): CodeIgniter\CodeIgniter->run()
#7 C:\xampp\htdocs\app_cafe_amelia\system\Commands\Server\rewrite.php(43): require_once('C:\\xampp\\htdocs...')
#8 {main}
CRITICAL - 2022-02-23 00:07:06 --> Invalid file: dashboard.php
#0 C:\xampp\htdocs\app_cafe_amelia\system\View\View.php(198): CodeIgniter\Exceptions\FrameworkException::forInvalidFile('dashboard.php')
#1 C:\xampp\htdocs\app_cafe_amelia\system\Common.php(1089): CodeIgniter\View\View->render('dashboard', Array, true)
#2 C:\xampp\htdocs\app_cafe_amelia\app\Controllers\Home.php(9): view('dashboard')
#3 C:\xampp\htdocs\app_cafe_amelia\system\CodeIgniter.php(825): App\Controllers\Home->index()
#4 C:\xampp\htdocs\app_cafe_amelia\system\CodeIgniter.php(412): CodeIgniter\CodeIgniter->runController(Object(App\Controllers\Home))
#5 C:\xampp\htdocs\app_cafe_amelia\system\CodeIgniter.php(320): CodeIgniter\CodeIgniter->handleRequest(NULL, Object(Config\Cache), false)
#6 C:\xampp\htdocs\app_cafe_amelia\public\index.php(37): CodeIgniter\CodeIgniter->run()
#7 C:\xampp\htdocs\app_cafe_amelia\system\Commands\Server\rewrite.php(43): require_once('C:\\xampp\\htdocs...')
#8 {main}
CRITICAL - 2022-02-23 00:07:38 --> Invalid file: Dashboard.php
#0 C:\xampp\htdocs\app_cafe_amelia\system\View\View.php(198): CodeIgniter\Exceptions\FrameworkException::forInvalidFile('Dashboard.php')
#1 C:\xampp\htdocs\app_cafe_amelia\system\Common.php(1089): CodeIgniter\View\View->render('Dashboard', Array, true)
#2 C:\xampp\htdocs\app_cafe_amelia\app\Controllers\Home.php(9): view('Dashboard')
#3 C:\xampp\htdocs\app_cafe_amelia\system\CodeIgniter.php(825): App\Controllers\Home->index()
#4 C:\xampp\htdocs\app_cafe_amelia\system\CodeIgniter.php(412): CodeIgniter\CodeIgniter->runController(Object(App\Controllers\Home))
#5 C:\xampp\htdocs\app_cafe_amelia\system\CodeIgniter.php(320): CodeIgniter\CodeIgniter->handleRequest(NULL, Object(Config\Cache), false)
#6 C:\xampp\htdocs\app_cafe_amelia\public\index.php(37): CodeIgniter\CodeIgniter->run()
#7 C:\xampp\htdocs\app_cafe_amelia\system\Commands\Server\rewrite.php(43): require_once('C:\\xampp\\htdocs...')
#8 {main}
CRITICAL - 2022-02-23 00:07:39 --> Invalid file: Dashboard.php
#0 C:\xampp\htdocs\app_cafe_amelia\system\View\View.php(198): CodeIgniter\Exceptions\FrameworkException::forInvalidFile('Dashboard.php')
#1 C:\xampp\htdocs\app_cafe_amelia\system\Common.php(1089): CodeIgniter\View\View->render('Dashboard', Array, true)
#2 C:\xampp\htdocs\app_cafe_amelia\app\Controllers\Home.php(9): view('Dashboard')
#3 C:\xampp\htdocs\app_cafe_amelia\system\CodeIgniter.php(825): App\Controllers\Home->index()
#4 C:\xampp\htdocs\app_cafe_amelia\system\CodeIgniter.php(412): CodeIgniter\CodeIgniter->runController(Object(App\Controllers\Home))
#5 C:\xampp\htdocs\app_cafe_amelia\system\CodeIgniter.php(320): CodeIgniter\CodeIgniter->handleRequest(NULL, Object(Config\Cache), false)
#6 C:\xampp\htdocs\app_cafe_amelia\public\index.php(37): CodeIgniter\CodeIgniter->run()
#7 C:\xampp\htdocs\app_cafe_amelia\system\Commands\Server\rewrite.php(43): require_once('C:\\xampp\\htdocs...')
#8 {main}
CRITICAL - 2022-02-23 00:07:39 --> Invalid file: Dashboard.php
#0 C:\xampp\htdocs\app_cafe_amelia\system\View\View.php(198): CodeIgniter\Exceptions\FrameworkException::forInvalidFile('Dashboard.php')
#1 C:\xampp\htdocs\app_cafe_amelia\system\Common.php(1089): CodeIgniter\View\View->render('Dashboard', Array, true)
#2 C:\xampp\htdocs\app_cafe_amelia\app\Controllers\Home.php(9): view('Dashboard')
#3 C:\xampp\htdocs\app_cafe_amelia\system\CodeIgniter.php(825): App\Controllers\Home->index()
#4 C:\xampp\htdocs\app_cafe_amelia\system\CodeIgniter.php(412): CodeIgniter\CodeIgniter->runController(Object(App\Controllers\Home))
#5 C:\xampp\htdocs\app_cafe_amelia\system\CodeIgniter.php(320): CodeIgniter\CodeIgniter->handleRequest(NULL, Object(Config\Cache), false)
#6 C:\xampp\htdocs\app_cafe_amelia\public\index.php(37): CodeIgniter\CodeIgniter->run()
#7 C:\xampp\htdocs\app_cafe_amelia\system\Commands\Server\rewrite.php(43): require_once('C:\\xampp\\htdocs...')
#8 {main}
CRITICAL - 2022-02-23 00:08:13 --> Invalid file: Dashboard.php
#0 C:\xampp\htdocs\app_cafe_amelia\system\View\View.php(198): CodeIgniter\Exceptions\FrameworkException::forInvalidFile('Dashboard.php')
#1 C:\xampp\htdocs\app_cafe_amelia\system\Common.php(1089): CodeIgniter\View\View->render('Dashboard', Array, true)
#2 C:\xampp\htdocs\app_cafe_amelia\app\Controllers\Home.php(9): view('Dashboard')
#3 C:\xampp\htdocs\app_cafe_amelia\system\CodeIgniter.php(825): App\Controllers\Home->index()
#4 C:\xampp\htdocs\app_cafe_amelia\system\CodeIgniter.php(412): CodeIgniter\CodeIgniter->runController(Object(App\Controllers\Home))
#5 C:\xampp\htdocs\app_cafe_amelia\system\CodeIgniter.php(320): CodeIgniter\CodeIgniter->handleRequest(NULL, Object(Config\Cache), false)
#6 C:\xampp\htdocs\app_cafe_amelia\public\index.php(37): CodeIgniter\CodeIgniter->run()
#7 C:\xampp\htdocs\app_cafe_amelia\system\Commands\Server\rewrite.php(43): require_once('C:\\xampp\\htdocs...')
#8 {main}
CRITICAL - 2022-02-23 00:08:14 --> Invalid file: Dashboard.php
#0 C:\xampp\htdocs\app_cafe_amelia\system\View\View.php(198): CodeIgniter\Exceptions\FrameworkException::forInvalidFile('Dashboard.php')
#1 C:\xampp\htdocs\app_cafe_amelia\system\Common.php(1089): CodeIgniter\View\View->render('Dashboard', Array, true)
#2 C:\xampp\htdocs\app_cafe_amelia\app\Controllers\Home.php(9): view('Dashboard')
#3 C:\xampp\htdocs\app_cafe_amelia\system\CodeIgniter.php(825): App\Controllers\Home->index()
#4 C:\xampp\htdocs\app_cafe_amelia\system\CodeIgniter.php(412): CodeIgniter\CodeIgniter->runController(Object(App\Controllers\Home))
#5 C:\xampp\htdocs\app_cafe_amelia\system\CodeIgniter.php(320): CodeIgniter\CodeIgniter->handleRequest(NULL, Object(Config\Cache), false)
#6 C:\xampp\htdocs\app_cafe_amelia\public\index.php(37): CodeIgniter\CodeIgniter->run()
#7 C:\xampp\htdocs\app_cafe_amelia\system\Commands\Server\rewrite.php(43): require_once('C:\\xampp\\htdocs...')
#8 {main}
CRITICAL - 2022-02-23 00:08:14 --> Invalid file: Dashboard.php
#0 C:\xampp\htdocs\app_cafe_amelia\system\View\View.php(198): CodeIgniter\Exceptions\FrameworkException::forInvalidFile('Dashboard.php')
#1 C:\xampp\htdocs\app_cafe_amelia\system\Common.php(1089): CodeIgniter\View\View->render('Dashboard', Array, true)
#2 C:\xampp\htdocs\app_cafe_amelia\app\Controllers\Home.php(9): view('Dashboard')
#3 C:\xampp\htdocs\app_cafe_amelia\system\CodeIgniter.php(825): App\Controllers\Home->index()
#4 C:\xampp\htdocs\app_cafe_amelia\system\CodeIgniter.php(412): CodeIgniter\CodeIgniter->runController(Object(App\Controllers\Home))
#5 C:\xampp\htdocs\app_cafe_amelia\system\CodeIgniter.php(320): CodeIgniter\CodeIgniter->handleRequest(NULL, Object(Config\Cache), false)
#6 C:\xampp\htdocs\app_cafe_amelia\public\index.php(37): CodeIgniter\CodeIgniter->run()
#7 C:\xampp\htdocs\app_cafe_amelia\system\Commands\Server\rewrite.php(43): require_once('C:\\xampp\\htdocs...')
#8 {main}
CRITICAL - 2022-02-23 00:08:55 --> Call to undefined method CodeIgniter\View\View::extends()
#0 C:\xampp\htdocs\app_cafe_amelia\system\View\View.php(210): include()
#1 C:\xampp\htdocs\app_cafe_amelia\system\View\View.php(213): CodeIgniter\View\View->CodeIgniter\View\{closure}()
#2 C:\xampp\htdocs\app_cafe_amelia\system\Common.php(1089): CodeIgniter\View\View->render('Dashboard', Array, true)
#3 C:\xampp\htdocs\app_cafe_amelia\app\Controllers\Home.php(9): view('Dashboard')
#4 C:\xampp\htdocs\app_cafe_amelia\system\CodeIgniter.php(825): App\Controllers\Home->index()
#5 C:\xampp\htdocs\app_cafe_amelia\system\CodeIgniter.php(412): CodeIgniter\CodeIgniter->runController(Object(App\Controllers\Home))
#6 C:\xampp\htdocs\app_cafe_amelia\system\CodeIgniter.php(320): CodeIgniter\CodeIgniter->handleRequest(NULL, Object(Config\Cache), false)
#7 C:\xampp\htdocs\app_cafe_amelia\public\index.php(37): CodeIgniter\CodeIgniter->run()
#8 C:\xampp\htdocs\app_cafe_amelia\system\Commands\Server\rewrite.php(43): require_once('C:\\xampp\\htdocs...')
#9 {main}
CRITICAL - 2022-02-23 00:11:02 --> Call to undefined method CodeIgniter\View\View::extends()
#0 C:\xampp\htdocs\app_cafe_amelia\system\View\View.php(210): include()
#1 C:\xampp\htdocs\app_cafe_amelia\system\View\View.php(213): CodeIgniter\View\View->CodeIgniter\View\{closure}()
#2 C:\xampp\htdocs\app_cafe_amelia\system\Common.php(1089): CodeIgniter\View\View->render('Dashboard', Array, true)
#3 C:\xampp\htdocs\app_cafe_amelia\app\Controllers\Home.php(9): view('Dashboard')
#4 C:\xampp\htdocs\app_cafe_amelia\system\CodeIgniter.php(825): App\Controllers\Home->index()
#5 C:\xampp\htdocs\app_cafe_amelia\system\CodeIgniter.php(412): CodeIgniter\CodeIgniter->runController(Object(App\Controllers\Home))
#6 C:\xampp\htdocs\app_cafe_amelia\system\CodeIgniter.php(320): CodeIgniter\CodeIgniter->handleRequest(NULL, Object(Config\Cache), false)
#7 C:\xampp\htdocs\app_cafe_amelia\public\index.php(37): CodeIgniter\CodeIgniter->run()
#8 C:\xampp\htdocs\app_cafe_amelia\system\Commands\Server\rewrite.php(43): require_once('C:\\xampp\\htdocs...')
#9 {main}
CRITICAL - 2022-02-23 00:11:03 --> Call to undefined method CodeIgniter\View\View::extends()
#0 C:\xampp\htdocs\app_cafe_amelia\system\View\View.php(210): include()
#1 C:\xampp\htdocs\app_cafe_amelia\system\View\View.php(213): CodeIgniter\View\View->CodeIgniter\View\{closure}()
#2 C:\xampp\htdocs\app_cafe_amelia\system\Common.php(1089): CodeIgniter\View\View->render('Dashboard', Array, true)
#3 C:\xampp\htdocs\app_cafe_amelia\app\Controllers\Home.php(9): view('Dashboard')
#4 C:\xampp\htdocs\app_cafe_amelia\system\CodeIgniter.php(825): App\Controllers\Home->index()
#5 C:\xampp\htdocs\app_cafe_amelia\system\CodeIgniter.php(412): CodeIgniter\CodeIgniter->runController(Object(App\Controllers\Home))
#6 C:\xampp\htdocs\app_cafe_amelia\system\CodeIgniter.php(320): CodeIgniter\CodeIgniter->handleRequest(NULL, Object(Config\Cache), false)
#7 C:\xampp\htdocs\app_cafe_amelia\public\index.php(37): CodeIgniter\CodeIgniter->run()
#8 C:\xampp\htdocs\app_cafe_amelia\system\Commands\Server\rewrite.php(43): require_once('C:\\xampp\\htdocs...')
#9 {main}
CRITICAL - 2022-02-23 00:12:05 --> Call to undefined method CodeIgniter\View\View::extends()
#0 C:\xampp\htdocs\app_cafe_amelia\system\View\View.php(210): include()
#1 C:\xampp\htdocs\app_cafe_amelia\system\View\View.php(213): CodeIgniter\View\View->CodeIgniter\View\{closure}()
#2 C:\xampp\htdocs\app_cafe_amelia\system\Common.php(1089): CodeIgniter\View\View->render('Dashboard', Array, true)
#3 C:\xampp\htdocs\app_cafe_amelia\app\Controllers\Home.php(9): view('Dashboard')
#4 C:\xampp\htdocs\app_cafe_amelia\system\CodeIgniter.php(825): App\Controllers\Home->index()
#5 C:\xampp\htdocs\app_cafe_amelia\system\CodeIgniter.php(412): CodeIgniter\CodeIgniter->runController(Object(App\Controllers\Home))
#6 C:\xampp\htdocs\app_cafe_amelia\system\CodeIgniter.php(320): CodeIgniter\CodeIgniter->handleRequest(NULL, Object(Config\Cache), false)
#7 C:\xampp\htdocs\app_cafe_amelia\public\index.php(37): CodeIgniter\CodeIgniter->run()
#8 C:\xampp\htdocs\app_cafe_amelia\system\Commands\Server\rewrite.php(43): require_once('C:\\xampp\\htdocs...')
#9 {main}
CRITICAL - 2022-02-23 00:12:07 --> Call to undefined method CodeIgniter\View\View::extends()
#0 C:\xampp\htdocs\app_cafe_amelia\system\View\View.php(210): include()
#1 C:\xampp\htdocs\app_cafe_amelia\system\View\View.php(213): CodeIgniter\View\View->CodeIgniter\View\{closure}()
#2 C:\xampp\htdocs\app_cafe_amelia\system\Common.php(1089): CodeIgniter\View\View->render('Dashboard', Array, true)
#3 C:\xampp\htdocs\app_cafe_amelia\app\Controllers\Home.php(9): view('Dashboard')
#4 C:\xampp\htdocs\app_cafe_amelia\system\CodeIgniter.php(825): App\Controllers\Home->index()
#5 C:\xampp\htdocs\app_cafe_amelia\system\CodeIgniter.php(412): CodeIgniter\CodeIgniter->runController(Object(App\Controllers\Home))
#6 C:\xampp\htdocs\app_cafe_amelia\system\CodeIgniter.php(320): CodeIgniter\CodeIgniter->handleRequest(NULL, Object(Config\Cache), false)
#7 C:\xampp\htdocs\app_cafe_amelia\public\index.php(37): CodeIgniter\CodeIgniter->run()
#8 C:\xampp\htdocs\app_cafe_amelia\system\Commands\Server\rewrite.php(43): require_once('C:\\xampp\\htdocs...')
#9 {main}
CRITICAL - 2022-02-23 02:13:49 --> syntax error, unexpected '$data' (T_VARIABLE), expecting ')'
#0 C:\xampp\htdocs\app_cafe_amelia\system\Autoloader\Autoloader.php(241): CodeIgniter\Autoloader\Autoloader->includeFile('C:\\xampp\\htdocs...')
#1 C:\xampp\htdocs\app_cafe_amelia\system\Autoloader\Autoloader.php(219): CodeIgniter\Autoloader\Autoloader->loadInNamespace('App\\Controllers...')
#2 [internal function]: CodeIgniter\Autoloader\Autoloader->loadClass('App\\Controllers...')
#3 [internal function]: spl_autoload_call('App\\Controllers...')
#4 C:\xampp\htdocs\app_cafe_amelia\system\CodeIgniter.php(790): class_exists('\\App\\Controller...', true)
#5 C:\xampp\htdocs\app_cafe_amelia\system\CodeIgniter.php(399): CodeIgniter\CodeIgniter->startController()
#6 C:\xampp\htdocs\app_cafe_amelia\system\CodeIgniter.php(320): CodeIgniter\CodeIgniter->handleRequest(NULL, Object(Config\Cache), false)
#7 C:\xampp\htdocs\app_cafe_amelia\public\index.php(37): CodeIgniter\CodeIgniter->run()
#8 C:\xampp\htdocs\app_cafe_amelia\system\Commands\Server\rewrite.php(43): require_once('C:\\xampp\\htdocs...')
#9 {main}
