CRITICAL - 2022-03-03 08:23:53 --> Undefined array key "username"
#0 C:\xampp\htdocs\app_cafe_amelias\app\Views\UserList.php(33): CodeIgniter\Debug\Exceptions->errorHandler(2, 'Undefined array...', 'C:\\xampp\\htdocs...', 33)
#1 C:\xampp\htdocs\app_cafe_amelias\system\View\View.php(210): include('C:\\xampp\\htdocs...')
#2 C:\xampp\htdocs\app_cafe_amelias\system\View\View.php(213): CodeIgniter\View\View->CodeIgniter\View\{closure}()
#3 C:\xampp\htdocs\app_cafe_amelias\system\Common.php(1089): CodeIgniter\View\View->render('UserList', Array, true)
#4 C:\xampp\htdocs\app_cafe_amelias\app\Controllers\UserController.php(24): view('UserList', Array)
#5 C:\xampp\htdocs\app_cafe_amelias\system\CodeIgniter.php(825): App\Controllers\Usercontroller->tampil()
#6 C:\xampp\htdocs\app_cafe_amelias\system\CodeIgniter.php(412): CodeIgniter\CodeIgniter->runController(Object(App\Controllers\Usercontroller))
#7 C:\xampp\htdocs\app_cafe_amelias\system\CodeIgniter.php(320): CodeIgniter\CodeIgniter->handleRequest(NULL, Object(Config\Cache), false)
#8 C:\xampp\htdocs\app_cafe_amelias\public\index.php(37): CodeIgniter\CodeIgniter->run()
#9 C:\xampp\htdocs\app_cafe_amelias\system\Commands\Server\rewrite.php(43): require_once('C:\\xampp\\htdocs...')
#10 {main}
CRITICAL - 2022-03-03 08:25:59 --> Undefined array key "Username"
#0 C:\xampp\htdocs\app_cafe_amelias\app\Views\UserList.php(33): CodeIgniter\Debug\Exceptions->errorHandler(2, 'Undefined array...', 'C:\\xampp\\htdocs...', 33)
#1 C:\xampp\htdocs\app_cafe_amelias\system\View\View.php(210): include('C:\\xampp\\htdocs...')
#2 C:\xampp\htdocs\app_cafe_amelias\system\View\View.php(213): CodeIgniter\View\View->CodeIgniter\View\{closure}()
#3 C:\xampp\htdocs\app_cafe_amelias\system\Common.php(1089): CodeIgniter\View\View->render('UserList', Array, true)
#4 C:\xampp\htdocs\app_cafe_amelias\app\Controllers\UserController.php(24): view('UserList', Array)
#5 C:\xampp\htdocs\app_cafe_amelias\system\CodeIgniter.php(825): App\Controllers\Usercontroller->tampil()
#6 C:\xampp\htdocs\app_cafe_amelias\system\CodeIgniter.php(412): CodeIgniter\CodeIgniter->runController(Object(App\Controllers\Usercontroller))
#7 C:\xampp\htdocs\app_cafe_amelias\system\CodeIgniter.php(320): CodeIgniter\CodeIgniter->handleRequest(NULL, Object(Config\Cache), false)
#8 C:\xampp\htdocs\app_cafe_amelias\public\index.php(37): CodeIgniter\CodeIgniter->run()
#9 C:\xampp\htdocs\app_cafe_amelias\system\Commands\Server\rewrite.php(43): require_once('C:\\xampp\\htdocs...')
#10 {main}
CRITICAL - 2022-03-03 08:26:21 --> Undefined array key "username"
#0 C:\xampp\htdocs\app_cafe_amelias\app\Views\UserList.php(33): CodeIgniter\Debug\Exceptions->errorHandler(2, 'Undefined array...', 'C:\\xampp\\htdocs...', 33)
#1 C:\xampp\htdocs\app_cafe_amelias\system\View\View.php(210): include('C:\\xampp\\htdocs...')
#2 C:\xampp\htdocs\app_cafe_amelias\system\View\View.php(213): CodeIgniter\View\View->CodeIgniter\View\{closure}()
#3 C:\xampp\htdocs\app_cafe_amelias\system\Common.php(1089): CodeIgniter\View\View->render('UserList', Array, true)
#4 C:\xampp\htdocs\app_cafe_amelias\app\Controllers\UserController.php(24): view('UserList', Array)
#5 C:\xampp\htdocs\app_cafe_amelias\system\CodeIgniter.php(825): App\Controllers\Usercontroller->tampil()
#6 C:\xampp\htdocs\app_cafe_amelias\system\CodeIgniter.php(412): CodeIgniter\CodeIgniter->runController(Object(App\Controllers\Usercontroller))
#7 C:\xampp\htdocs\app_cafe_amelias\system\CodeIgniter.php(320): CodeIgniter\CodeIgniter->handleRequest(NULL, Object(Config\Cache), false)
#8 C:\xampp\htdocs\app_cafe_amelias\public\index.php(37): CodeIgniter\CodeIgniter->run()
#9 C:\xampp\htdocs\app_cafe_amelias\system\Commands\Server\rewrite.php(43): require_once('C:\\xampp\\htdocs...')
#10 {main}
CRITICAL - 2022-03-03 08:27:44 --> Undefined array key "username"
#0 C:\xampp\htdocs\app_cafe_amelias\app\Views\UserList.php(33): CodeIgniter\Debug\Exceptions->errorHandler(2, 'Undefined array...', 'C:\\xampp\\htdocs...', 33)
#1 C:\xampp\htdocs\app_cafe_amelias\system\View\View.php(210): include('C:\\xampp\\htdocs...')
#2 C:\xampp\htdocs\app_cafe_amelias\system\View\View.php(213): CodeIgniter\View\View->CodeIgniter\View\{closure}()
#3 C:\xampp\htdocs\app_cafe_amelias\system\Common.php(1089): CodeIgniter\View\View->render('UserList', Array, true)
#4 C:\xampp\htdocs\app_cafe_amelias\app\Controllers\UserController.php(24): view('UserList', Array)
#5 C:\xampp\htdocs\app_cafe_amelias\system\CodeIgniter.php(825): App\Controllers\Usercontroller->tampil()
#6 C:\xampp\htdocs\app_cafe_amelias\system\CodeIgniter.php(412): CodeIgniter\CodeIgniter->runController(Object(App\Controllers\Usercontroller))
#7 C:\xampp\htdocs\app_cafe_amelias\system\CodeIgniter.php(320): CodeIgniter\CodeIgniter->handleRequest(NULL, Object(Config\Cache), false)
#8 C:\xampp\htdocs\app_cafe_amelias\public\index.php(37): CodeIgniter\CodeIgniter->run()
#9 C:\xampp\htdocs\app_cafe_amelias\system\Commands\Server\rewrite.php(43): require_once('C:\\xampp\\htdocs...')
#10 {main}
CRITICAL - 2022-03-03 08:27:50 --> Undefined array key "username"
#0 C:\xampp\htdocs\app_cafe_amelias\app\Views\UserList.php(33): CodeIgniter\Debug\Exceptions->errorHandler(2, 'Undefined array...', 'C:\\xampp\\htdocs...', 33)
#1 C:\xampp\htdocs\app_cafe_amelias\system\View\View.php(210): include('C:\\xampp\\htdocs...')
#2 C:\xampp\htdocs\app_cafe_amelias\system\View\View.php(213): CodeIgniter\View\View->CodeIgniter\View\{closure}()
#3 C:\xampp\htdocs\app_cafe_amelias\system\Common.php(1089): CodeIgniter\View\View->render('UserList', Array, true)
#4 C:\xampp\htdocs\app_cafe_amelias\app\Controllers\UserController.php(24): view('UserList', Array)
#5 C:\xampp\htdocs\app_cafe_amelias\system\CodeIgniter.php(825): App\Controllers\Usercontroller->tampil()
#6 C:\xampp\htdocs\app_cafe_amelias\system\CodeIgniter.php(412): CodeIgniter\CodeIgniter->runController(Object(App\Controllers\Usercontroller))
#7 C:\xampp\htdocs\app_cafe_amelias\system\CodeIgniter.php(320): CodeIgniter\CodeIgniter->handleRequest(NULL, Object(Config\Cache), false)
#8 C:\xampp\htdocs\app_cafe_amelias\public\index.php(37): CodeIgniter\CodeIgniter->run()
#9 C:\xampp\htdocs\app_cafe_amelias\system\Commands\Server\rewrite.php(43): require_once('C:\\xampp\\htdocs...')
#10 {main}
CRITICAL - 2022-03-03 08:27:54 --> Undefined array key "username"
#0 C:\xampp\htdocs\app_cafe_amelias\app\Views\UserList.php(33): CodeIgniter\Debug\Exceptions->errorHandler(2, 'Undefined array...', 'C:\\xampp\\htdocs...', 33)
#1 C:\xampp\htdocs\app_cafe_amelias\system\View\View.php(210): include('C:\\xampp\\htdocs...')
#2 C:\xampp\htdocs\app_cafe_amelias\system\View\View.php(213): CodeIgniter\View\View->CodeIgniter\View\{closure}()
#3 C:\xampp\htdocs\app_cafe_amelias\system\Common.php(1089): CodeIgniter\View\View->render('UserList', Array, true)
#4 C:\xampp\htdocs\app_cafe_amelias\app\Controllers\UserController.php(24): view('UserList', Array)
#5 C:\xampp\htdocs\app_cafe_amelias\system\CodeIgniter.php(825): App\Controllers\Usercontroller->tampil()
#6 C:\xampp\htdocs\app_cafe_amelias\system\CodeIgniter.php(412): CodeIgniter\CodeIgniter->runController(Object(App\Controllers\Usercontroller))
#7 C:\xampp\htdocs\app_cafe_amelias\system\CodeIgniter.php(320): CodeIgniter\CodeIgniter->handleRequest(NULL, Object(Config\Cache), false)
#8 C:\xampp\htdocs\app_cafe_amelias\public\index.php(37): CodeIgniter\CodeIgniter->run()
#9 C:\xampp\htdocs\app_cafe_amelias\system\Commands\Server\rewrite.php(43): require_once('C:\\xampp\\htdocs...')
#10 {main}
CRITICAL - 2022-03-03 08:27:55 --> Undefined array key "username"
#0 C:\xampp\htdocs\app_cafe_amelias\app\Views\UserList.php(33): CodeIgniter\Debug\Exceptions->errorHandler(2, 'Undefined array...', 'C:\\xampp\\htdocs...', 33)
#1 C:\xampp\htdocs\app_cafe_amelias\system\View\View.php(210): include('C:\\xampp\\htdocs...')
#2 C:\xampp\htdocs\app_cafe_amelias\system\View\View.php(213): CodeIgniter\View\View->CodeIgniter\View\{closure}()
#3 C:\xampp\htdocs\app_cafe_amelias\system\Common.php(1089): CodeIgniter\View\View->render('UserList', Array, true)
#4 C:\xampp\htdocs\app_cafe_amelias\app\Controllers\UserController.php(24): view('UserList', Array)
#5 C:\xampp\htdocs\app_cafe_amelias\system\CodeIgniter.php(825): App\Controllers\Usercontroller->tampil()
#6 C:\xampp\htdocs\app_cafe_amelias\system\CodeIgniter.php(412): CodeIgniter\CodeIgniter->runController(Object(App\Controllers\Usercontroller))
#7 C:\xampp\htdocs\app_cafe_amelias\system\CodeIgniter.php(320): CodeIgniter\CodeIgniter->handleRequest(NULL, Object(Config\Cache), false)
#8 C:\xampp\htdocs\app_cafe_amelias\public\index.php(37): CodeIgniter\CodeIgniter->run()
#9 C:\xampp\htdocs\app_cafe_amelias\system\Commands\Server\rewrite.php(43): require_once('C:\\xampp\\htdocs...')
#10 {main}
CRITICAL - 2022-03-03 08:28:41 --> Invalid file: login.php
#0 C:\xampp\htdocs\app_cafe_amelias\system\View\View.php(198): CodeIgniter\Exceptions\FrameworkException::forInvalidFile('login.php')
#1 C:\xampp\htdocs\app_cafe_amelias\system\Common.php(1089): CodeIgniter\View\View->render('login', Array, true)
#2 C:\xampp\htdocs\app_cafe_amelias\app\Controllers\UserController.php(71): view('login')
#3 C:\xampp\htdocs\app_cafe_amelias\system\CodeIgniter.php(825): App\Controllers\Usercontroller->tlogin()
#4 C:\xampp\htdocs\app_cafe_amelias\system\CodeIgniter.php(412): CodeIgniter\CodeIgniter->runController(Object(App\Controllers\Usercontroller))
#5 C:\xampp\htdocs\app_cafe_amelias\system\CodeIgniter.php(320): CodeIgniter\CodeIgniter->handleRequest(NULL, Object(Config\Cache), false)
#6 C:\xampp\htdocs\app_cafe_amelias\public\index.php(37): CodeIgniter\CodeIgniter->run()
#7 C:\xampp\htdocs\app_cafe_amelias\system\Commands\Server\rewrite.php(43): require_once('C:\\xampp\\htdocs...')
#8 {main}
CRITICAL - 2022-03-03 08:28:43 --> Invalid file: login.php
#0 C:\xampp\htdocs\app_cafe_amelias\system\View\View.php(198): CodeIgniter\Exceptions\FrameworkException::forInvalidFile('login.php')
#1 C:\xampp\htdocs\app_cafe_amelias\system\Common.php(1089): CodeIgniter\View\View->render('login', Array, true)
#2 C:\xampp\htdocs\app_cafe_amelias\app\Controllers\UserController.php(71): view('login')
#3 C:\xampp\htdocs\app_cafe_amelias\system\CodeIgniter.php(825): App\Controllers\Usercontroller->tlogin()
#4 C:\xampp\htdocs\app_cafe_amelias\system\CodeIgniter.php(412): CodeIgniter\CodeIgniter->runController(Object(App\Controllers\Usercontroller))
#5 C:\xampp\htdocs\app_cafe_amelias\system\CodeIgniter.php(320): CodeIgniter\CodeIgniter->handleRequest(NULL, Object(Config\Cache), false)
#6 C:\xampp\htdocs\app_cafe_amelias\public\index.php(37): CodeIgniter\CodeIgniter->run()
#7 C:\xampp\htdocs\app_cafe_amelias\system\Commands\Server\rewrite.php(43): require_once('C:\\xampp\\htdocs...')
#8 {main}
CRITICAL - 2022-03-03 08:29:16 --> Invalid file: login.php
#0 C:\xampp\htdocs\app_cafe_amelias\system\View\View.php(198): CodeIgniter\Exceptions\FrameworkException::forInvalidFile('login.php')
#1 C:\xampp\htdocs\app_cafe_amelias\system\Common.php(1089): CodeIgniter\View\View->render('login', Array, true)
#2 C:\xampp\htdocs\app_cafe_amelias\app\Controllers\UserController.php(71): view('login')
#3 C:\xampp\htdocs\app_cafe_amelias\system\CodeIgniter.php(825): App\Controllers\Usercontroller->tlogin()
#4 C:\xampp\htdocs\app_cafe_amelias\system\CodeIgniter.php(412): CodeIgniter\CodeIgniter->runController(Object(App\Controllers\Usercontroller))
#5 C:\xampp\htdocs\app_cafe_amelias\system\CodeIgniter.php(320): CodeIgniter\CodeIgniter->handleRequest(NULL, Object(Config\Cache), false)
#6 C:\xampp\htdocs\app_cafe_amelias\public\index.php(37): CodeIgniter\CodeIgniter->run()
#7 C:\xampp\htdocs\app_cafe_amelias\system\Commands\Server\rewrite.php(43): require_once('C:\\xampp\\htdocs...')
#8 {main}
CRITICAL - 2022-03-03 08:31:48 --> Undefined array key "username"
#0 C:\xampp\htdocs\app_cafe_amelias\app\Views\UserList.php(33): CodeIgniter\Debug\Exceptions->errorHandler(2, 'Undefined array...', 'C:\\xampp\\htdocs...', 33)
#1 C:\xampp\htdocs\app_cafe_amelias\system\View\View.php(210): include('C:\\xampp\\htdocs...')
#2 C:\xampp\htdocs\app_cafe_amelias\system\View\View.php(213): CodeIgniter\View\View->CodeIgniter\View\{closure}()
#3 C:\xampp\htdocs\app_cafe_amelias\system\Common.php(1089): CodeIgniter\View\View->render('UserList', Array, true)
#4 C:\xampp\htdocs\app_cafe_amelias\app\Controllers\UserController.php(24): view('UserList', Array)
#5 C:\xampp\htdocs\app_cafe_amelias\system\CodeIgniter.php(825): App\Controllers\Usercontroller->tampil()
#6 C:\xampp\htdocs\app_cafe_amelias\system\CodeIgniter.php(412): CodeIgniter\CodeIgniter->runController(Object(App\Controllers\Usercontroller))
#7 C:\xampp\htdocs\app_cafe_amelias\system\CodeIgniter.php(320): CodeIgniter\CodeIgniter->handleRequest(NULL, Object(Config\Cache), false)
#8 C:\xampp\htdocs\app_cafe_amelias\public\index.php(37): CodeIgniter\CodeIgniter->run()
#9 C:\xampp\htdocs\app_cafe_amelias\system\Commands\Server\rewrite.php(43): require_once('C:\\xampp\\htdocs...')
#10 {main}
CRITICAL - 2022-03-03 08:37:09 --> Undefined array key "username"
#0 C:\xampp\htdocs\app_cafe_amelias\app\Views\UserList.php(33): CodeIgniter\Debug\Exceptions->errorHandler(2, 'Undefined array...', 'C:\\xampp\\htdocs...', 33)
#1 C:\xampp\htdocs\app_cafe_amelias\system\View\View.php(210): include('C:\\xampp\\htdocs...')
#2 C:\xampp\htdocs\app_cafe_amelias\system\View\View.php(213): CodeIgniter\View\View->CodeIgniter\View\{closure}()
#3 C:\xampp\htdocs\app_cafe_amelias\system\Common.php(1089): CodeIgniter\View\View->render('UserList', Array, true)
#4 C:\xampp\htdocs\app_cafe_amelias\app\Controllers\UserController.php(24): view('UserList', Array)
#5 C:\xampp\htdocs\app_cafe_amelias\system\CodeIgniter.php(825): App\Controllers\Usercontroller->tampil()
#6 C:\xampp\htdocs\app_cafe_amelias\system\CodeIgniter.php(412): CodeIgniter\CodeIgniter->runController(Object(App\Controllers\Usercontroller))
#7 C:\xampp\htdocs\app_cafe_amelias\system\CodeIgniter.php(320): CodeIgniter\CodeIgniter->handleRequest(NULL, Object(Config\Cache), false)
#8 C:\xampp\htdocs\app_cafe_amelias\public\index.php(37): CodeIgniter\CodeIgniter->run()
#9 C:\xampp\htdocs\app_cafe_amelias\system\Commands\Server\rewrite.php(43): require_once('C:\\xampp\\htdocs...')
#10 {main}
CRITICAL - 2022-03-03 08:37:11 --> Invalid file: login.php
#0 C:\xampp\htdocs\app_cafe_amelias\system\View\View.php(198): CodeIgniter\Exceptions\FrameworkException::forInvalidFile('login.php')
#1 C:\xampp\htdocs\app_cafe_amelias\system\Common.php(1089): CodeIgniter\View\View->render('login', Array, true)
#2 C:\xampp\htdocs\app_cafe_amelias\app\Controllers\UserController.php(71): view('login')
#3 C:\xampp\htdocs\app_cafe_amelias\system\CodeIgniter.php(825): App\Controllers\Usercontroller->tlogin()
#4 C:\xampp\htdocs\app_cafe_amelias\system\CodeIgniter.php(412): CodeIgniter\CodeIgniter->runController(Object(App\Controllers\Usercontroller))
#5 C:\xampp\htdocs\app_cafe_amelias\system\CodeIgniter.php(320): CodeIgniter\CodeIgniter->handleRequest(NULL, Object(Config\Cache), false)
#6 C:\xampp\htdocs\app_cafe_amelias\public\index.php(37): CodeIgniter\CodeIgniter->run()
#7 C:\xampp\htdocs\app_cafe_amelias\system\Commands\Server\rewrite.php(43): require_once('C:\\xampp\\htdocs...')
#8 {main}
CRITICAL - 2022-03-03 08:37:12 --> Invalid file: login.php
#0 C:\xampp\htdocs\app_cafe_amelias\system\View\View.php(198): CodeIgniter\Exceptions\FrameworkException::forInvalidFile('login.php')
#1 C:\xampp\htdocs\app_cafe_amelias\system\Common.php(1089): CodeIgniter\View\View->render('login', Array, true)
#2 C:\xampp\htdocs\app_cafe_amelias\app\Controllers\UserController.php(71): view('login')
#3 C:\xampp\htdocs\app_cafe_amelias\system\CodeIgniter.php(825): App\Controllers\Usercontroller->tlogin()
#4 C:\xampp\htdocs\app_cafe_amelias\system\CodeIgniter.php(412): CodeIgniter\CodeIgniter->runController(Object(App\Controllers\Usercontroller))
#5 C:\xampp\htdocs\app_cafe_amelias\system\CodeIgniter.php(320): CodeIgniter\CodeIgniter->handleRequest(NULL, Object(Config\Cache), false)
#6 C:\xampp\htdocs\app_cafe_amelias\public\index.php(37): CodeIgniter\CodeIgniter->run()
#7 C:\xampp\htdocs\app_cafe_amelias\system\Commands\Server\rewrite.php(43): require_once('C:\\xampp\\htdocs...')
#8 {main}
CRITICAL - 2022-03-03 08:49:47 --> Undefined array key "username"
#0 C:\xampp\htdocs\app_cafe_amelias\app\Views\UserList.php(33): CodeIgniter\Debug\Exceptions->errorHandler(2, 'Undefined array...', 'C:\\xampp\\htdocs...', 33)
#1 C:\xampp\htdocs\app_cafe_amelias\system\View\View.php(210): include('C:\\xampp\\htdocs...')
#2 C:\xampp\htdocs\app_cafe_amelias\system\View\View.php(213): CodeIgniter\View\View->CodeIgniter\View\{closure}()
#3 C:\xampp\htdocs\app_cafe_amelias\system\Common.php(1089): CodeIgniter\View\View->render('UserList', Array, true)
#4 C:\xampp\htdocs\app_cafe_amelias\app\Controllers\UserController.php(24): view('UserList', Array)
#5 C:\xampp\htdocs\app_cafe_amelias\system\CodeIgniter.php(825): App\Controllers\Usercontroller->tampil()
#6 C:\xampp\htdocs\app_cafe_amelias\system\CodeIgniter.php(412): CodeIgniter\CodeIgniter->runController(Object(App\Controllers\Usercontroller))
#7 C:\xampp\htdocs\app_cafe_amelias\system\CodeIgniter.php(320): CodeIgniter\CodeIgniter->handleRequest(NULL, Object(Config\Cache), false)
#8 C:\xampp\htdocs\app_cafe_amelias\public\index.php(37): CodeIgniter\CodeIgniter->run()
#9 C:\xampp\htdocs\app_cafe_amelias\system\Commands\Server\rewrite.php(43): require_once('C:\\xampp\\htdocs...')
#10 {main}
CRITICAL - 2022-03-03 08:50:28 --> Undefined variable $harga
#0 C:\xampp\htdocs\app_cafe_amelias\app\Controllers\PesananController.php(47): CodeIgniter\Debug\Exceptions->errorHandler(2, 'Undefined varia...', 'C:\\xampp\\htdocs...', 47)
#1 C:\xampp\htdocs\app_cafe_amelias\system\CodeIgniter.php(825): App\Controllers\Pesanancontroller->addCart()
#2 C:\xampp\htdocs\app_cafe_amelias\system\CodeIgniter.php(412): CodeIgniter\CodeIgniter->runController(Object(App\Controllers\Pesanancontroller))
#3 C:\xampp\htdocs\app_cafe_amelias\system\CodeIgniter.php(320): CodeIgniter\CodeIgniter->handleRequest(NULL, Object(Config\Cache), false)
#4 C:\xampp\htdocs\app_cafe_amelias\public\index.php(37): CodeIgniter\CodeIgniter->run()
#5 C:\xampp\htdocs\app_cafe_amelias\system\Commands\Server\rewrite.php(43): require_once('C:\\xampp\\htdocs...')
#6 {main}
CRITICAL - 2022-03-03 08:53:10 --> Undefined array key "id"
#0 C:\xampp\htdocs\app_cafe_amelias\app\Views\PesananList.php(25): CodeIgniter\Debug\Exceptions->errorHandler(2, 'Undefined array...', 'C:\\xampp\\htdocs...', 25)
#1 C:\xampp\htdocs\app_cafe_amelias\system\View\View.php(210): include('C:\\xampp\\htdocs...')
#2 C:\xampp\htdocs\app_cafe_amelias\system\View\View.php(213): CodeIgniter\View\View->CodeIgniter\View\{closure}()
#3 C:\xampp\htdocs\app_cafe_amelias\system\Common.php(1089): CodeIgniter\View\View->render('PesananList', Array, true)
#4 C:\xampp\htdocs\app_cafe_amelias\app\Controllers\PesananController.php(35): view('PesananList', Array)
#5 C:\xampp\htdocs\app_cafe_amelias\system\CodeIgniter.php(825): App\Controllers\Pesanancontroller->index()
#6 C:\xampp\htdocs\app_cafe_amelias\system\CodeIgniter.php(412): CodeIgniter\CodeIgniter->runController(Object(App\Controllers\Pesanancontroller))
#7 C:\xampp\htdocs\app_cafe_amelias\system\CodeIgniter.php(320): CodeIgniter\CodeIgniter->handleRequest(NULL, Object(Config\Cache), false)
#8 C:\xampp\htdocs\app_cafe_amelias\public\index.php(37): CodeIgniter\CodeIgniter->run()
#9 C:\xampp\htdocs\app_cafe_amelias\system\Commands\Server\rewrite.php(43): require_once('C:\\xampp\\htdocs...')
#10 {main}
CRITICAL - 2022-03-03 08:55:33 --> Undefined array key "id"
#0 C:\xampp\htdocs\app_cafe_amelias\app\Views\PesananList.php(25): CodeIgniter\Debug\Exceptions->errorHandler(2, 'Undefined array...', 'C:\\xampp\\htdocs...', 25)
#1 C:\xampp\htdocs\app_cafe_amelias\system\View\View.php(210): include('C:\\xampp\\htdocs...')
#2 C:\xampp\htdocs\app_cafe_amelias\system\View\View.php(213): CodeIgniter\View\View->CodeIgniter\View\{closure}()
#3 C:\xampp\htdocs\app_cafe_amelias\system\Common.php(1089): CodeIgniter\View\View->render('PesananList', Array, true)
#4 C:\xampp\htdocs\app_cafe_amelias\app\Controllers\PesananController.php(35): view('PesananList', Array)
#5 C:\xampp\htdocs\app_cafe_amelias\system\CodeIgniter.php(825): App\Controllers\Pesanancontroller->index()
#6 C:\xampp\htdocs\app_cafe_amelias\system\CodeIgniter.php(412): CodeIgniter\CodeIgniter->runController(Object(App\Controllers\Pesanancontroller))
#7 C:\xampp\htdocs\app_cafe_amelias\system\CodeIgniter.php(320): CodeIgniter\CodeIgniter->handleRequest(NULL, Object(Config\Cache), false)
#8 C:\xampp\htdocs\app_cafe_amelias\public\index.php(37): CodeIgniter\CodeIgniter->run()
#9 C:\xampp\htdocs\app_cafe_amelias\system\Commands\Server\rewrite.php(43): require_once('C:\\xampp\\htdocs...')
#10 {main}
CRITICAL - 2022-03-03 08:58:39 --> Undefined array key "id"
#0 C:\xampp\htdocs\app_cafe_amelias\app\Views\PesananList.php(25): CodeIgniter\Debug\Exceptions->errorHandler(2, 'Undefined array...', 'C:\\xampp\\htdocs...', 25)
#1 C:\xampp\htdocs\app_cafe_amelias\system\View\View.php(210): include('C:\\xampp\\htdocs...')
#2 C:\xampp\htdocs\app_cafe_amelias\system\View\View.php(213): CodeIgniter\View\View->CodeIgniter\View\{closure}()
#3 C:\xampp\htdocs\app_cafe_amelias\system\Common.php(1089): CodeIgniter\View\View->render('PesananList', Array, true)
#4 C:\xampp\htdocs\app_cafe_amelias\app\Controllers\PesananController.php(35): view('PesananList', Array)
#5 C:\xampp\htdocs\app_cafe_amelias\system\CodeIgniter.php(825): App\Controllers\Pesanancontroller->index()
#6 C:\xampp\htdocs\app_cafe_amelias\system\CodeIgniter.php(412): CodeIgniter\CodeIgniter->runController(Object(App\Controllers\Pesanancontroller))
#7 C:\xampp\htdocs\app_cafe_amelias\system\CodeIgniter.php(320): CodeIgniter\CodeIgniter->handleRequest(NULL, Object(Config\Cache), false)
#8 C:\xampp\htdocs\app_cafe_amelias\public\index.php(37): CodeIgniter\CodeIgniter->run()
#9 C:\xampp\htdocs\app_cafe_amelias\system\Commands\Server\rewrite.php(43): require_once('C:\\xampp\\htdocs...')
#10 {main}
CRITICAL - 2022-03-03 17:53:13 --> Undefined array key "id"
#0 C:\xampp\htdocs\app_cafe_amelias\app\Views\PesananList.php(25): CodeIgniter\Debug\Exceptions->errorHandler(2, 'Undefined array...', 'C:\\xampp\\htdocs...', 25)
#1 C:\xampp\htdocs\app_cafe_amelias\system\View\View.php(210): include('C:\\xampp\\htdocs...')
#2 C:\xampp\htdocs\app_cafe_amelias\system\View\View.php(213): CodeIgniter\View\View->CodeIgniter\View\{closure}()
#3 C:\xampp\htdocs\app_cafe_amelias\system\Common.php(1089): CodeIgniter\View\View->render('PesananList', Array, true)
#4 C:\xampp\htdocs\app_cafe_amelias\app\Controllers\PesananController.php(35): view('PesananList', Array)
#5 C:\xampp\htdocs\app_cafe_amelias\system\CodeIgniter.php(825): App\Controllers\Pesanancontroller->index()
#6 C:\xampp\htdocs\app_cafe_amelias\system\CodeIgniter.php(412): CodeIgniter\CodeIgniter->runController(Object(App\Controllers\Pesanancontroller))
#7 C:\xampp\htdocs\app_cafe_amelias\system\CodeIgniter.php(320): CodeIgniter\CodeIgniter->handleRequest(NULL, Object(Config\Cache), false)
#8 C:\xampp\htdocs\app_cafe_amelias\public\index.php(37): CodeIgniter\CodeIgniter->run()
#9 C:\xampp\htdocs\app_cafe_amelias\system\Commands\Server\rewrite.php(43): require_once('C:\\xampp\\htdocs...')
#10 {main}
CRITICAL - 2022-03-03 17:58:30 --> auth filter must have a matching alias defined.
#0 C:\xampp\htdocs\app_cafe_amelias\system\Filters\Filters.php(340): CodeIgniter\Filters\Exceptions\FilterException::forNoAlias('auth')
#1 C:\xampp\htdocs\app_cafe_amelias\system\CodeIgniter.php(377): CodeIgniter\Filters\Filters->enableFilter('auth', 'before')
#2 C:\xampp\htdocs\app_cafe_amelias\system\CodeIgniter.php(320): CodeIgniter\CodeIgniter->handleRequest(NULL, Object(Config\Cache), false)
#3 C:\xampp\htdocs\app_cafe_amelias\public\index.php(37): CodeIgniter\CodeIgniter->run()
#4 C:\xampp\htdocs\app_cafe_amelias\system\Commands\Server\rewrite.php(43): require_once('C:\\xampp\\htdocs...')
#5 {main}
CRITICAL - 2022-03-03 18:07:30 --> auth filter must have a matching alias defined.
#0 C:\xampp\htdocs\app_cafe_amelias\system\Filters\Filters.php(340): CodeIgniter\Filters\Exceptions\FilterException::forNoAlias('auth')
#1 C:\xampp\htdocs\app_cafe_amelias\system\CodeIgniter.php(377): CodeIgniter\Filters\Filters->enableFilter('auth', 'before')
#2 C:\xampp\htdocs\app_cafe_amelias\system\CodeIgniter.php(320): CodeIgniter\CodeIgniter->handleRequest(NULL, Object(Config\Cache), false)
#3 C:\xampp\htdocs\app_cafe_amelias\public\index.php(37): CodeIgniter\CodeIgniter->run()
#4 C:\xampp\htdocs\app_cafe_amelias\system\Commands\Server\rewrite.php(43): require_once('C:\\xampp\\htdocs...')
#5 {main}
CRITICAL - 2022-03-03 18:07:37 --> auth filter must have a matching alias defined.
#0 C:\xampp\htdocs\app_cafe_amelias\system\Filters\Filters.php(340): CodeIgniter\Filters\Exceptions\FilterException::forNoAlias('auth')
#1 C:\xampp\htdocs\app_cafe_amelias\system\CodeIgniter.php(377): CodeIgniter\Filters\Filters->enableFilter('auth', 'before')
#2 C:\xampp\htdocs\app_cafe_amelias\system\CodeIgniter.php(320): CodeIgniter\CodeIgniter->handleRequest(NULL, Object(Config\Cache), false)
#3 C:\xampp\htdocs\app_cafe_amelias\public\index.php(37): CodeIgniter\CodeIgniter->run()
#4 C:\xampp\htdocs\app_cafe_amelias\system\Commands\Server\rewrite.php(43): require_once('C:\\xampp\\htdocs...')
#5 {main}
CRITICAL - 2022-03-03 18:08:46 --> auth filter must have a matching alias defined.
#0 C:\xampp\htdocs\app_cafe_amelias\system\Filters\Filters.php(340): CodeIgniter\Filters\Exceptions\FilterException::forNoAlias('auth')
#1 C:\xampp\htdocs\app_cafe_amelias\system\CodeIgniter.php(377): CodeIgniter\Filters\Filters->enableFilter('auth', 'before')
#2 C:\xampp\htdocs\app_cafe_amelias\system\CodeIgniter.php(320): CodeIgniter\CodeIgniter->handleRequest(NULL, Object(Config\Cache), false)
#3 C:\xampp\htdocs\app_cafe_amelias\public\index.php(37): CodeIgniter\CodeIgniter->run()
#4 C:\xampp\htdocs\app_cafe_amelias\system\Commands\Server\rewrite.php(43): require_once('C:\\xampp\\htdocs...')
#5 {main}
CRITICAL - 2022-03-03 18:09:06 --> Undefined array key "id"
#0 C:\xampp\htdocs\app_cafe_amelias\app\Views\PesananList.php(25): CodeIgniter\Debug\Exceptions->errorHandler(2, 'Undefined array...', 'C:\\xampp\\htdocs...', 25)
#1 C:\xampp\htdocs\app_cafe_amelias\system\View\View.php(210): include('C:\\xampp\\htdocs...')
#2 C:\xampp\htdocs\app_cafe_amelias\system\View\View.php(213): CodeIgniter\View\View->CodeIgniter\View\{closure}()
#3 C:\xampp\htdocs\app_cafe_amelias\system\Common.php(1089): CodeIgniter\View\View->render('PesananList', Array, true)
#4 C:\xampp\htdocs\app_cafe_amelias\app\Controllers\PesananController.php(35): view('PesananList', Array)
#5 C:\xampp\htdocs\app_cafe_amelias\system\CodeIgniter.php(825): App\Controllers\Pesanancontroller->index()
#6 C:\xampp\htdocs\app_cafe_amelias\system\CodeIgniter.php(412): CodeIgniter\CodeIgniter->runController(Object(App\Controllers\Pesanancontroller))
#7 C:\xampp\htdocs\app_cafe_amelias\system\CodeIgniter.php(320): CodeIgniter\CodeIgniter->handleRequest(NULL, Object(Config\Cache), false)
#8 C:\xampp\htdocs\app_cafe_amelias\public\index.php(37): CodeIgniter\CodeIgniter->run()
#9 C:\xampp\htdocs\app_cafe_amelias\system\Commands\Server\rewrite.php(43): require_once('C:\\xampp\\htdocs...')
#10 {main}
CRITICAL - 2022-03-03 18:13:01 --> Undefined array key "id"
#0 C:\xampp\htdocs\app_cafe_amelias\app\Views\PesananList.php(25): CodeIgniter\Debug\Exceptions->errorHandler(2, 'Undefined array...', 'C:\\xampp\\htdocs...', 25)
#1 C:\xampp\htdocs\app_cafe_amelias\system\View\View.php(210): include('C:\\xampp\\htdocs...')
#2 C:\xampp\htdocs\app_cafe_amelias\system\View\View.php(213): CodeIgniter\View\View->CodeIgniter\View\{closure}()
#3 C:\xampp\htdocs\app_cafe_amelias\system\Common.php(1089): CodeIgniter\View\View->render('PesananList', Array, true)
#4 C:\xampp\htdocs\app_cafe_amelias\app\Controllers\PesananController.php(35): view('PesananList', Array)
#5 C:\xampp\htdocs\app_cafe_amelias\system\CodeIgniter.php(825): App\Controllers\Pesanancontroller->index()
#6 C:\xampp\htdocs\app_cafe_amelias\system\CodeIgniter.php(412): CodeIgniter\CodeIgniter->runController(Object(App\Controllers\Pesanancontroller))
#7 C:\xampp\htdocs\app_cafe_amelias\system\CodeIgniter.php(320): CodeIgniter\CodeIgniter->handleRequest(NULL, Object(Config\Cache), false)
#8 C:\xampp\htdocs\app_cafe_amelias\public\index.php(37): CodeIgniter\CodeIgniter->run()
#9 C:\xampp\htdocs\app_cafe_amelias\system\Commands\Server\rewrite.php(43): require_once('C:\\xampp\\htdocs...')
#10 {main}
CRITICAL - 2022-03-03 18:15:52 --> Undefined array key "id"
#0 C:\xampp\htdocs\app_cafe_amelias\app\Views\PesananList.php(25): CodeIgniter\Debug\Exceptions->errorHandler(2, 'Undefined array...', 'C:\\xampp\\htdocs...', 25)
#1 C:\xampp\htdocs\app_cafe_amelias\system\View\View.php(210): include('C:\\xampp\\htdocs...')
#2 C:\xampp\htdocs\app_cafe_amelias\system\View\View.php(213): CodeIgniter\View\View->CodeIgniter\View\{closure}()
#3 C:\xampp\htdocs\app_cafe_amelias\system\Common.php(1089): CodeIgniter\View\View->render('PesananList', Array, true)
#4 C:\xampp\htdocs\app_cafe_amelias\app\Controllers\PesananController.php(35): view('PesananList', Array)
#5 C:\xampp\htdocs\app_cafe_amelias\system\CodeIgniter.php(825): App\Controllers\Pesanancontroller->index()
#6 C:\xampp\htdocs\app_cafe_amelias\system\CodeIgniter.php(412): CodeIgniter\CodeIgniter->runController(Object(App\Controllers\Pesanancontroller))
#7 C:\xampp\htdocs\app_cafe_amelias\system\CodeIgniter.php(320): CodeIgniter\CodeIgniter->handleRequest(NULL, Object(Config\Cache), false)
#8 C:\xampp\htdocs\app_cafe_amelias\public\index.php(37): CodeIgniter\CodeIgniter->run()
#9 C:\xampp\htdocs\app_cafe_amelias\system\Commands\Server\rewrite.php(43): require_once('C:\\xampp\\htdocs...')
#10 {main}
CRITICAL - 2022-03-03 18:20:35 --> Undefined array key "id"
#0 C:\xampp\htdocs\app_cafe_amelias\app\Views\PesananList.php(25): CodeIgniter\Debug\Exceptions->errorHandler(2, 'Undefined array...', 'C:\\xampp\\htdocs...', 25)
#1 C:\xampp\htdocs\app_cafe_amelias\system\View\View.php(210): include('C:\\xampp\\htdocs...')
#2 C:\xampp\htdocs\app_cafe_amelias\system\View\View.php(213): CodeIgniter\View\View->CodeIgniter\View\{closure}()
#3 C:\xampp\htdocs\app_cafe_amelias\system\Common.php(1089): CodeIgniter\View\View->render('PesananList', Array, true)
#4 C:\xampp\htdocs\app_cafe_amelias\app\Controllers\PesananController.php(35): view('PesananList', Array)
#5 C:\xampp\htdocs\app_cafe_amelias\system\CodeIgniter.php(825): App\Controllers\Pesanancontroller->index()
#6 C:\xampp\htdocs\app_cafe_amelias\system\CodeIgniter.php(412): CodeIgniter\CodeIgniter->runController(Object(App\Controllers\Pesanancontroller))
#7 C:\xampp\htdocs\app_cafe_amelias\system\CodeIgniter.php(320): CodeIgniter\CodeIgniter->handleRequest(NULL, Object(Config\Cache), false)
#8 C:\xampp\htdocs\app_cafe_amelias\public\index.php(37): CodeIgniter\CodeIgniter->run()
#9 C:\xampp\htdocs\app_cafe_amelias\system\Commands\Server\rewrite.php(43): require_once('C:\\xampp\\htdocs...')
#10 {main}
CRITICAL - 2022-03-03 18:21:42 --> Undefined array key "username"
#0 C:\xampp\htdocs\app_cafe_amelias\app\Views\UserList.php(33): CodeIgniter\Debug\Exceptions->errorHandler(2, 'Undefined array...', 'C:\\xampp\\htdocs...', 33)
#1 C:\xampp\htdocs\app_cafe_amelias\system\View\View.php(210): include('C:\\xampp\\htdocs...')
#2 C:\xampp\htdocs\app_cafe_amelias\system\View\View.php(213): CodeIgniter\View\View->CodeIgniter\View\{closure}()
#3 C:\xampp\htdocs\app_cafe_amelias\system\Common.php(1089): CodeIgniter\View\View->render('UserList', Array, true)
#4 C:\xampp\htdocs\app_cafe_amelias\app\Controllers\UserController.php(24): view('UserList', Array)
#5 C:\xampp\htdocs\app_cafe_amelias\system\CodeIgniter.php(825): App\Controllers\Usercontroller->tampil()
#6 C:\xampp\htdocs\app_cafe_amelias\system\CodeIgniter.php(412): CodeIgniter\CodeIgniter->runController(Object(App\Controllers\Usercontroller))
#7 C:\xampp\htdocs\app_cafe_amelias\system\CodeIgniter.php(320): CodeIgniter\CodeIgniter->handleRequest(NULL, Object(Config\Cache), false)
#8 C:\xampp\htdocs\app_cafe_amelias\public\index.php(37): CodeIgniter\CodeIgniter->run()
#9 C:\xampp\htdocs\app_cafe_amelias\system\Commands\Server\rewrite.php(43): require_once('C:\\xampp\\htdocs...')
#10 {main}
CRITICAL - 2022-03-03 18:33:04 --> Class "App\Modals\PesananModel" not found
#0 C:\xampp\htdocs\app_cafe_amelias\system\CodeIgniter.php(802): App\Controllers\LaporanController->__construct()
#1 C:\xampp\htdocs\app_cafe_amelias\system\CodeIgniter.php(403): CodeIgniter\CodeIgniter->createController()
#2 C:\xampp\htdocs\app_cafe_amelias\system\CodeIgniter.php(320): CodeIgniter\CodeIgniter->handleRequest(NULL, Object(Config\Cache), false)
#3 C:\xampp\htdocs\app_cafe_amelias\public\index.php(37): CodeIgniter\CodeIgniter->run()
#4 C:\xampp\htdocs\app_cafe_amelias\system\Commands\Server\rewrite.php(43): require_once('C:\\xampp\\htdocs...')
#5 {main}
CRITICAL - 2022-03-03 18:37:28 --> Class "App\Modals\PesananModel" not found
#0 C:\xampp\htdocs\app_cafe_amelias\system\CodeIgniter.php(802): App\Controllers\LaporanController->__construct()
#1 C:\xampp\htdocs\app_cafe_amelias\system\CodeIgniter.php(403): CodeIgniter\CodeIgniter->createController()
#2 C:\xampp\htdocs\app_cafe_amelias\system\CodeIgniter.php(320): CodeIgniter\CodeIgniter->handleRequest(NULL, Object(Config\Cache), false)
#3 C:\xampp\htdocs\app_cafe_amelias\public\index.php(37): CodeIgniter\CodeIgniter->run()
#4 C:\xampp\htdocs\app_cafe_amelias\system\Commands\Server\rewrite.php(43): require_once('C:\\xampp\\htdocs...')
#5 {main}
CRITICAL - 2022-03-03 18:47:00 --> Class "App\Modals\PesananModel" not found
#0 C:\xampp\htdocs\app_cafe_amelias\system\CodeIgniter.php(802): App\Controllers\LaporanController->__construct()
#1 C:\xampp\htdocs\app_cafe_amelias\system\CodeIgniter.php(403): CodeIgniter\CodeIgniter->createController()
#2 C:\xampp\htdocs\app_cafe_amelias\system\CodeIgniter.php(320): CodeIgniter\CodeIgniter->handleRequest(NULL, Object(Config\Cache), false)
#3 C:\xampp\htdocs\app_cafe_amelias\public\index.php(37): CodeIgniter\CodeIgniter->run()
#4 C:\xampp\htdocs\app_cafe_amelias\system\Commands\Server\rewrite.php(43): require_once('C:\\xampp\\htdocs...')
#5 {main}
CRITICAL - 2022-03-03 18:47:46 --> Undefined array key "id"
#0 C:\xampp\htdocs\app_cafe_amelias\app\Views\PesananList.php(25): CodeIgniter\Debug\Exceptions->errorHandler(2, 'Undefined array...', 'C:\\xampp\\htdocs...', 25)
#1 C:\xampp\htdocs\app_cafe_amelias\system\View\View.php(210): include('C:\\xampp\\htdocs...')
#2 C:\xampp\htdocs\app_cafe_amelias\system\View\View.php(213): CodeIgniter\View\View->CodeIgniter\View\{closure}()
#3 C:\xampp\htdocs\app_cafe_amelias\system\Common.php(1089): CodeIgniter\View\View->render('PesananList', Array, true)
#4 C:\xampp\htdocs\app_cafe_amelias\app\Controllers\PesananController.php(35): view('PesananList', Array)
#5 C:\xampp\htdocs\app_cafe_amelias\system\CodeIgniter.php(825): App\Controllers\Pesanancontroller->index()
#6 C:\xampp\htdocs\app_cafe_amelias\system\CodeIgniter.php(412): CodeIgniter\CodeIgniter->runController(Object(App\Controllers\Pesanancontroller))
#7 C:\xampp\htdocs\app_cafe_amelias\system\CodeIgniter.php(320): CodeIgniter\CodeIgniter->handleRequest(NULL, Object(Config\Cache), false)
#8 C:\xampp\htdocs\app_cafe_amelias\public\index.php(37): CodeIgniter\CodeIgniter->run()
#9 C:\xampp\htdocs\app_cafe_amelias\system\Commands\Server\rewrite.php(43): require_once('C:\\xampp\\htdocs...')
#10 {main}
CRITICAL - 2022-03-03 18:51:27 --> Undefined array key "id"
#0 C:\xampp\htdocs\app_cafe_amelias\app\Views\PesananList.php(25): CodeIgniter\Debug\Exceptions->errorHandler(2, 'Undefined array...', 'C:\\xampp\\htdocs...', 25)
#1 C:\xampp\htdocs\app_cafe_amelias\system\View\View.php(210): include('C:\\xampp\\htdocs...')
#2 C:\xampp\htdocs\app_cafe_amelias\system\View\View.php(213): CodeIgniter\View\View->CodeIgniter\View\{closure}()
#3 C:\xampp\htdocs\app_cafe_amelias\system\Common.php(1089): CodeIgniter\View\View->render('PesananList', Array, true)
#4 C:\xampp\htdocs\app_cafe_amelias\app\Controllers\PesananController.php(35): view('PesananList', Array)
#5 C:\xampp\htdocs\app_cafe_amelias\system\CodeIgniter.php(825): App\Controllers\Pesanancontroller->index()
#6 C:\xampp\htdocs\app_cafe_amelias\system\CodeIgniter.php(412): CodeIgniter\CodeIgniter->runController(Object(App\Controllers\Pesanancontroller))
#7 C:\xampp\htdocs\app_cafe_amelias\system\CodeIgniter.php(320): CodeIgniter\CodeIgniter->handleRequest(NULL, Object(Config\Cache), false)
#8 C:\xampp\htdocs\app_cafe_amelias\public\index.php(37): CodeIgniter\CodeIgniter->run()
#9 C:\xampp\htdocs\app_cafe_amelias\system\Commands\Server\rewrite.php(43): require_once('C:\\xampp\\htdocs...')
#10 {main}
CRITICAL - 2022-03-03 18:52:35 --> Class "App\Modals\PesananModel" not found
#0 C:\xampp\htdocs\app_cafe_amelias\system\CodeIgniter.php(802): App\Controllers\LaporanController->__construct()
#1 C:\xampp\htdocs\app_cafe_amelias\system\CodeIgniter.php(403): CodeIgniter\CodeIgniter->createController()
#2 C:\xampp\htdocs\app_cafe_amelias\system\CodeIgniter.php(320): CodeIgniter\CodeIgniter->handleRequest(NULL, Object(Config\Cache), false)
#3 C:\xampp\htdocs\app_cafe_amelias\public\index.php(37): CodeIgniter\CodeIgniter->run()
#4 C:\xampp\htdocs\app_cafe_amelias\system\Commands\Server\rewrite.php(43): require_once('C:\\xampp\\htdocs...')
#5 {main}
CRITICAL - 2022-03-03 18:52:44 --> Undefined array key "id"
#0 C:\xampp\htdocs\app_cafe_amelias\app\Views\PesananList.php(25): CodeIgniter\Debug\Exceptions->errorHandler(2, 'Undefined array...', 'C:\\xampp\\htdocs...', 25)
#1 C:\xampp\htdocs\app_cafe_amelias\system\View\View.php(210): include('C:\\xampp\\htdocs...')
#2 C:\xampp\htdocs\app_cafe_amelias\system\View\View.php(213): CodeIgniter\View\View->CodeIgniter\View\{closure}()
#3 C:\xampp\htdocs\app_cafe_amelias\system\Common.php(1089): CodeIgniter\View\View->render('PesananList', Array, true)
#4 C:\xampp\htdocs\app_cafe_amelias\app\Controllers\PesananController.php(35): view('PesananList', Array)
#5 C:\xampp\htdocs\app_cafe_amelias\system\CodeIgniter.php(825): App\Controllers\Pesanancontroller->index()
#6 C:\xampp\htdocs\app_cafe_amelias\system\CodeIgniter.php(412): CodeIgniter\CodeIgniter->runController(Object(App\Controllers\Pesanancontroller))
#7 C:\xampp\htdocs\app_cafe_amelias\system\CodeIgniter.php(320): CodeIgniter\CodeIgniter->handleRequest(NULL, Object(Config\Cache), false)
#8 C:\xampp\htdocs\app_cafe_amelias\public\index.php(37): CodeIgniter\CodeIgniter->run()
#9 C:\xampp\htdocs\app_cafe_amelias\system\Commands\Server\rewrite.php(43): require_once('C:\\xampp\\htdocs...')
#10 {main}
CRITICAL - 2022-03-03 18:54:34 --> Undefined property: App\Controllers\Usercontroller::$requst
#0 C:\xampp\htdocs\app_cafe_amelias\app\Controllers\UserController.php(77): CodeIgniter\Debug\Exceptions->errorHandler(2, 'Undefined prope...', 'C:\\xampp\\htdocs...', 77)
#1 C:\xampp\htdocs\app_cafe_amelias\system\CodeIgniter.php(825): App\Controllers\Usercontroller->login()
#2 C:\xampp\htdocs\app_cafe_amelias\system\CodeIgniter.php(412): CodeIgniter\CodeIgniter->runController(Object(App\Controllers\Usercontroller))
#3 C:\xampp\htdocs\app_cafe_amelias\system\CodeIgniter.php(320): CodeIgniter\CodeIgniter->handleRequest(NULL, Object(Config\Cache), false)
#4 C:\xampp\htdocs\app_cafe_amelias\public\index.php(37): CodeIgniter\CodeIgniter->run()
#5 C:\xampp\htdocs\app_cafe_amelias\system\Commands\Server\rewrite.php(43): require_once('C:\\xampp\\htdocs...')
#6 {main}
CRITICAL - 2022-03-03 18:56:39 --> Undefined property: App\Controllers\Usercontroller::$requst
#0 C:\xampp\htdocs\app_cafe_amelias\app\Controllers\UserController.php(77): CodeIgniter\Debug\Exceptions->errorHandler(2, 'Undefined prope...', 'C:\\xampp\\htdocs...', 77)
#1 C:\xampp\htdocs\app_cafe_amelias\system\CodeIgniter.php(825): App\Controllers\Usercontroller->login()
#2 C:\xampp\htdocs\app_cafe_amelias\system\CodeIgniter.php(412): CodeIgniter\CodeIgniter->runController(Object(App\Controllers\Usercontroller))
#3 C:\xampp\htdocs\app_cafe_amelias\system\CodeIgniter.php(320): CodeIgniter\CodeIgniter->handleRequest(NULL, Object(Config\Cache), false)
#4 C:\xampp\htdocs\app_cafe_amelias\public\index.php(37): CodeIgniter\CodeIgniter->run()
#5 C:\xampp\htdocs\app_cafe_amelias\system\Commands\Server\rewrite.php(43): require_once('C:\\xampp\\htdocs...')
#6 {main}
CRITICAL - 2022-03-03 18:57:48 --> auth filter must have a matching alias defined.
#0 C:\xampp\htdocs\app_cafe_amelias\system\Filters\Filters.php(340): CodeIgniter\Filters\Exceptions\FilterException::forNoAlias('auth')
#1 C:\xampp\htdocs\app_cafe_amelias\system\CodeIgniter.php(377): CodeIgniter\Filters\Filters->enableFilter('auth', 'before')
#2 C:\xampp\htdocs\app_cafe_amelias\system\CodeIgniter.php(320): CodeIgniter\CodeIgniter->handleRequest(NULL, Object(Config\Cache), false)
#3 C:\xampp\htdocs\app_cafe_amelias\public\index.php(37): CodeIgniter\CodeIgniter->run()
#4 C:\xampp\htdocs\app_cafe_amelias\system\Commands\Server\rewrite.php(43): require_once('C:\\xampp\\htdocs...')
#5 {main}
CRITICAL - 2022-03-03 19:00:13 --> auth filter must have a matching alias defined.
#0 C:\xampp\htdocs\app_cafe_amelias\system\Filters\Filters.php(340): CodeIgniter\Filters\Exceptions\FilterException::forNoAlias('auth')
#1 C:\xampp\htdocs\app_cafe_amelias\system\CodeIgniter.php(377): CodeIgniter\Filters\Filters->enableFilter('auth', 'before')
#2 C:\xampp\htdocs\app_cafe_amelias\system\CodeIgniter.php(320): CodeIgniter\CodeIgniter->handleRequest(NULL, Object(Config\Cache), false)
#3 C:\xampp\htdocs\app_cafe_amelias\public\index.php(37): CodeIgniter\CodeIgniter->run()
#4 C:\xampp\htdocs\app_cafe_amelias\system\Commands\Server\rewrite.php(43): require_once('C:\\xampp\\htdocs...')
#5 {main}
CRITICAL - 2022-03-03 19:33:01 --> auth filter must have a matching alias defined.
#0 C:\xampp\htdocs\app_cafe_amelias\system\Filters\Filters.php(340): CodeIgniter\Filters\Exceptions\FilterException::forNoAlias('auth')
#1 C:\xampp\htdocs\app_cafe_amelias\system\CodeIgniter.php(377): CodeIgniter\Filters\Filters->enableFilter('auth', 'before')
#2 C:\xampp\htdocs\app_cafe_amelias\system\CodeIgniter.php(320): CodeIgniter\CodeIgniter->handleRequest(NULL, Object(Config\Cache), false)
#3 C:\xampp\htdocs\app_cafe_amelias\public\index.php(37): CodeIgniter\CodeIgniter->run()
#4 C:\xampp\htdocs\app_cafe_amelias\system\Commands\Server\rewrite.php(43): require_once('C:\\xampp\\htdocs...')
#5 {main}
CRITICAL - 2022-03-03 19:43:12 --> Undefined array key "nama"
#0 C:\xampp\htdocs\app_cafe_amelias\app\Controllers\PesananController.php(46): CodeIgniter\Debug\Exceptions->errorHandler(2, 'Undefined array...', 'C:\\xampp\\htdocs...', 46)
#1 C:\xampp\htdocs\app_cafe_amelias\system\CodeIgniter.php(825): App\Controllers\Pesanancontroller->addCart()
#2 C:\xampp\htdocs\app_cafe_amelias\system\CodeIgniter.php(412): CodeIgniter\CodeIgniter->runController(Object(App\Controllers\Pesanancontroller))
#3 C:\xampp\htdocs\app_cafe_amelias\system\CodeIgniter.php(320): CodeIgniter\CodeIgniter->handleRequest(NULL, Object(Config\Cache), false)
#4 C:\xampp\htdocs\app_cafe_amelias\public\index.php(37): CodeIgniter\CodeIgniter->run()
#5 C:\xampp\htdocs\app_cafe_amelias\system\Commands\Server\rewrite.php(43): require_once('C:\\xampp\\htdocs...')
#6 {main}
CRITICAL - 2022-03-03 19:43:55 --> auth filter must have a matching alias defined.
#0 C:\xampp\htdocs\app_cafe_amelias\system\Filters\Filters.php(340): CodeIgniter\Filters\Exceptions\FilterException::forNoAlias('auth')
#1 C:\xampp\htdocs\app_cafe_amelias\system\CodeIgniter.php(377): CodeIgniter\Filters\Filters->enableFilter('auth', 'before')
#2 C:\xampp\htdocs\app_cafe_amelias\system\CodeIgniter.php(320): CodeIgniter\CodeIgniter->handleRequest(NULL, Object(Config\Cache), false)
#3 C:\xampp\htdocs\app_cafe_amelias\public\index.php(37): CodeIgniter\CodeIgniter->run()
#4 C:\xampp\htdocs\app_cafe_amelias\system\Commands\Server\rewrite.php(43): require_once('C:\\xampp\\htdocs...')
#5 {main}
CRITICAL - 2022-03-03 19:46:50 --> Class "App\Modals\PesananModel" not found
#0 C:\xampp\htdocs\app_cafe_amelias\system\CodeIgniter.php(802): App\Controllers\LaporanController->__construct()
#1 C:\xampp\htdocs\app_cafe_amelias\system\CodeIgniter.php(403): CodeIgniter\CodeIgniter->createController()
#2 C:\xampp\htdocs\app_cafe_amelias\system\CodeIgniter.php(320): CodeIgniter\CodeIgniter->handleRequest(NULL, Object(Config\Cache), false)
#3 C:\xampp\htdocs\app_cafe_amelias\public\index.php(37): CodeIgniter\CodeIgniter->run()
#4 C:\xampp\htdocs\app_cafe_amelias\system\Commands\Server\rewrite.php(43): require_once('C:\\xampp\\htdocs...')
#5 {main}
CRITICAL - 2022-03-03 19:48:59 --> Class "App\Modals\PesananModel" not found
#0 C:\xampp\htdocs\app_cafe_amelias\system\CodeIgniter.php(802): App\Controllers\LaporanController->__construct()
#1 C:\xampp\htdocs\app_cafe_amelias\system\CodeIgniter.php(403): CodeIgniter\CodeIgniter->createController()
#2 C:\xampp\htdocs\app_cafe_amelias\system\CodeIgniter.php(320): CodeIgniter\CodeIgniter->handleRequest(NULL, Object(Config\Cache), false)
#3 C:\xampp\htdocs\app_cafe_amelias\public\index.php(37): CodeIgniter\CodeIgniter->run()
#4 C:\xampp\htdocs\app_cafe_amelias\system\Commands\Server\rewrite.php(43): require_once('C:\\xampp\\htdocs...')
#5 {main}
CRITICAL - 2022-03-03 19:49:50 --> Class "App\Controllers\DetailModel" not found
#0 C:\xampp\htdocs\app_cafe_amelias\system\CodeIgniter.php(802): App\Controllers\LaporanController->__construct()
#1 C:\xampp\htdocs\app_cafe_amelias\system\CodeIgniter.php(403): CodeIgniter\CodeIgniter->createController()
#2 C:\xampp\htdocs\app_cafe_amelias\system\CodeIgniter.php(320): CodeIgniter\CodeIgniter->handleRequest(NULL, Object(Config\Cache), false)
#3 C:\xampp\htdocs\app_cafe_amelias\public\index.php(37): CodeIgniter\CodeIgniter->run()
#4 C:\xampp\htdocs\app_cafe_amelias\system\Commands\Server\rewrite.php(43): require_once('C:\\xampp\\htdocs...')
#5 {main}
CRITICAL - 2022-03-03 19:50:51 --> Class "App\Modals\PesananModel" not found
#0 C:\xampp\htdocs\app_cafe_amelias\system\CodeIgniter.php(802): App\Controllers\LaporanController->__construct()
#1 C:\xampp\htdocs\app_cafe_amelias\system\CodeIgniter.php(403): CodeIgniter\CodeIgniter->createController()
#2 C:\xampp\htdocs\app_cafe_amelias\system\CodeIgniter.php(320): CodeIgniter\CodeIgniter->handleRequest(NULL, Object(Config\Cache), false)
#3 C:\xampp\htdocs\app_cafe_amelias\public\index.php(37): CodeIgniter\CodeIgniter->run()
#4 C:\xampp\htdocs\app_cafe_amelias\system\Commands\Server\rewrite.php(43): require_once('C:\\xampp\\htdocs...')
#5 {main}
CRITICAL - 2022-03-03 19:51:11 --> Undefined array key "nama"
#0 C:\xampp\htdocs\app_cafe_amelias\app\Controllers\PesananController.php(46): CodeIgniter\Debug\Exceptions->errorHandler(2, 'Undefined array...', 'C:\\xampp\\htdocs...', 46)
#1 C:\xampp\htdocs\app_cafe_amelias\system\CodeIgniter.php(825): App\Controllers\Pesanancontroller->addCart()
#2 C:\xampp\htdocs\app_cafe_amelias\system\CodeIgniter.php(412): CodeIgniter\CodeIgniter->runController(Object(App\Controllers\Pesanancontroller))
#3 C:\xampp\htdocs\app_cafe_amelias\system\CodeIgniter.php(320): CodeIgniter\CodeIgniter->handleRequest(NULL, Object(Config\Cache), false)
#4 C:\xampp\htdocs\app_cafe_amelias\public\index.php(37): CodeIgniter\CodeIgniter->run()
#5 C:\xampp\htdocs\app_cafe_amelias\system\Commands\Server\rewrite.php(43): require_once('C:\\xampp\\htdocs...')
#6 {main}
CRITICAL - 2022-03-03 19:52:50 --> auth filter must have a matching alias defined.
#0 C:\xampp\htdocs\app_cafe_amelias\system\Filters\Filters.php(340): CodeIgniter\Filters\Exceptions\FilterException::forNoAlias('auth')
#1 C:\xampp\htdocs\app_cafe_amelias\system\CodeIgniter.php(377): CodeIgniter\Filters\Filters->enableFilter('auth', 'before')
#2 C:\xampp\htdocs\app_cafe_amelias\system\CodeIgniter.php(320): CodeIgniter\CodeIgniter->handleRequest(NULL, Object(Config\Cache), false)
#3 C:\xampp\htdocs\app_cafe_amelias\public\index.php(37): CodeIgniter\CodeIgniter->run()
#4 C:\xampp\htdocs\app_cafe_amelias\system\Commands\Server\rewrite.php(43): require_once('C:\\xampp\\htdocs...')
#5 {main}
CRITICAL - 2022-03-03 19:53:26 --> Class "App\Modals\PesananModel" not found
#0 C:\xampp\htdocs\app_cafe_amelias\system\CodeIgniter.php(802): App\Controllers\LaporanController->__construct()
#1 C:\xampp\htdocs\app_cafe_amelias\system\CodeIgniter.php(403): CodeIgniter\CodeIgniter->createController()
#2 C:\xampp\htdocs\app_cafe_amelias\system\CodeIgniter.php(320): CodeIgniter\CodeIgniter->handleRequest(NULL, Object(Config\Cache), false)
#3 C:\xampp\htdocs\app_cafe_amelias\public\index.php(37): CodeIgniter\CodeIgniter->run()
#4 C:\xampp\htdocs\app_cafe_amelias\system\Commands\Server\rewrite.php(43): require_once('C:\\xampp\\htdocs...')
#5 {main}
CRITICAL - 2022-03-03 20:02:57 --> auth filter must have a matching alias defined.
#0 C:\xampp\htdocs\app_cafe_amelias\system\Filters\Filters.php(340): CodeIgniter\Filters\Exceptions\FilterException::forNoAlias('auth')
#1 C:\xampp\htdocs\app_cafe_amelias\system\CodeIgniter.php(377): CodeIgniter\Filters\Filters->enableFilter('auth', 'before')
#2 C:\xampp\htdocs\app_cafe_amelias\system\CodeIgniter.php(320): CodeIgniter\CodeIgniter->handleRequest(NULL, Object(Config\Cache), false)
#3 C:\xampp\htdocs\app_cafe_amelias\public\index.php(37): CodeIgniter\CodeIgniter->run()
#4 C:\xampp\htdocs\app_cafe_amelias\system\Commands\Server\rewrite.php(43): require_once('C:\\xampp\\htdocs...')
#5 {main}
CRITICAL - 2022-03-03 20:07:54 --> Undefined array key "nama"
#0 C:\xampp\htdocs\app_cafe_amelias\app\Controllers\PesananController.php(46): CodeIgniter\Debug\Exceptions->errorHandler(2, 'Undefined array...', 'C:\\xampp\\htdocs...', 46)
#1 C:\xampp\htdocs\app_cafe_amelias\system\CodeIgniter.php(825): App\Controllers\Pesanancontroller->addCart()
#2 C:\xampp\htdocs\app_cafe_amelias\system\CodeIgniter.php(412): CodeIgniter\CodeIgniter->runController(Object(App\Controllers\Pesanancontroller))
#3 C:\xampp\htdocs\app_cafe_amelias\system\CodeIgniter.php(320): CodeIgniter\CodeIgniter->handleRequest(NULL, Object(Config\Cache), false)
#4 C:\xampp\htdocs\app_cafe_amelias\public\index.php(37): CodeIgniter\CodeIgniter->run()
#5 C:\xampp\htdocs\app_cafe_amelias\system\Commands\Server\rewrite.php(43): require_once('C:\\xampp\\htdocs...')
#6 {main}
CRITICAL - 2022-03-03 20:14:57 --> Undefined array key "id"
#0 C:\xampp\htdocs\app_cafe_amelias\app\Views\PesananList.php(25): CodeIgniter\Debug\Exceptions->errorHandler(2, 'Undefined array...', 'C:\\xampp\\htdocs...', 25)
#1 C:\xampp\htdocs\app_cafe_amelias\system\View\View.php(210): include('C:\\xampp\\htdocs...')
#2 C:\xampp\htdocs\app_cafe_amelias\system\View\View.php(213): CodeIgniter\View\View->CodeIgniter\View\{closure}()
#3 C:\xampp\htdocs\app_cafe_amelias\system\Common.php(1089): CodeIgniter\View\View->render('PesananList', Array, true)
#4 C:\xampp\htdocs\app_cafe_amelias\app\Controllers\PesananController.php(35): view('PesananList', Array)
#5 C:\xampp\htdocs\app_cafe_amelias\system\CodeIgniter.php(825): App\Controllers\Pesanancontroller->index()
#6 C:\xampp\htdocs\app_cafe_amelias\system\CodeIgniter.php(412): CodeIgniter\CodeIgniter->runController(Object(App\Controllers\Pesanancontroller))
#7 C:\xampp\htdocs\app_cafe_amelias\system\CodeIgniter.php(320): CodeIgniter\CodeIgniter->handleRequest(NULL, Object(Config\Cache), false)
#8 C:\xampp\htdocs\app_cafe_amelias\public\index.php(37): CodeIgniter\CodeIgniter->run()
#9 C:\xampp\htdocs\app_cafe_amelias\system\Commands\Server\rewrite.php(43): require_once('C:\\xampp\\htdocs...')
#10 {main}
CRITICAL - 2022-03-03 20:17:21 --> auth filter must have a matching alias defined.
#0 C:\xampp\htdocs\app_cafe_amelias\system\Filters\Filters.php(340): CodeIgniter\Filters\Exceptions\FilterException::forNoAlias('auth')
#1 C:\xampp\htdocs\app_cafe_amelias\system\CodeIgniter.php(377): CodeIgniter\Filters\Filters->enableFilter('auth', 'before')
#2 C:\xampp\htdocs\app_cafe_amelias\system\CodeIgniter.php(320): CodeIgniter\CodeIgniter->handleRequest(NULL, Object(Config\Cache), false)
#3 C:\xampp\htdocs\app_cafe_amelias\public\index.php(37): CodeIgniter\CodeIgniter->run()
#4 C:\xampp\htdocs\app_cafe_amelias\system\Commands\Server\rewrite.php(43): require_once('C:\\xampp\\htdocs...')
#5 {main}
CRITICAL - 2022-03-03 20:22:41 --> Class "App\Modals\PesananModel" not found
#0 C:\xampp\htdocs\app_cafe_amelias\system\CodeIgniter.php(802): App\Controllers\LaporanController->__construct()
#1 C:\xampp\htdocs\app_cafe_amelias\system\CodeIgniter.php(403): CodeIgniter\CodeIgniter->createController()
#2 C:\xampp\htdocs\app_cafe_amelias\system\CodeIgniter.php(320): CodeIgniter\CodeIgniter->handleRequest(NULL, Object(Config\Cache), false)
#3 C:\xampp\htdocs\app_cafe_amelias\public\index.php(37): CodeIgniter\CodeIgniter->run()
#4 C:\xampp\htdocs\app_cafe_amelias\system\Commands\Server\rewrite.php(43): require_once('C:\\xampp\\htdocs...')
#5 {main}
CRITICAL - 2022-03-03 20:48:14 --> Undefined variable $ddetail
#0 C:\xampp\htdocs\app_cafe_amelias\app\Views\Laporan.php(18): CodeIgniter\Debug\Exceptions->errorHandler(2, 'Undefined varia...', 'C:\\xampp\\htdocs...', 18)
#1 C:\xampp\htdocs\app_cafe_amelias\system\View\View.php(210): include('C:\\xampp\\htdocs...')
#2 C:\xampp\htdocs\app_cafe_amelias\system\View\View.php(213): CodeIgniter\View\View->CodeIgniter\View\{closure}()
#3 C:\xampp\htdocs\app_cafe_amelias\system\Common.php(1089): CodeIgniter\View\View->render('Laporan', Array, true)
#4 C:\xampp\htdocs\app_cafe_amelias\app\Controllers\LaporanController.php(22): view('Laporan', Array)
#5 C:\xampp\htdocs\app_cafe_amelias\system\CodeIgniter.php(825): App\Controllers\LaporanController->tampil()
#6 C:\xampp\htdocs\app_cafe_amelias\system\CodeIgniter.php(412): CodeIgniter\CodeIgniter->runController(Object(App\Controllers\LaporanController))
#7 C:\xampp\htdocs\app_cafe_amelias\system\CodeIgniter.php(320): CodeIgniter\CodeIgniter->handleRequest(NULL, Object(Config\Cache), false)
#8 C:\xampp\htdocs\app_cafe_amelias\public\index.php(37): CodeIgniter\CodeIgniter->run()
#9 C:\xampp\htdocs\app_cafe_amelias\system\Commands\Server\rewrite.php(43): require_once('C:\\xampp\\htdocs...')
#10 {main}
CRITICAL - 2022-03-03 20:49:06 --> Undefined variable $laporan
#0 C:\xampp\htdocs\app_cafe_amelias\app\Views\Laporan.php(18): CodeIgniter\Debug\Exceptions->errorHandler(2, 'Undefined varia...', 'C:\\xampp\\htdocs...', 18)
#1 C:\xampp\htdocs\app_cafe_amelias\system\View\View.php(210): include('C:\\xampp\\htdocs...')
#2 C:\xampp\htdocs\app_cafe_amelias\system\View\View.php(213): CodeIgniter\View\View->CodeIgniter\View\{closure}()
#3 C:\xampp\htdocs\app_cafe_amelias\system\Common.php(1089): CodeIgniter\View\View->render('Laporan', Array, true)
#4 C:\xampp\htdocs\app_cafe_amelias\app\Controllers\LaporanController.php(22): view('Laporan', Array)
#5 C:\xampp\htdocs\app_cafe_amelias\system\CodeIgniter.php(825): App\Controllers\LaporanController->tampil()
#6 C:\xampp\htdocs\app_cafe_amelias\system\CodeIgniter.php(412): CodeIgniter\CodeIgniter->runController(Object(App\Controllers\LaporanController))
#7 C:\xampp\htdocs\app_cafe_amelias\system\CodeIgniter.php(320): CodeIgniter\CodeIgniter->handleRequest(NULL, Object(Config\Cache), false)
#8 C:\xampp\htdocs\app_cafe_amelias\public\index.php(37): CodeIgniter\CodeIgniter->run()
#9 C:\xampp\htdocs\app_cafe_amelias\system\Commands\Server\rewrite.php(43): require_once('C:\\xampp\\htdocs...')
#10 {main}
CRITICAL - 2022-03-03 20:49:25 --> Undefined variable $dlaporan
#0 C:\xampp\htdocs\app_cafe_amelias\app\Views\Laporan.php(18): CodeIgniter\Debug\Exceptions->errorHandler(2, 'Undefined varia...', 'C:\\xampp\\htdocs...', 18)
#1 C:\xampp\htdocs\app_cafe_amelias\system\View\View.php(210): include('C:\\xampp\\htdocs...')
#2 C:\xampp\htdocs\app_cafe_amelias\system\View\View.php(213): CodeIgniter\View\View->CodeIgniter\View\{closure}()
#3 C:\xampp\htdocs\app_cafe_amelias\system\Common.php(1089): CodeIgniter\View\View->render('Laporan', Array, true)
#4 C:\xampp\htdocs\app_cafe_amelias\app\Controllers\LaporanController.php(22): view('Laporan', Array)
#5 C:\xampp\htdocs\app_cafe_amelias\system\CodeIgniter.php(825): App\Controllers\LaporanController->tampil()
#6 C:\xampp\htdocs\app_cafe_amelias\system\CodeIgniter.php(412): CodeIgniter\CodeIgniter->runController(Object(App\Controllers\LaporanController))
#7 C:\xampp\htdocs\app_cafe_amelias\system\CodeIgniter.php(320): CodeIgniter\CodeIgniter->handleRequest(NULL, Object(Config\Cache), false)
#8 C:\xampp\htdocs\app_cafe_amelias\public\index.php(37): CodeIgniter\CodeIgniter->run()
#9 C:\xampp\htdocs\app_cafe_amelias\system\Commands\Server\rewrite.php(43): require_once('C:\\xampp\\htdocs...')
#10 {main}
CRITICAL - 2022-03-03 20:59:37 --> Call to undefined function App\Controllers\array_valiues()
#0 C:\xampp\htdocs\app_cafe_amelias\system\CodeIgniter.php(825): App\Controllers\Pesanancontroller->simpan()
#1 C:\xampp\htdocs\app_cafe_amelias\system\CodeIgniter.php(412): CodeIgniter\CodeIgniter->runController(Object(App\Controllers\Pesanancontroller))
#2 C:\xampp\htdocs\app_cafe_amelias\system\CodeIgniter.php(320): CodeIgniter\CodeIgniter->handleRequest(NULL, Object(Config\Cache), false)
#3 C:\xampp\htdocs\app_cafe_amelias\public\index.php(37): CodeIgniter\CodeIgniter->run()
#4 C:\xampp\htdocs\app_cafe_amelias\system\Commands\Server\rewrite.php(43): require_once('C:\\xampp\\htdocs...')
#5 {main}
ERROR - 2022-03-03 21:00:18 --> Table 'db_cafe_amelias.tb_detail' doesn't exist
CRITICAL - 2022-03-03 21:00:18 --> Table 'db_cafe_amelias.tb_detail' doesn't exist
#0 C:\xampp\htdocs\app_cafe_amelias\system\Database\MySQLi\Connection.php(292): mysqli->query('INSERT INTO `tb...', 0)
#1 C:\xampp\htdocs\app_cafe_amelias\system\Database\BaseConnection.php(670): CodeIgniter\Database\MySQLi\Connection->execute('INSERT INTO `tb...')
#2 C:\xampp\htdocs\app_cafe_amelias\system\Database\BaseConnection.php(598): CodeIgniter\Database\BaseConnection->simpleQuery('INSERT INTO `tb...')
#3 C:\xampp\htdocs\app_cafe_amelias\system\Database\BaseBuilder.php(1771): CodeIgniter\Database\BaseConnection->query('INSERT INTO `tb...', Array, false)
#4 C:\xampp\htdocs\app_cafe_amelias\system\Model.php(239): CodeIgniter\Database\BaseBuilder->insert()
#5 C:\xampp\htdocs\app_cafe_amelias\system\BaseModel.php(738): CodeIgniter\Model->doInsert(Array)
#6 C:\xampp\htdocs\app_cafe_amelias\system\Model.php(625): CodeIgniter\BaseModel->insert(Array, true)
#7 C:\xampp\htdocs\app_cafe_amelias\app\Controllers\PesananController.php(104): CodeIgniter\Model->insert(Array)
#8 C:\xampp\htdocs\app_cafe_amelias\system\CodeIgniter.php(825): App\Controllers\Pesanancontroller->simpan()
#9 C:\xampp\htdocs\app_cafe_amelias\system\CodeIgniter.php(412): CodeIgniter\CodeIgniter->runController(Object(App\Controllers\Pesanancontroller))
#10 C:\xampp\htdocs\app_cafe_amelias\system\CodeIgniter.php(320): CodeIgniter\CodeIgniter->handleRequest(NULL, Object(Config\Cache), false)
#11 C:\xampp\htdocs\app_cafe_amelias\public\index.php(37): CodeIgniter\CodeIgniter->run()
#12 C:\xampp\htdocs\app_cafe_amelias\system\Commands\Server\rewrite.php(43): require_once('C:\\xampp\\htdocs...')
#13 {main}
CRITICAL - 2022-03-03 21:05:36 --> Undefined array key "pesanan_id"
#0 C:\xampp\htdocs\app_cafe_amelias\app\Views\Laporan.php(21): CodeIgniter\Debug\Exceptions->errorHandler(2, 'Undefined array...', 'C:\\xampp\\htdocs...', 21)
#1 C:\xampp\htdocs\app_cafe_amelias\system\View\View.php(210): include('C:\\xampp\\htdocs...')
#2 C:\xampp\htdocs\app_cafe_amelias\system\View\View.php(213): CodeIgniter\View\View->CodeIgniter\View\{closure}()
#3 C:\xampp\htdocs\app_cafe_amelias\system\Common.php(1089): CodeIgniter\View\View->render('Laporan', Array, true)
#4 C:\xampp\htdocs\app_cafe_amelias\app\Controllers\LaporanController.php(22): view('Laporan', Array)
#5 C:\xampp\htdocs\app_cafe_amelias\system\CodeIgniter.php(825): App\Controllers\LaporanController->tampil()
#6 C:\xampp\htdocs\app_cafe_amelias\system\CodeIgniter.php(412): CodeIgniter\CodeIgniter->runController(Object(App\Controllers\LaporanController))
#7 C:\xampp\htdocs\app_cafe_amelias\system\CodeIgniter.php(320): CodeIgniter\CodeIgniter->handleRequest(NULL, Object(Config\Cache), false)
#8 C:\xampp\htdocs\app_cafe_amelias\public\index.php(37): CodeIgniter\CodeIgniter->run()
#9 C:\xampp\htdocs\app_cafe_amelias\system\Commands\Server\rewrite.php(43): require_once('C:\\xampp\\htdocs...')
#10 {main}
CRITICAL - 2022-03-03 21:13:35 --> Undefined array key "pesanan_id"
#0 C:\xampp\htdocs\app_cafe_amelias\app\Views\Laporan.php(21): CodeIgniter\Debug\Exceptions->errorHandler(2, 'Undefined array...', 'C:\\xampp\\htdocs...', 21)
#1 C:\xampp\htdocs\app_cafe_amelias\system\View\View.php(210): include('C:\\xampp\\htdocs...')
#2 C:\xampp\htdocs\app_cafe_amelias\system\View\View.php(213): CodeIgniter\View\View->CodeIgniter\View\{closure}()
#3 C:\xampp\htdocs\app_cafe_amelias\system\Common.php(1089): CodeIgniter\View\View->render('Laporan', Array, true)
#4 C:\xampp\htdocs\app_cafe_amelias\app\Controllers\LaporanController.php(22): view('Laporan', Array)
#5 C:\xampp\htdocs\app_cafe_amelias\system\CodeIgniter.php(825): App\Controllers\LaporanController->tampil()
#6 C:\xampp\htdocs\app_cafe_amelias\system\CodeIgniter.php(412): CodeIgniter\CodeIgniter->runController(Object(App\Controllers\LaporanController))
#7 C:\xampp\htdocs\app_cafe_amelias\system\CodeIgniter.php(320): CodeIgniter\CodeIgniter->handleRequest(NULL, Object(Config\Cache), false)
#8 C:\xampp\htdocs\app_cafe_amelias\public\index.php(37): CodeIgniter\CodeIgniter->run()
#9 C:\xampp\htdocs\app_cafe_amelias\system\Commands\Server\rewrite.php(43): require_once('C:\\xampp\\htdocs...')
#10 {main}
CRITICAL - 2022-03-03 21:15:18 --> Undefined array key "pesanan_id"
#0 C:\xampp\htdocs\app_cafe_amelias\app\Views\Laporan.php(21): CodeIgniter\Debug\Exceptions->errorHandler(2, 'Undefined array...', 'C:\\xampp\\htdocs...', 21)
#1 C:\xampp\htdocs\app_cafe_amelias\system\View\View.php(210): include('C:\\xampp\\htdocs...')
#2 C:\xampp\htdocs\app_cafe_amelias\system\View\View.php(213): CodeIgniter\View\View->CodeIgniter\View\{closure}()
#3 C:\xampp\htdocs\app_cafe_amelias\system\Common.php(1089): CodeIgniter\View\View->render('Laporan', Array, true)
#4 C:\xampp\htdocs\app_cafe_amelias\app\Controllers\LaporanController.php(22): view('Laporan', Array)
#5 C:\xampp\htdocs\app_cafe_amelias\system\CodeIgniter.php(825): App\Controllers\LaporanController->tampil()
#6 C:\xampp\htdocs\app_cafe_amelias\system\CodeIgniter.php(412): CodeIgniter\CodeIgniter->runController(Object(App\Controllers\LaporanController))
#7 C:\xampp\htdocs\app_cafe_amelias\system\CodeIgniter.php(320): CodeIgniter\CodeIgniter->handleRequest(NULL, Object(Config\Cache), false)
#8 C:\xampp\htdocs\app_cafe_amelias\public\index.php(37): CodeIgniter\CodeIgniter->run()
#9 C:\xampp\htdocs\app_cafe_amelias\system\Commands\Server\rewrite.php(43): require_once('C:\\xampp\\htdocs...')
#10 {main}
CRITICAL - 2022-03-03 21:16:08 --> Undefined array key "pesanan_id"
#0 C:\xampp\htdocs\app_cafe_amelias\app\Views\Laporan.php(21): CodeIgniter\Debug\Exceptions->errorHandler(2, 'Undefined array...', 'C:\\xampp\\htdocs...', 21)
#1 C:\xampp\htdocs\app_cafe_amelias\system\View\View.php(210): include('C:\\xampp\\htdocs...')
#2 C:\xampp\htdocs\app_cafe_amelias\system\View\View.php(213): CodeIgniter\View\View->CodeIgniter\View\{closure}()
#3 C:\xampp\htdocs\app_cafe_amelias\system\Common.php(1089): CodeIgniter\View\View->render('Laporan', Array, true)
#4 C:\xampp\htdocs\app_cafe_amelias\app\Controllers\LaporanController.php(22): view('Laporan', Array)
#5 C:\xampp\htdocs\app_cafe_amelias\system\CodeIgniter.php(825): App\Controllers\LaporanController->tampil()
#6 C:\xampp\htdocs\app_cafe_amelias\system\CodeIgniter.php(412): CodeIgniter\CodeIgniter->runController(Object(App\Controllers\LaporanController))
#7 C:\xampp\htdocs\app_cafe_amelias\system\CodeIgniter.php(320): CodeIgniter\CodeIgniter->handleRequest(NULL, Object(Config\Cache), false)
#8 C:\xampp\htdocs\app_cafe_amelias\public\index.php(37): CodeIgniter\CodeIgniter->run()
#9 C:\xampp\htdocs\app_cafe_amelias\system\Commands\Server\rewrite.php(43): require_once('C:\\xampp\\htdocs...')
#10 {main}
CRITICAL - 2022-03-03 21:17:18 --> Undefined array key "menu_id"
#0 C:\xampp\htdocs\app_cafe_amelias\app\Views\Laporan.php(21): CodeIgniter\Debug\Exceptions->errorHandler(2, 'Undefined array...', 'C:\\xampp\\htdocs...', 21)
#1 C:\xampp\htdocs\app_cafe_amelias\system\View\View.php(210): include('C:\\xampp\\htdocs...')
#2 C:\xampp\htdocs\app_cafe_amelias\system\View\View.php(213): CodeIgniter\View\View->CodeIgniter\View\{closure}()
#3 C:\xampp\htdocs\app_cafe_amelias\system\Common.php(1089): CodeIgniter\View\View->render('Laporan', Array, true)
#4 C:\xampp\htdocs\app_cafe_amelias\app\Controllers\LaporanController.php(22): view('Laporan', Array)
#5 C:\xampp\htdocs\app_cafe_amelias\system\CodeIgniter.php(825): App\Controllers\LaporanController->tampil()
#6 C:\xampp\htdocs\app_cafe_amelias\system\CodeIgniter.php(412): CodeIgniter\CodeIgniter->runController(Object(App\Controllers\LaporanController))
#7 C:\xampp\htdocs\app_cafe_amelias\system\CodeIgniter.php(320): CodeIgniter\CodeIgniter->handleRequest(NULL, Object(Config\Cache), false)
#8 C:\xampp\htdocs\app_cafe_amelias\public\index.php(37): CodeIgniter\CodeIgniter->run()
#9 C:\xampp\htdocs\app_cafe_amelias\system\Commands\Server\rewrite.php(43): require_once('C:\\xampp\\htdocs...')
#10 {main}
