CRITICAL - 2022-02-28 20:00:06 --> Class "codeIgniter\model" not found
#0 C:\xampp\htdocs\app_cafe_amelias\system\Autoloader\Autoloader.php(264): include_once()
#1 C:\xampp\htdocs\app_cafe_amelias\system\Autoloader\Autoloader.php(241): CodeIgniter\Autoloader\Autoloader->includeFile('C:\\xampp\\htdocs...')
#2 C:\xampp\htdocs\app_cafe_amelias\system\Autoloader\Autoloader.php(219): CodeIgniter\Autoloader\Autoloader->loadInNamespace('App\\Models\\Menu...')
#3 C:\xampp\htdocs\app_cafe_amelias\app\Controllers\MenuController.php(17): CodeIgniter\Autoloader\Autoloader->loadClass('App\\Models\\Menu...')
#4 C:\xampp\htdocs\app_cafe_amelias\system\CodeIgniter.php(802): App\Controllers\Menucontroller->__construct()
#5 C:\xampp\htdocs\app_cafe_amelias\system\CodeIgniter.php(403): CodeIgniter\CodeIgniter->createController()
#6 C:\xampp\htdocs\app_cafe_amelias\system\CodeIgniter.php(320): CodeIgniter\CodeIgniter->handleRequest(NULL, Object(Config\Cache), false)
#7 C:\xampp\htdocs\app_cafe_amelias\public\index.php(37): CodeIgniter\CodeIgniter->run()
#8 C:\xampp\htdocs\app_cafe_amelias\system\Commands\Server\rewrite.php(43): require_once('C:\\xampp\\htdocs...')
#9 {main}
CRITICAL - 2022-02-28 20:04:22 --> Class "codeIgniter\model" not found
#0 C:\xampp\htdocs\app_cafe_amelias\system\Autoloader\Autoloader.php(264): include_once()
#1 C:\xampp\htdocs\app_cafe_amelias\system\Autoloader\Autoloader.php(241): CodeIgniter\Autoloader\Autoloader->includeFile('C:\\xampp\\htdocs...')
#2 C:\xampp\htdocs\app_cafe_amelias\system\Autoloader\Autoloader.php(219): CodeIgniter\Autoloader\Autoloader->loadInNamespace('App\\Models\\Menu...')
#3 C:\xampp\htdocs\app_cafe_amelias\app\Controllers\MenuController.php(17): CodeIgniter\Autoloader\Autoloader->loadClass('App\\Models\\Menu...')
#4 C:\xampp\htdocs\app_cafe_amelias\system\CodeIgniter.php(802): App\Controllers\Menucontroller->__construct()
#5 C:\xampp\htdocs\app_cafe_amelias\system\CodeIgniter.php(403): CodeIgniter\CodeIgniter->createController()
#6 C:\xampp\htdocs\app_cafe_amelias\system\CodeIgniter.php(320): CodeIgniter\CodeIgniter->handleRequest(NULL, Object(Config\Cache), false)
#7 C:\xampp\htdocs\app_cafe_amelias\public\index.php(37): CodeIgniter\CodeIgniter->run()
#8 C:\xampp\htdocs\app_cafe_amelias\system\Commands\Server\rewrite.php(43): require_once('C:\\xampp\\htdocs...')
#9 {main}
CRITICAL - 2022-02-28 20:07:50 --> Call to undefined method CodeIgniter\View\View::extends()
#0 C:\xampp\htdocs\app_cafe_amelias\system\View\View.php(210): include()
#1 C:\xampp\htdocs\app_cafe_amelias\system\View\View.php(213): CodeIgniter\View\View->CodeIgniter\View\{closure}()
#2 C:\xampp\htdocs\app_cafe_amelias\system\Common.php(1089): CodeIgniter\View\View->render('MenuList', Array, true)
#3 C:\xampp\htdocs\app_cafe_amelias\app\Controllers\MenuController.php(23): view('MenuList', Array)
#4 C:\xampp\htdocs\app_cafe_amelias\system\CodeIgniter.php(825): App\Controllers\Menucontroller->tampil()
#5 C:\xampp\htdocs\app_cafe_amelias\system\CodeIgniter.php(412): CodeIgniter\CodeIgniter->runController(Object(App\Controllers\Menucontroller))
#6 C:\xampp\htdocs\app_cafe_amelias\system\CodeIgniter.php(320): CodeIgniter\CodeIgniter->handleRequest(NULL, Object(Config\Cache), false)
#7 C:\xampp\htdocs\app_cafe_amelias\public\index.php(37): CodeIgniter\CodeIgniter->run()
#8 C:\xampp\htdocs\app_cafe_amelias\system\Commands\Server\rewrite.php(43): require_once('C:\\xampp\\htdocs...')
#9 {main}
CRITICAL - 2022-02-28 20:08:32 --> Undefined variable $row
#0 C:\xampp\htdocs\app_cafe_amelias\app\Views\MenuList.php(121): CodeIgniter\Debug\Exceptions->errorHandler(2, 'Undefined varia...', 'C:\\xampp\\htdocs...', 121)
#1 C:\xampp\htdocs\app_cafe_amelias\system\View\View.php(210): include('C:\\xampp\\htdocs...')
#2 C:\xampp\htdocs\app_cafe_amelias\system\View\View.php(213): CodeIgniter\View\View->CodeIgniter\View\{closure}()
#3 C:\xampp\htdocs\app_cafe_amelias\system\Common.php(1089): CodeIgniter\View\View->render('MenuList', Array, true)
#4 C:\xampp\htdocs\app_cafe_amelias\app\Controllers\MenuController.php(23): view('MenuList', Array)
#5 C:\xampp\htdocs\app_cafe_amelias\system\CodeIgniter.php(825): App\Controllers\Menucontroller->tampil()
#6 C:\xampp\htdocs\app_cafe_amelias\system\CodeIgniter.php(412): CodeIgniter\CodeIgniter->runController(Object(App\Controllers\Menucontroller))
#7 C:\xampp\htdocs\app_cafe_amelias\system\CodeIgniter.php(320): CodeIgniter\CodeIgniter->handleRequest(NULL, Object(Config\Cache), false)
#8 C:\xampp\htdocs\app_cafe_amelias\public\index.php(37): CodeIgniter\CodeIgniter->run()
#9 C:\xampp\htdocs\app_cafe_amelias\system\Commands\Server\rewrite.php(43): require_once('C:\\xampp\\htdocs...')
#10 {main}
CRITICAL - 2022-02-28 20:09:58 --> Undefined variable $row
#0 C:\xampp\htdocs\app_cafe_amelias\app\Views\MenuList.php(120): CodeIgniter\Debug\Exceptions->errorHandler(2, 'Undefined varia...', 'C:\\xampp\\htdocs...', 120)
#1 C:\xampp\htdocs\app_cafe_amelias\system\View\View.php(210): include('C:\\xampp\\htdocs...')
#2 C:\xampp\htdocs\app_cafe_amelias\system\View\View.php(213): CodeIgniter\View\View->CodeIgniter\View\{closure}()
#3 C:\xampp\htdocs\app_cafe_amelias\system\Common.php(1089): CodeIgniter\View\View->render('MenuList', Array, true)
#4 C:\xampp\htdocs\app_cafe_amelias\app\Controllers\MenuController.php(23): view('MenuList', Array)
#5 C:\xampp\htdocs\app_cafe_amelias\system\CodeIgniter.php(825): App\Controllers\Menucontroller->tampil()
#6 C:\xampp\htdocs\app_cafe_amelias\system\CodeIgniter.php(412): CodeIgniter\CodeIgniter->runController(Object(App\Controllers\Menucontroller))
#7 C:\xampp\htdocs\app_cafe_amelias\system\CodeIgniter.php(320): CodeIgniter\CodeIgniter->handleRequest(NULL, Object(Config\Cache), false)
#8 C:\xampp\htdocs\app_cafe_amelias\public\index.php(37): CodeIgniter\CodeIgniter->run()
#9 C:\xampp\htdocs\app_cafe_amelias\system\Commands\Server\rewrite.php(43): require_once('C:\\xampp\\htdocs...')
#10 {main}
CRITICAL - 2022-02-28 20:11:34 --> Undefined variable $row
#0 C:\xampp\htdocs\app_cafe_amelias\app\Views\MenuList.php(120): CodeIgniter\Debug\Exceptions->errorHandler(2, 'Undefined varia...', 'C:\\xampp\\htdocs...', 120)
#1 C:\xampp\htdocs\app_cafe_amelias\system\View\View.php(210): include('C:\\xampp\\htdocs...')
#2 C:\xampp\htdocs\app_cafe_amelias\system\View\View.php(213): CodeIgniter\View\View->CodeIgniter\View\{closure}()
#3 C:\xampp\htdocs\app_cafe_amelias\system\Common.php(1089): CodeIgniter\View\View->render('MenuList', Array, true)
#4 C:\xampp\htdocs\app_cafe_amelias\app\Controllers\MenuController.php(23): view('MenuList', Array)
#5 C:\xampp\htdocs\app_cafe_amelias\system\CodeIgniter.php(825): App\Controllers\Menucontroller->tampil()
#6 C:\xampp\htdocs\app_cafe_amelias\system\CodeIgniter.php(412): CodeIgniter\CodeIgniter->runController(Object(App\Controllers\Menucontroller))
#7 C:\xampp\htdocs\app_cafe_amelias\system\CodeIgniter.php(320): CodeIgniter\CodeIgniter->handleRequest(NULL, Object(Config\Cache), false)
#8 C:\xampp\htdocs\app_cafe_amelias\public\index.php(37): CodeIgniter\CodeIgniter->run()
#9 C:\xampp\htdocs\app_cafe_amelias\system\Commands\Server\rewrite.php(43): require_once('C:\\xampp\\htdocs...')
#10 {main}
CRITICAL - 2022-02-28 20:12:20 --> Undefined variable $row
#0 C:\xampp\htdocs\app_cafe_amelias\app\Views\MenuList.php(120): CodeIgniter\Debug\Exceptions->errorHandler(2, 'Undefined varia...', 'C:\\xampp\\htdocs...', 120)
#1 C:\xampp\htdocs\app_cafe_amelias\system\View\View.php(210): include('C:\\xampp\\htdocs...')
#2 C:\xampp\htdocs\app_cafe_amelias\system\View\View.php(213): CodeIgniter\View\View->CodeIgniter\View\{closure}()
#3 C:\xampp\htdocs\app_cafe_amelias\system\Common.php(1089): CodeIgniter\View\View->render('MenuList', Array, true)
#4 C:\xampp\htdocs\app_cafe_amelias\app\Controllers\MenuController.php(23): view('MenuList', Array)
#5 C:\xampp\htdocs\app_cafe_amelias\system\CodeIgniter.php(825): App\Controllers\Menucontroller->tampil()
#6 C:\xampp\htdocs\app_cafe_amelias\system\CodeIgniter.php(412): CodeIgniter\CodeIgniter->runController(Object(App\Controllers\Menucontroller))
#7 C:\xampp\htdocs\app_cafe_amelias\system\CodeIgniter.php(320): CodeIgniter\CodeIgniter->handleRequest(NULL, Object(Config\Cache), false)
#8 C:\xampp\htdocs\app_cafe_amelias\public\index.php(37): CodeIgniter\CodeIgniter->run()
#9 C:\xampp\htdocs\app_cafe_amelias\system\Commands\Server\rewrite.php(43): require_once('C:\\xampp\\htdocs...')
#10 {main}
CRITICAL - 2022-02-28 20:17:37 --> Undefined variable $row
#0 C:\xampp\htdocs\app_cafe_amelias\app\Views\MenuList.php(120): CodeIgniter\Debug\Exceptions->errorHandler(2, 'Undefined varia...', 'C:\\xampp\\htdocs...', 120)
#1 C:\xampp\htdocs\app_cafe_amelias\system\View\View.php(210): include('C:\\xampp\\htdocs...')
#2 C:\xampp\htdocs\app_cafe_amelias\system\View\View.php(213): CodeIgniter\View\View->CodeIgniter\View\{closure}()
#3 C:\xampp\htdocs\app_cafe_amelias\system\Common.php(1089): CodeIgniter\View\View->render('MenuList', Array, true)
#4 C:\xampp\htdocs\app_cafe_amelias\app\Controllers\MenuController.php(23): view('MenuList', Array)
#5 C:\xampp\htdocs\app_cafe_amelias\system\CodeIgniter.php(825): App\Controllers\Menucontroller->tampil()
#6 C:\xampp\htdocs\app_cafe_amelias\system\CodeIgniter.php(412): CodeIgniter\CodeIgniter->runController(Object(App\Controllers\Menucontroller))
#7 C:\xampp\htdocs\app_cafe_amelias\system\CodeIgniter.php(320): CodeIgniter\CodeIgniter->handleRequest(NULL, Object(Config\Cache), false)
#8 C:\xampp\htdocs\app_cafe_amelias\public\index.php(37): CodeIgniter\CodeIgniter->run()
#9 C:\xampp\htdocs\app_cafe_amelias\system\Commands\Server\rewrite.php(43): require_once('C:\\xampp\\htdocs...')
#10 {main}
CRITICAL - 2022-02-28 21:09:12 --> Class "App\Controllers\DetailModel" not found
#0 C:\xampp\htdocs\app_cafe_amelias\system\CodeIgniter.php(802): App\Controllers\Pesanancontroller->__construct()
#1 C:\xampp\htdocs\app_cafe_amelias\system\CodeIgniter.php(403): CodeIgniter\CodeIgniter->createController()
#2 C:\xampp\htdocs\app_cafe_amelias\system\CodeIgniter.php(320): CodeIgniter\CodeIgniter->handleRequest(NULL, Object(Config\Cache), false)
#3 C:\xampp\htdocs\app_cafe_amelias\public\index.php(37): CodeIgniter\CodeIgniter->run()
#4 C:\xampp\htdocs\app_cafe_amelias\system\Commands\Server\rewrite.php(43): require_once('C:\\xampp\\htdocs...')
#5 {main}
CRITICAL - 2022-02-28 21:11:01 --> Undefined variable $row
#0 C:\xampp\htdocs\app_cafe_amelias\app\Views\MenuList.php(120): CodeIgniter\Debug\Exceptions->errorHandler(2, 'Undefined varia...', 'C:\\xampp\\htdocs...', 120)
#1 C:\xampp\htdocs\app_cafe_amelias\system\View\View.php(210): include('C:\\xampp\\htdocs...')
#2 C:\xampp\htdocs\app_cafe_amelias\system\View\View.php(213): CodeIgniter\View\View->CodeIgniter\View\{closure}()
#3 C:\xampp\htdocs\app_cafe_amelias\system\Common.php(1089): CodeIgniter\View\View->render('MenuList', Array, true)
#4 C:\xampp\htdocs\app_cafe_amelias\app\Controllers\MenuController.php(23): view('MenuList', Array)
#5 C:\xampp\htdocs\app_cafe_amelias\system\CodeIgniter.php(825): App\Controllers\Menucontroller->tampil()
#6 C:\xampp\htdocs\app_cafe_amelias\system\CodeIgniter.php(412): CodeIgniter\CodeIgniter->runController(Object(App\Controllers\Menucontroller))
#7 C:\xampp\htdocs\app_cafe_amelias\system\CodeIgniter.php(320): CodeIgniter\CodeIgniter->handleRequest(NULL, Object(Config\Cache), false)
#8 C:\xampp\htdocs\app_cafe_amelias\public\index.php(37): CodeIgniter\CodeIgniter->run()
#9 C:\xampp\htdocs\app_cafe_amelias\system\Commands\Server\rewrite.php(43): require_once('C:\\xampp\\htdocs...')
#10 {main}
CRITICAL - 2022-02-28 21:43:57 --> syntax error, unexpected token "if"
#0 C:\xampp\htdocs\app_cafe_amelias\system\Autoloader\Autoloader.php(241): CodeIgniter\Autoloader\Autoloader->includeFile('C:\\xampp\\htdocs...')
#1 C:\xampp\htdocs\app_cafe_amelias\system\Autoloader\Autoloader.php(219): CodeIgniter\Autoloader\Autoloader->loadInNamespace('App\\Controllers...')
#2 [internal function]: CodeIgniter\Autoloader\Autoloader->loadClass('App\\Controllers...')
#3 C:\xampp\htdocs\app_cafe_amelias\system\CodeIgniter.php(790): class_exists('\\App\\Controller...', true)
#4 C:\xampp\htdocs\app_cafe_amelias\system\CodeIgniter.php(399): CodeIgniter\CodeIgniter->startController()
#5 C:\xampp\htdocs\app_cafe_amelias\system\CodeIgniter.php(320): CodeIgniter\CodeIgniter->handleRequest(NULL, Object(Config\Cache), false)
#6 C:\xampp\htdocs\app_cafe_amelias\public\index.php(37): CodeIgniter\CodeIgniter->run()
#7 C:\xampp\htdocs\app_cafe_amelias\system\Commands\Server\rewrite.php(43): require_once('C:\\xampp\\htdocs...')
#8 {main}
CRITICAL - 2022-02-28 21:47:29 --> Class "codeIgniter\model" not found
#0 C:\xampp\htdocs\app_cafe_amelias\system\Autoloader\Autoloader.php(264): include_once()
#1 C:\xampp\htdocs\app_cafe_amelias\system\Autoloader\Autoloader.php(241): CodeIgniter\Autoloader\Autoloader->includeFile('C:\\xampp\\htdocs...')
#2 C:\xampp\htdocs\app_cafe_amelias\system\Autoloader\Autoloader.php(219): CodeIgniter\Autoloader\Autoloader->loadInNamespace('App\\Models\\User...')
#3 C:\xampp\htdocs\app_cafe_amelias\app\Controllers\UserController.php(18): CodeIgniter\Autoloader\Autoloader->loadClass('App\\Models\\User...')
#4 C:\xampp\htdocs\app_cafe_amelias\system\CodeIgniter.php(802): App\Controllers\Usercontroller->__construct()
#5 C:\xampp\htdocs\app_cafe_amelias\system\CodeIgniter.php(403): CodeIgniter\CodeIgniter->createController()
#6 C:\xampp\htdocs\app_cafe_amelias\system\CodeIgniter.php(320): CodeIgniter\CodeIgniter->handleRequest(NULL, Object(Config\Cache), false)
#7 C:\xampp\htdocs\app_cafe_amelias\public\index.php(37): CodeIgniter\CodeIgniter->run()
#8 C:\xampp\htdocs\app_cafe_amelias\system\Commands\Server\rewrite.php(43): require_once('C:\\xampp\\htdocs...')
#9 {main}
CRITICAL - 2022-02-28 21:48:14 --> Undefined property: App\Controllers\Usercontroller::$users
#0 C:\xampp\htdocs\app_cafe_amelias\app\Controllers\UserController.php(23): CodeIgniter\Debug\Exceptions->errorHandler(2, 'Undefined prope...', 'C:\\xampp\\htdocs...', 23)
#1 C:\xampp\htdocs\app_cafe_amelias\system\CodeIgniter.php(825): App\Controllers\Usercontroller->tampil()
#2 C:\xampp\htdocs\app_cafe_amelias\system\CodeIgniter.php(412): CodeIgniter\CodeIgniter->runController(Object(App\Controllers\Usercontroller))
#3 C:\xampp\htdocs\app_cafe_amelias\system\CodeIgniter.php(320): CodeIgniter\CodeIgniter->handleRequest(NULL, Object(Config\Cache), false)
#4 C:\xampp\htdocs\app_cafe_amelias\public\index.php(37): CodeIgniter\CodeIgniter->run()
#5 C:\xampp\htdocs\app_cafe_amelias\system\Commands\Server\rewrite.php(43): require_once('C:\\xampp\\htdocs...')
#6 {main}
CRITICAL - 2022-02-28 21:50:59 --> Call to undefined method CodeIgniter\View\View::extends()
#0 C:\xampp\htdocs\app_cafe_amelias\system\View\View.php(210): include()
#1 C:\xampp\htdocs\app_cafe_amelias\system\View\View.php(213): CodeIgniter\View\View->CodeIgniter\View\{closure}()
#2 C:\xampp\htdocs\app_cafe_amelias\system\Common.php(1089): CodeIgniter\View\View->render('UserList', Array, true)
#3 C:\xampp\htdocs\app_cafe_amelias\app\Controllers\UserController.php(24): view('UserList', Array)
#4 C:\xampp\htdocs\app_cafe_amelias\system\CodeIgniter.php(825): App\Controllers\Usercontroller->tampil()
#5 C:\xampp\htdocs\app_cafe_amelias\system\CodeIgniter.php(412): CodeIgniter\CodeIgniter->runController(Object(App\Controllers\Usercontroller))
#6 C:\xampp\htdocs\app_cafe_amelias\system\CodeIgniter.php(320): CodeIgniter\CodeIgniter->handleRequest(NULL, Object(Config\Cache), false)
#7 C:\xampp\htdocs\app_cafe_amelias\public\index.php(37): CodeIgniter\CodeIgniter->run()
#8 C:\xampp\htdocs\app_cafe_amelias\system\Commands\Server\rewrite.php(43): require_once('C:\\xampp\\htdocs...')
#9 {main}
CRITICAL - 2022-02-28 21:51:43 --> Undefined variable $row
#0 C:\xampp\htdocs\app_cafe_amelias\app\Views\UserList.php(113): CodeIgniter\Debug\Exceptions->errorHandler(2, 'Undefined varia...', 'C:\\xampp\\htdocs...', 113)
#1 C:\xampp\htdocs\app_cafe_amelias\system\View\View.php(210): include('C:\\xampp\\htdocs...')
#2 C:\xampp\htdocs\app_cafe_amelias\system\View\View.php(213): CodeIgniter\View\View->CodeIgniter\View\{closure}()
#3 C:\xampp\htdocs\app_cafe_amelias\system\Common.php(1089): CodeIgniter\View\View->render('UserList', Array, true)
#4 C:\xampp\htdocs\app_cafe_amelias\app\Controllers\UserController.php(24): view('UserList', Array)
#5 C:\xampp\htdocs\app_cafe_amelias\system\CodeIgniter.php(825): App\Controllers\Usercontroller->tampil()
#6 C:\xampp\htdocs\app_cafe_amelias\system\CodeIgniter.php(412): CodeIgniter\CodeIgniter->runController(Object(App\Controllers\Usercontroller))
#7 C:\xampp\htdocs\app_cafe_amelias\system\CodeIgniter.php(320): CodeIgniter\CodeIgniter->handleRequest(NULL, Object(Config\Cache), false)
#8 C:\xampp\htdocs\app_cafe_amelias\public\index.php(37): CodeIgniter\CodeIgniter->run()
#9 C:\xampp\htdocs\app_cafe_amelias\system\Commands\Server\rewrite.php(43): require_once('C:\\xampp\\htdocs...')
#10 {main}
CRITICAL - 2022-02-28 21:58:37 --> Undefined variable $row
#0 C:\xampp\htdocs\app_cafe_amelias\app\Views\UserList.php(113): CodeIgniter\Debug\Exceptions->errorHandler(2, 'Undefined varia...', 'C:\\xampp\\htdocs...', 113)
#1 C:\xampp\htdocs\app_cafe_amelias\system\View\View.php(210): include('C:\\xampp\\htdocs...')
#2 C:\xampp\htdocs\app_cafe_amelias\system\View\View.php(213): CodeIgniter\View\View->CodeIgniter\View\{closure}()
#3 C:\xampp\htdocs\app_cafe_amelias\system\Common.php(1089): CodeIgniter\View\View->render('UserList', Array, true)
#4 C:\xampp\htdocs\app_cafe_amelias\app\Controllers\UserController.php(24): view('UserList', Array)
#5 C:\xampp\htdocs\app_cafe_amelias\system\CodeIgniter.php(825): App\Controllers\Usercontroller->tampil()
#6 C:\xampp\htdocs\app_cafe_amelias\system\CodeIgniter.php(412): CodeIgniter\CodeIgniter->runController(Object(App\Controllers\Usercontroller))
#7 C:\xampp\htdocs\app_cafe_amelias\system\CodeIgniter.php(320): CodeIgniter\CodeIgniter->handleRequest(NULL, Object(Config\Cache), false)
#8 C:\xampp\htdocs\app_cafe_amelias\public\index.php(37): CodeIgniter\CodeIgniter->run()
#9 C:\xampp\htdocs\app_cafe_amelias\system\Commands\Server\rewrite.php(43): require_once('C:\\xampp\\htdocs...')
#10 {main}
CRITICAL - 2022-02-28 21:58:43 --> Undefined variable $row
#0 C:\xampp\htdocs\app_cafe_amelias\app\Views\MenuList.php(120): CodeIgniter\Debug\Exceptions->errorHandler(2, 'Undefined varia...', 'C:\\xampp\\htdocs...', 120)
#1 C:\xampp\htdocs\app_cafe_amelias\system\View\View.php(210): include('C:\\xampp\\htdocs...')
#2 C:\xampp\htdocs\app_cafe_amelias\system\View\View.php(213): CodeIgniter\View\View->CodeIgniter\View\{closure}()
#3 C:\xampp\htdocs\app_cafe_amelias\system\Common.php(1089): CodeIgniter\View\View->render('MenuList', Array, true)
#4 C:\xampp\htdocs\app_cafe_amelias\app\Controllers\MenuController.php(23): view('MenuList', Array)
#5 C:\xampp\htdocs\app_cafe_amelias\system\CodeIgniter.php(825): App\Controllers\Menucontroller->tampil()
#6 C:\xampp\htdocs\app_cafe_amelias\system\CodeIgniter.php(412): CodeIgniter\CodeIgniter->runController(Object(App\Controllers\Menucontroller))
#7 C:\xampp\htdocs\app_cafe_amelias\system\CodeIgniter.php(320): CodeIgniter\CodeIgniter->handleRequest(NULL, Object(Config\Cache), false)
#8 C:\xampp\htdocs\app_cafe_amelias\public\index.php(37): CodeIgniter\CodeIgniter->run()
#9 C:\xampp\htdocs\app_cafe_amelias\system\Commands\Server\rewrite.php(43): require_once('C:\\xampp\\htdocs...')
#10 {main}
CRITICAL - 2022-02-28 22:20:34 --> Undefined variable $row
#0 C:\xampp\htdocs\app_cafe_amelias\app\Views\UserList.php(113): CodeIgniter\Debug\Exceptions->errorHandler(2, 'Undefined varia...', 'C:\\xampp\\htdocs...', 113)
#1 C:\xampp\htdocs\app_cafe_amelias\system\View\View.php(210): include('C:\\xampp\\htdocs...')
#2 C:\xampp\htdocs\app_cafe_amelias\system\View\View.php(213): CodeIgniter\View\View->CodeIgniter\View\{closure}()
#3 C:\xampp\htdocs\app_cafe_amelias\system\Common.php(1089): CodeIgniter\View\View->render('UserList', Array, true)
#4 C:\xampp\htdocs\app_cafe_amelias\app\Controllers\UserController.php(24): view('UserList', Array)
#5 C:\xampp\htdocs\app_cafe_amelias\system\CodeIgniter.php(825): App\Controllers\Usercontroller->tampil()
#6 C:\xampp\htdocs\app_cafe_amelias\system\CodeIgniter.php(412): CodeIgniter\CodeIgniter->runController(Object(App\Controllers\Usercontroller))
#7 C:\xampp\htdocs\app_cafe_amelias\system\CodeIgniter.php(320): CodeIgniter\CodeIgniter->handleRequest(NULL, Object(Config\Cache), false)
#8 C:\xampp\htdocs\app_cafe_amelias\public\index.php(37): CodeIgniter\CodeIgniter->run()
#9 C:\xampp\htdocs\app_cafe_amelias\system\Commands\Server\rewrite.php(43): require_once('C:\\xampp\\htdocs...')
#10 {main}
CRITICAL - 2022-02-28 22:20:40 --> Undefined variable $row
#0 C:\xampp\htdocs\app_cafe_amelias\app\Views\UserList.php(113): CodeIgniter\Debug\Exceptions->errorHandler(2, 'Undefined varia...', 'C:\\xampp\\htdocs...', 113)
#1 C:\xampp\htdocs\app_cafe_amelias\system\View\View.php(210): include('C:\\xampp\\htdocs...')
#2 C:\xampp\htdocs\app_cafe_amelias\system\View\View.php(213): CodeIgniter\View\View->CodeIgniter\View\{closure}()
#3 C:\xampp\htdocs\app_cafe_amelias\system\Common.php(1089): CodeIgniter\View\View->render('UserList', Array, true)
#4 C:\xampp\htdocs\app_cafe_amelias\app\Controllers\UserController.php(24): view('UserList', Array)
#5 C:\xampp\htdocs\app_cafe_amelias\system\CodeIgniter.php(825): App\Controllers\Usercontroller->tampil()
#6 C:\xampp\htdocs\app_cafe_amelias\system\CodeIgniter.php(412): CodeIgniter\CodeIgniter->runController(Object(App\Controllers\Usercontroller))
#7 C:\xampp\htdocs\app_cafe_amelias\system\CodeIgniter.php(320): CodeIgniter\CodeIgniter->handleRequest(NULL, Object(Config\Cache), false)
#8 C:\xampp\htdocs\app_cafe_amelias\public\index.php(37): CodeIgniter\CodeIgniter->run()
#9 C:\xampp\htdocs\app_cafe_amelias\system\Commands\Server\rewrite.php(43): require_once('C:\\xampp\\htdocs...')
#10 {main}
