CRITICAL - 2022-02-22 18:23:34 --> Invalid file: dashboard.php
#0 C:\xampp\htdocs\app_cafe_amelia\system\View\View.php(198): CodeIgniter\Exceptions\FrameworkException::forInvalidFile('dashboard.php')
#1 C:\xampp\htdocs\app_cafe_amelia\system\Common.php(1089): CodeIgniter\View\View->render('dashboard', Array, true)
#2 C:\xampp\htdocs\app_cafe_amelia\app\Controllers\Home.php(9): view('dashboard')
#3 C:\xampp\htdocs\app_cafe_amelia\system\CodeIgniter.php(825): App\Controllers\Home->index()
#4 C:\xampp\htdocs\app_cafe_amelia\system\CodeIgniter.php(412): CodeIgniter\CodeIgniter->runController(Object(App\Controllers\Home))
#5 C:\xampp\htdocs\app_cafe_amelia\system\CodeIgniter.php(320): CodeIgniter\CodeIgniter->handleRequest(NULL, Object(Config\Cache), false)
#6 C:\xampp\htdocs\app_cafe_amelia\public\index.php(37): CodeIgniter\CodeIgniter->run()
#7 C:\xampp\htdocs\app_cafe_amelia\system\Commands\Server\rewrite.php(43): require_once('C:\\xampp\\htdocs...')
#8 {main}
CRITICAL - 2022-02-22 20:29:15 --> Invalid file: dashboard.php
#0 C:\xampp\htdocs\app_cafe_amelia\system\View\View.php(198): CodeIgniter\Exceptions\FrameworkException::forInvalidFile('dashboard.php')
#1 C:\xampp\htdocs\app_cafe_amelia\system\Common.php(1089): CodeIgniter\View\View->render('dashboard', Array, true)
#2 C:\xampp\htdocs\app_cafe_amelia\app\Controllers\Home.php(9): view('dashboard')
#3 C:\xampp\htdocs\app_cafe_amelia\system\CodeIgniter.php(825): App\Controllers\Home->index()
#4 C:\xampp\htdocs\app_cafe_amelia\system\CodeIgniter.php(412): CodeIgniter\CodeIgniter->runController(Object(App\Controllers\Home))
#5 C:\xampp\htdocs\app_cafe_amelia\system\CodeIgniter.php(320): CodeIgniter\CodeIgniter->handleRequest(NULL, Object(Config\Cache), false)
#6 C:\xampp\htdocs\app_cafe_amelia\public\index.php(37): CodeIgniter\CodeIgniter->run()
#7 C:\xampp\htdocs\app_cafe_amelia\system\Commands\Server\rewrite.php(43): require_once('C:\\xampp\\htdocs...')
#8 {main}
CRITICAL - 2022-02-22 20:44:33 --> Invalid file: dashboard.php
#0 C:\xampp\htdocs\app_cafe_amelia\system\View\View.php(198): CodeIgniter\Exceptions\FrameworkException::forInvalidFile('dashboard.php')
#1 C:\xampp\htdocs\app_cafe_amelia\system\Common.php(1089): CodeIgniter\View\View->render('dashboard', Array, true)
#2 C:\xampp\htdocs\app_cafe_amelia\app\Controllers\Home.php(9): view('dashboard')
#3 C:\xampp\htdocs\app_cafe_amelia\system\CodeIgniter.php(825): App\Controllers\Home->index()
#4 C:\xampp\htdocs\app_cafe_amelia\system\CodeIgniter.php(412): CodeIgniter\CodeIgniter->runController(Object(App\Controllers\Home))
#5 C:\xampp\htdocs\app_cafe_amelia\system\CodeIgniter.php(320): CodeIgniter\CodeIgniter->handleRequest(NULL, Object(Config\Cache), false)
#6 C:\xampp\htdocs\app_cafe_amelia\public\index.php(37): CodeIgniter\CodeIgniter->run()
#7 C:\xampp\htdocs\app_cafe_amelia\system\Commands\Server\rewrite.php(43): require_once('C:\\xampp\\htdocs...')
#8 {main}
CRITICAL - 2022-02-22 20:44:35 --> Invalid file: dashboard.php
#0 C:\xampp\htdocs\app_cafe_amelia\system\View\View.php(198): CodeIgniter\Exceptions\FrameworkException::forInvalidFile('dashboard.php')
#1 C:\xampp\htdocs\app_cafe_amelia\system\Common.php(1089): CodeIgniter\View\View->render('dashboard', Array, true)
#2 C:\xampp\htdocs\app_cafe_amelia\app\Controllers\Home.php(9): view('dashboard')
#3 C:\xampp\htdocs\app_cafe_amelia\system\CodeIgniter.php(825): App\Controllers\Home->index()
#4 C:\xampp\htdocs\app_cafe_amelia\system\CodeIgniter.php(412): CodeIgniter\CodeIgniter->runController(Object(App\Controllers\Home))
#5 C:\xampp\htdocs\app_cafe_amelia\system\CodeIgniter.php(320): CodeIgniter\CodeIgniter->handleRequest(NULL, Object(Config\Cache), false)
#6 C:\xampp\htdocs\app_cafe_amelia\public\index.php(37): CodeIgniter\CodeIgniter->run()
#7 C:\xampp\htdocs\app_cafe_amelia\system\Commands\Server\rewrite.php(43): require_once('C:\\xampp\\htdocs...')
#8 {main}
CRITICAL - 2022-02-22 20:44:35 --> Invalid file: dashboard.php
#0 C:\xampp\htdocs\app_cafe_amelia\system\View\View.php(198): CodeIgniter\Exceptions\FrameworkException::forInvalidFile('dashboard.php')
#1 C:\xampp\htdocs\app_cafe_amelia\system\Common.php(1089): CodeIgniter\View\View->render('dashboard', Array, true)
#2 C:\xampp\htdocs\app_cafe_amelia\app\Controllers\Home.php(9): view('dashboard')
#3 C:\xampp\htdocs\app_cafe_amelia\system\CodeIgniter.php(825): App\Controllers\Home->index()
#4 C:\xampp\htdocs\app_cafe_amelia\system\CodeIgniter.php(412): CodeIgniter\CodeIgniter->runController(Object(App\Controllers\Home))
#5 C:\xampp\htdocs\app_cafe_amelia\system\CodeIgniter.php(320): CodeIgniter\CodeIgniter->handleRequest(NULL, Object(Config\Cache), false)
#6 C:\xampp\htdocs\app_cafe_amelia\public\index.php(37): CodeIgniter\CodeIgniter->run()
#7 C:\xampp\htdocs\app_cafe_amelia\system\Commands\Server\rewrite.php(43): require_once('C:\\xampp\\htdocs...')
#8 {main}
CRITICAL - 2022-02-22 20:44:35 --> Invalid file: dashboard.php
#0 C:\xampp\htdocs\app_cafe_amelia\system\View\View.php(198): CodeIgniter\Exceptions\FrameworkException::forInvalidFile('dashboard.php')
#1 C:\xampp\htdocs\app_cafe_amelia\system\Common.php(1089): CodeIgniter\View\View->render('dashboard', Array, true)
#2 C:\xampp\htdocs\app_cafe_amelia\app\Controllers\Home.php(9): view('dashboard')
#3 C:\xampp\htdocs\app_cafe_amelia\system\CodeIgniter.php(825): App\Controllers\Home->index()
#4 C:\xampp\htdocs\app_cafe_amelia\system\CodeIgniter.php(412): CodeIgniter\CodeIgniter->runController(Object(App\Controllers\Home))
#5 C:\xampp\htdocs\app_cafe_amelia\system\CodeIgniter.php(320): CodeIgniter\CodeIgniter->handleRequest(NULL, Object(Config\Cache), false)
#6 C:\xampp\htdocs\app_cafe_amelia\public\index.php(37): CodeIgniter\CodeIgniter->run()
#7 C:\xampp\htdocs\app_cafe_amelia\system\Commands\Server\rewrite.php(43): require_once('C:\\xampp\\htdocs...')
#8 {main}
CRITICAL - 2022-02-22 20:44:35 --> Invalid file: dashboard.php
#0 C:\xampp\htdocs\app_cafe_amelia\system\View\View.php(198): CodeIgniter\Exceptions\FrameworkException::forInvalidFile('dashboard.php')
#1 C:\xampp\htdocs\app_cafe_amelia\system\Common.php(1089): CodeIgniter\View\View->render('dashboard', Array, true)
#2 C:\xampp\htdocs\app_cafe_amelia\app\Controllers\Home.php(9): view('dashboard')
#3 C:\xampp\htdocs\app_cafe_amelia\system\CodeIgniter.php(825): App\Controllers\Home->index()
#4 C:\xampp\htdocs\app_cafe_amelia\system\CodeIgniter.php(412): CodeIgniter\CodeIgniter->runController(Object(App\Controllers\Home))
#5 C:\xampp\htdocs\app_cafe_amelia\system\CodeIgniter.php(320): CodeIgniter\CodeIgniter->handleRequest(NULL, Object(Config\Cache), false)
#6 C:\xampp\htdocs\app_cafe_amelia\public\index.php(37): CodeIgniter\CodeIgniter->run()
#7 C:\xampp\htdocs\app_cafe_amelia\system\Commands\Server\rewrite.php(43): require_once('C:\\xampp\\htdocs...')
#8 {main}
CRITICAL - 2022-02-22 20:44:35 --> Invalid file: dashboard.php
#0 C:\xampp\htdocs\app_cafe_amelia\system\View\View.php(198): CodeIgniter\Exceptions\FrameworkException::forInvalidFile('dashboard.php')
#1 C:\xampp\htdocs\app_cafe_amelia\system\Common.php(1089): CodeIgniter\View\View->render('dashboard', Array, true)
#2 C:\xampp\htdocs\app_cafe_amelia\app\Controllers\Home.php(9): view('dashboard')
#3 C:\xampp\htdocs\app_cafe_amelia\system\CodeIgniter.php(825): App\Controllers\Home->index()
#4 C:\xampp\htdocs\app_cafe_amelia\system\CodeIgniter.php(412): CodeIgniter\CodeIgniter->runController(Object(App\Controllers\Home))
#5 C:\xampp\htdocs\app_cafe_amelia\system\CodeIgniter.php(320): CodeIgniter\CodeIgniter->handleRequest(NULL, Object(Config\Cache), false)
#6 C:\xampp\htdocs\app_cafe_amelia\public\index.php(37): CodeIgniter\CodeIgniter->run()
#7 C:\xampp\htdocs\app_cafe_amelia\system\Commands\Server\rewrite.php(43): require_once('C:\\xampp\\htdocs...')
#8 {main}
CRITICAL - 2022-02-22 20:46:01 --> Invalid file: dashboard.php
#0 C:\xampp\htdocs\app_cafe_amelia\system\View\View.php(198): CodeIgniter\Exceptions\FrameworkException::forInvalidFile('dashboard.php')
#1 C:\xampp\htdocs\app_cafe_amelia\system\Common.php(1089): CodeIgniter\View\View->render('dashboard', Array, true)
#2 C:\xampp\htdocs\app_cafe_amelia\app\Controllers\Home.php(9): view('dashboard')
#3 C:\xampp\htdocs\app_cafe_amelia\system\CodeIgniter.php(825): App\Controllers\Home->index()
#4 C:\xampp\htdocs\app_cafe_amelia\system\CodeIgniter.php(412): CodeIgniter\CodeIgniter->runController(Object(App\Controllers\Home))
#5 C:\xampp\htdocs\app_cafe_amelia\system\CodeIgniter.php(320): CodeIgniter\CodeIgniter->handleRequest(NULL, Object(Config\Cache), false)
#6 C:\xampp\htdocs\app_cafe_amelia\public\index.php(37): CodeIgniter\CodeIgniter->run()
#7 C:\xampp\htdocs\app_cafe_amelia\system\Commands\Server\rewrite.php(43): require_once('C:\\xampp\\htdocs...')
#8 {main}
CRITICAL - 2022-02-22 21:24:44 --> Invalid file: dashboard.php
#0 C:\xampp\htdocs\app_cafe_amelia\system\View\View.php(198): CodeIgniter\Exceptions\FrameworkException::forInvalidFile('dashboard.php')
#1 C:\xampp\htdocs\app_cafe_amelia\system\Common.php(1089): CodeIgniter\View\View->render('dashboard', Array, true)
#2 C:\xampp\htdocs\app_cafe_amelia\app\Controllers\Home.php(9): view('dashboard')
#3 C:\xampp\htdocs\app_cafe_amelia\system\CodeIgniter.php(825): App\Controllers\Home->index()
#4 C:\xampp\htdocs\app_cafe_amelia\system\CodeIgniter.php(412): CodeIgniter\CodeIgniter->runController(Object(App\Controllers\Home))
#5 C:\xampp\htdocs\app_cafe_amelia\system\CodeIgniter.php(320): CodeIgniter\CodeIgniter->handleRequest(NULL, Object(Config\Cache), false)
#6 C:\xampp\htdocs\app_cafe_amelia\public\index.php(37): CodeIgniter\CodeIgniter->run()
#7 C:\xampp\htdocs\app_cafe_amelia\system\Commands\Server\rewrite.php(43): require_once('C:\\xampp\\htdocs...')
#8 {main}
CRITICAL - 2022-02-22 22:37:03 --> Invalid file: dashboard.php
#0 C:\xampp\htdocs\app_cafe_amelia\system\View\View.php(198): CodeIgniter\Exceptions\FrameworkException::forInvalidFile('dashboard.php')
#1 C:\xampp\htdocs\app_cafe_amelia\system\Common.php(1089): CodeIgniter\View\View->render('dashboard', Array, true)
#2 C:\xampp\htdocs\app_cafe_amelia\app\Controllers\Home.php(9): view('dashboard')
#3 C:\xampp\htdocs\app_cafe_amelia\system\CodeIgniter.php(825): App\Controllers\Home->index()
#4 C:\xampp\htdocs\app_cafe_amelia\system\CodeIgniter.php(412): CodeIgniter\CodeIgniter->runController(Object(App\Controllers\Home))
#5 C:\xampp\htdocs\app_cafe_amelia\system\CodeIgniter.php(320): CodeIgniter\CodeIgniter->handleRequest(NULL, Object(Config\Cache), false)
#6 C:\xampp\htdocs\app_cafe_amelia\public\index.php(37): CodeIgniter\CodeIgniter->run()
#7 C:\xampp\htdocs\app_cafe_amelia\system\Commands\Server\rewrite.php(43): require_once('C:\\xampp\\htdocs...')
#8 {main}
CRITICAL - 2022-02-22 22:38:16 --> Invalid file: Dashboard.php
#0 C:\xampp\htdocs\app_cafe_amelia\system\View\View.php(198): CodeIgniter\Exceptions\FrameworkException::forInvalidFile('Dashboard.php')
#1 C:\xampp\htdocs\app_cafe_amelia\system\Common.php(1089): CodeIgniter\View\View->render('Dashboard', Array, true)
#2 C:\xampp\htdocs\app_cafe_amelia\app\Controllers\Home.php(9): view('Dashboard')
#3 C:\xampp\htdocs\app_cafe_amelia\system\CodeIgniter.php(825): App\Controllers\Home->index()
#4 C:\xampp\htdocs\app_cafe_amelia\system\CodeIgniter.php(412): CodeIgniter\CodeIgniter->runController(Object(App\Controllers\Home))
#5 C:\xampp\htdocs\app_cafe_amelia\system\CodeIgniter.php(320): CodeIgniter\CodeIgniter->handleRequest(NULL, Object(Config\Cache), false)
#6 C:\xampp\htdocs\app_cafe_amelia\public\index.php(37): CodeIgniter\CodeIgniter->run()
#7 C:\xampp\htdocs\app_cafe_amelia\system\Commands\Server\rewrite.php(43): require_once('C:\\xampp\\htdocs...')
#8 {main}
CRITICAL - 2022-02-22 22:39:57 --> Invalid file: Dashboard.php
#0 C:\xampp\htdocs\app_cafe_amelia\system\View\View.php(198): CodeIgniter\Exceptions\FrameworkException::forInvalidFile('Dashboard.php')
#1 C:\xampp\htdocs\app_cafe_amelia\system\Common.php(1089): CodeIgniter\View\View->render('Dashboard', Array, true)
#2 C:\xampp\htdocs\app_cafe_amelia\app\Controllers\Home.php(9): view('Dashboard')
#3 C:\xampp\htdocs\app_cafe_amelia\system\CodeIgniter.php(825): App\Controllers\Home->index()
#4 C:\xampp\htdocs\app_cafe_amelia\system\CodeIgniter.php(412): CodeIgniter\CodeIgniter->runController(Object(App\Controllers\Home))
#5 C:\xampp\htdocs\app_cafe_amelia\system\CodeIgniter.php(320): CodeIgniter\CodeIgniter->handleRequest(NULL, Object(Config\Cache), false)
#6 C:\xampp\htdocs\app_cafe_amelia\public\index.php(37): CodeIgniter\CodeIgniter->run()
#7 C:\xampp\htdocs\app_cafe_amelia\system\Commands\Server\rewrite.php(43): require_once('C:\\xampp\\htdocs...')
#8 {main}
CRITICAL - 2022-02-22 22:39:57 --> Invalid file: Dashboard.php
#0 C:\xampp\htdocs\app_cafe_amelia\system\View\View.php(198): CodeIgniter\Exceptions\FrameworkException::forInvalidFile('Dashboard.php')
#1 C:\xampp\htdocs\app_cafe_amelia\system\Common.php(1089): CodeIgniter\View\View->render('Dashboard', Array, true)
#2 C:\xampp\htdocs\app_cafe_amelia\app\Controllers\Home.php(9): view('Dashboard')
#3 C:\xampp\htdocs\app_cafe_amelia\system\CodeIgniter.php(825): App\Controllers\Home->index()
#4 C:\xampp\htdocs\app_cafe_amelia\system\CodeIgniter.php(412): CodeIgniter\CodeIgniter->runController(Object(App\Controllers\Home))
#5 C:\xampp\htdocs\app_cafe_amelia\system\CodeIgniter.php(320): CodeIgniter\CodeIgniter->handleRequest(NULL, Object(Config\Cache), false)
#6 C:\xampp\htdocs\app_cafe_amelia\public\index.php(37): CodeIgniter\CodeIgniter->run()
#7 C:\xampp\htdocs\app_cafe_amelia\system\Commands\Server\rewrite.php(43): require_once('C:\\xampp\\htdocs...')
#8 {main}
CRITICAL - 2022-02-22 22:39:58 --> Invalid file: Dashboard.php
#0 C:\xampp\htdocs\app_cafe_amelia\system\View\View.php(198): CodeIgniter\Exceptions\FrameworkException::forInvalidFile('Dashboard.php')
#1 C:\xampp\htdocs\app_cafe_amelia\system\Common.php(1089): CodeIgniter\View\View->render('Dashboard', Array, true)
#2 C:\xampp\htdocs\app_cafe_amelia\app\Controllers\Home.php(9): view('Dashboard')
#3 C:\xampp\htdocs\app_cafe_amelia\system\CodeIgniter.php(825): App\Controllers\Home->index()
#4 C:\xampp\htdocs\app_cafe_amelia\system\CodeIgniter.php(412): CodeIgniter\CodeIgniter->runController(Object(App\Controllers\Home))
#5 C:\xampp\htdocs\app_cafe_amelia\system\CodeIgniter.php(320): CodeIgniter\CodeIgniter->handleRequest(NULL, Object(Config\Cache), false)
#6 C:\xampp\htdocs\app_cafe_amelia\public\index.php(37): CodeIgniter\CodeIgniter->run()
#7 C:\xampp\htdocs\app_cafe_amelia\system\Commands\Server\rewrite.php(43): require_once('C:\\xampp\\htdocs...')
#8 {main}
CRITICAL - 2022-02-22 22:40:59 --> Invalid file: Dashboard.php
#0 C:\xampp\htdocs\app_cafe_amelia\system\View\View.php(198): CodeIgniter\Exceptions\FrameworkException::forInvalidFile('Dashboard.php')
#1 C:\xampp\htdocs\app_cafe_amelia\system\Common.php(1089): CodeIgniter\View\View->render('Dashboard', Array, true)
#2 C:\xampp\htdocs\app_cafe_amelia\app\Controllers\Home.php(9): view('Dashboard')
#3 C:\xampp\htdocs\app_cafe_amelia\system\CodeIgniter.php(825): App\Controllers\Home->index()
#4 C:\xampp\htdocs\app_cafe_amelia\system\CodeIgniter.php(412): CodeIgniter\CodeIgniter->runController(Object(App\Controllers\Home))
#5 C:\xampp\htdocs\app_cafe_amelia\system\CodeIgniter.php(320): CodeIgniter\CodeIgniter->handleRequest(NULL, Object(Config\Cache), false)
#6 C:\xampp\htdocs\app_cafe_amelia\public\index.php(37): CodeIgniter\CodeIgniter->run()
#7 C:\xampp\htdocs\app_cafe_amelia\system\Commands\Server\rewrite.php(43): require_once('C:\\xampp\\htdocs...')
#8 {main}
CRITICAL - 2022-02-22 22:45:11 --> Invalid file: Dashboard.php
#0 C:\xampp\htdocs\app_cafe_amelia\system\View\View.php(198): CodeIgniter\Exceptions\FrameworkException::forInvalidFile('Dashboard.php')
#1 C:\xampp\htdocs\app_cafe_amelia\system\Common.php(1089): CodeIgniter\View\View->render('Dashboard', Array, true)
#2 C:\xampp\htdocs\app_cafe_amelia\app\Controllers\Home.php(9): view('Dashboard')
#3 C:\xampp\htdocs\app_cafe_amelia\system\CodeIgniter.php(825): App\Controllers\Home->index()
#4 C:\xampp\htdocs\app_cafe_amelia\system\CodeIgniter.php(412): CodeIgniter\CodeIgniter->runController(Object(App\Controllers\Home))
#5 C:\xampp\htdocs\app_cafe_amelia\system\CodeIgniter.php(320): CodeIgniter\CodeIgniter->handleRequest(NULL, Object(Config\Cache), false)
#6 C:\xampp\htdocs\app_cafe_amelia\public\index.php(37): CodeIgniter\CodeIgniter->run()
#7 C:\xampp\htdocs\app_cafe_amelia\system\Commands\Server\rewrite.php(43): require_once('C:\\xampp\\htdocs...')
#8 {main}
CRITICAL - 2022-02-22 22:45:12 --> Invalid file: Dashboard.php
#0 C:\xampp\htdocs\app_cafe_amelia\system\View\View.php(198): CodeIgniter\Exceptions\FrameworkException::forInvalidFile('Dashboard.php')
#1 C:\xampp\htdocs\app_cafe_amelia\system\Common.php(1089): CodeIgniter\View\View->render('Dashboard', Array, true)
#2 C:\xampp\htdocs\app_cafe_amelia\app\Controllers\Home.php(9): view('Dashboard')
#3 C:\xampp\htdocs\app_cafe_amelia\system\CodeIgniter.php(825): App\Controllers\Home->index()
#4 C:\xampp\htdocs\app_cafe_amelia\system\CodeIgniter.php(412): CodeIgniter\CodeIgniter->runController(Object(App\Controllers\Home))
#5 C:\xampp\htdocs\app_cafe_amelia\system\CodeIgniter.php(320): CodeIgniter\CodeIgniter->handleRequest(NULL, Object(Config\Cache), false)
#6 C:\xampp\htdocs\app_cafe_amelia\public\index.php(37): CodeIgniter\CodeIgniter->run()
#7 C:\xampp\htdocs\app_cafe_amelia\system\Commands\Server\rewrite.php(43): require_once('C:\\xampp\\htdocs...')
#8 {main}
CRITICAL - 2022-02-22 22:45:12 --> Invalid file: Dashboard.php
#0 C:\xampp\htdocs\app_cafe_amelia\system\View\View.php(198): CodeIgniter\Exceptions\FrameworkException::forInvalidFile('Dashboard.php')
#1 C:\xampp\htdocs\app_cafe_amelia\system\Common.php(1089): CodeIgniter\View\View->render('Dashboard', Array, true)
#2 C:\xampp\htdocs\app_cafe_amelia\app\Controllers\Home.php(9): view('Dashboard')
#3 C:\xampp\htdocs\app_cafe_amelia\system\CodeIgniter.php(825): App\Controllers\Home->index()
#4 C:\xampp\htdocs\app_cafe_amelia\system\CodeIgniter.php(412): CodeIgniter\CodeIgniter->runController(Object(App\Controllers\Home))
#5 C:\xampp\htdocs\app_cafe_amelia\system\CodeIgniter.php(320): CodeIgniter\CodeIgniter->handleRequest(NULL, Object(Config\Cache), false)
#6 C:\xampp\htdocs\app_cafe_amelia\public\index.php(37): CodeIgniter\CodeIgniter->run()
#7 C:\xampp\htdocs\app_cafe_amelia\system\Commands\Server\rewrite.php(43): require_once('C:\\xampp\\htdocs...')
#8 {main}
CRITICAL - 2022-02-22 22:45:12 --> Invalid file: Dashboard.php
#0 C:\xampp\htdocs\app_cafe_amelia\system\View\View.php(198): CodeIgniter\Exceptions\FrameworkException::forInvalidFile('Dashboard.php')
#1 C:\xampp\htdocs\app_cafe_amelia\system\Common.php(1089): CodeIgniter\View\View->render('Dashboard', Array, true)
#2 C:\xampp\htdocs\app_cafe_amelia\app\Controllers\Home.php(9): view('Dashboard')
#3 C:\xampp\htdocs\app_cafe_amelia\system\CodeIgniter.php(825): App\Controllers\Home->index()
#4 C:\xampp\htdocs\app_cafe_amelia\system\CodeIgniter.php(412): CodeIgniter\CodeIgniter->runController(Object(App\Controllers\Home))
#5 C:\xampp\htdocs\app_cafe_amelia\system\CodeIgniter.php(320): CodeIgniter\CodeIgniter->handleRequest(NULL, Object(Config\Cache), false)
#6 C:\xampp\htdocs\app_cafe_amelia\public\index.php(37): CodeIgniter\CodeIgniter->run()
#7 C:\xampp\htdocs\app_cafe_amelia\system\Commands\Server\rewrite.php(43): require_once('C:\\xampp\\htdocs...')
#8 {main}
