CRITICAL - 2022-03-01 18:09:34 --> Undefined variable $id
#0 C:\xampp\htdocs\app_cafe_amelias\app\Controllers\MenuController.php(35): CodeIgniter\Debug\Exceptions->errorHandler(2, 'Undefined varia...', 'C:\\xampp\\htdocs...', 35)
#1 C:\xampp\htdocs\app_cafe_amelias\system\CodeIgniter.php(825): App\Controllers\MenuController->simpan()
#2 C:\xampp\htdocs\app_cafe_amelias\system\CodeIgniter.php(412): CodeIgniter\CodeIgniter->runController(Object(App\Controllers\MenuController))
#3 C:\xampp\htdocs\app_cafe_amelias\system\CodeIgniter.php(320): CodeIgniter\CodeIgniter->handleRequest(NULL, Object(Config\Cache), false)
#4 C:\xampp\htdocs\app_cafe_amelias\public\index.php(37): CodeIgniter\CodeIgniter->run()
#5 C:\xampp\htdocs\app_cafe_amelias\system\Commands\Server\rewrite.php(43): require_once('C:\\xampp\\htdocs...')
#6 {main}
ERROR - 2022-03-01 18:11:05 --> Column 'gambar' cannot be null
CRITICAL - 2022-03-01 18:11:05 --> Column 'gambar' cannot be null
#0 C:\xampp\htdocs\app_cafe_amelias\system\Database\MySQLi\Connection.php(292): mysqli->query('INSERT INTO `tb...', 0)
#1 C:\xampp\htdocs\app_cafe_amelias\system\Database\BaseConnection.php(670): CodeIgniter\Database\MySQLi\Connection->execute('INSERT INTO `tb...')
#2 C:\xampp\htdocs\app_cafe_amelias\system\Database\BaseConnection.php(598): CodeIgniter\Database\BaseConnection->simpleQuery('INSERT INTO `tb...')
#3 C:\xampp\htdocs\app_cafe_amelias\system\Database\BaseBuilder.php(1771): CodeIgniter\Database\BaseConnection->query('INSERT INTO `tb...', Array, false)
#4 C:\xampp\htdocs\app_cafe_amelias\system\Model.php(239): CodeIgniter\Database\BaseBuilder->insert()
#5 C:\xampp\htdocs\app_cafe_amelias\system\BaseModel.php(738): CodeIgniter\Model->doInsert(Array)
#6 C:\xampp\htdocs\app_cafe_amelias\system\Model.php(625): CodeIgniter\BaseModel->insert(Array, true)
#7 C:\xampp\htdocs\app_cafe_amelias\app\Controllers\MenuController.php(35): CodeIgniter\Model->insert(Array)
#8 C:\xampp\htdocs\app_cafe_amelias\system\CodeIgniter.php(825): App\Controllers\MenuController->simpan()
#9 C:\xampp\htdocs\app_cafe_amelias\system\CodeIgniter.php(412): CodeIgniter\CodeIgniter->runController(Object(App\Controllers\MenuController))
#10 C:\xampp\htdocs\app_cafe_amelias\system\CodeIgniter.php(320): CodeIgniter\CodeIgniter->handleRequest(NULL, Object(Config\Cache), false)
#11 C:\xampp\htdocs\app_cafe_amelias\public\index.php(37): CodeIgniter\CodeIgniter->run()
#12 C:\xampp\htdocs\app_cafe_amelias\system\Commands\Server\rewrite.php(43): require_once('C:\\xampp\\htdocs...')
#13 {main}
ERROR - 2022-03-01 18:12:05 --> Column 'gambar' cannot be null
CRITICAL - 2022-03-01 18:12:05 --> Column 'gambar' cannot be null
#0 C:\xampp\htdocs\app_cafe_amelias\system\Database\MySQLi\Connection.php(292): mysqli->query('INSERT INTO `tb...', 0)
#1 C:\xampp\htdocs\app_cafe_amelias\system\Database\BaseConnection.php(670): CodeIgniter\Database\MySQLi\Connection->execute('INSERT INTO `tb...')
#2 C:\xampp\htdocs\app_cafe_amelias\system\Database\BaseConnection.php(598): CodeIgniter\Database\BaseConnection->simpleQuery('INSERT INTO `tb...')
#3 C:\xampp\htdocs\app_cafe_amelias\system\Database\BaseBuilder.php(1771): CodeIgniter\Database\BaseConnection->query('INSERT INTO `tb...', Array, false)
#4 C:\xampp\htdocs\app_cafe_amelias\system\Model.php(239): CodeIgniter\Database\BaseBuilder->insert()
#5 C:\xampp\htdocs\app_cafe_amelias\system\BaseModel.php(738): CodeIgniter\Model->doInsert(Array)
#6 C:\xampp\htdocs\app_cafe_amelias\system\Model.php(625): CodeIgniter\BaseModel->insert(Array, true)
#7 C:\xampp\htdocs\app_cafe_amelias\app\Controllers\MenuController.php(35): CodeIgniter\Model->insert(Array)
#8 C:\xampp\htdocs\app_cafe_amelias\system\CodeIgniter.php(825): App\Controllers\MenuController->simpan()
#9 C:\xampp\htdocs\app_cafe_amelias\system\CodeIgniter.php(412): CodeIgniter\CodeIgniter->runController(Object(App\Controllers\MenuController))
#10 C:\xampp\htdocs\app_cafe_amelias\system\CodeIgniter.php(320): CodeIgniter\CodeIgniter->handleRequest(NULL, Object(Config\Cache), false)
#11 C:\xampp\htdocs\app_cafe_amelias\public\index.php(37): CodeIgniter\CodeIgniter->run()
#12 C:\xampp\htdocs\app_cafe_amelias\system\Commands\Server\rewrite.php(43): require_once('C:\\xampp\\htdocs...')
#13 {main}
CRITICAL - 2022-03-01 18:54:19 --> Undefined variable $harga
#0 C:\xampp\htdocs\app_cafe_amelias\app\Controllers\PesananController.php(47): CodeIgniter\Debug\Exceptions->errorHandler(2, 'Undefined varia...', 'C:\\xampp\\htdocs...', 47)
#1 C:\xampp\htdocs\app_cafe_amelias\system\CodeIgniter.php(825): App\Controllers\Pesanancontroller->addCart()
#2 C:\xampp\htdocs\app_cafe_amelias\system\CodeIgniter.php(412): CodeIgniter\CodeIgniter->runController(Object(App\Controllers\Pesanancontroller))
#3 C:\xampp\htdocs\app_cafe_amelias\system\CodeIgniter.php(320): CodeIgniter\CodeIgniter->handleRequest(NULL, Object(Config\Cache), false)
#4 C:\xampp\htdocs\app_cafe_amelias\public\index.php(37): CodeIgniter\CodeIgniter->run()
#5 C:\xampp\htdocs\app_cafe_amelias\system\Commands\Server\rewrite.php(43): require_once('C:\\xampp\\htdocs...')
#6 {main}
CRITICAL - 2022-03-01 19:09:19 --> Undefined array key "username"
#0 C:\xampp\htdocs\app_cafe_amelias\app\Views\UserList.php(33): CodeIgniter\Debug\Exceptions->errorHandler(2, 'Undefined array...', 'C:\\xampp\\htdocs...', 33)
#1 C:\xampp\htdocs\app_cafe_amelias\system\View\View.php(210): include('C:\\xampp\\htdocs...')
#2 C:\xampp\htdocs\app_cafe_amelias\system\View\View.php(213): CodeIgniter\View\View->CodeIgniter\View\{closure}()
#3 C:\xampp\htdocs\app_cafe_amelias\system\Common.php(1089): CodeIgniter\View\View->render('UserList', Array, true)
#4 C:\xampp\htdocs\app_cafe_amelias\app\Controllers\UserController.php(24): view('UserList', Array)
#5 C:\xampp\htdocs\app_cafe_amelias\system\CodeIgniter.php(825): App\Controllers\Usercontroller->tampil()
#6 C:\xampp\htdocs\app_cafe_amelias\system\CodeIgniter.php(412): CodeIgniter\CodeIgniter->runController(Object(App\Controllers\Usercontroller))
#7 C:\xampp\htdocs\app_cafe_amelias\system\CodeIgniter.php(320): CodeIgniter\CodeIgniter->handleRequest(NULL, Object(Config\Cache), false)
#8 C:\xampp\htdocs\app_cafe_amelias\public\index.php(37): CodeIgniter\CodeIgniter->run()
#9 C:\xampp\htdocs\app_cafe_amelias\system\Commands\Server\rewrite.php(43): require_once('C:\\xampp\\htdocs...')
#10 {main}
CRITICAL - 2022-03-01 19:13:24 --> Undefined array key "username"
#0 C:\xampp\htdocs\app_cafe_amelias\app\Views\UserList.php(57): CodeIgniter\Debug\Exceptions->errorHandler(2, 'Undefined array...', 'C:\\xampp\\htdocs...', 57)
#1 C:\xampp\htdocs\app_cafe_amelias\system\View\View.php(210): include('C:\\xampp\\htdocs...')
#2 C:\xampp\htdocs\app_cafe_amelias\system\View\View.php(213): CodeIgniter\View\View->CodeIgniter\View\{closure}()
#3 C:\xampp\htdocs\app_cafe_amelias\system\Common.php(1089): CodeIgniter\View\View->render('UserList', Array, true)
#4 C:\xampp\htdocs\app_cafe_amelias\app\Controllers\UserController.php(24): view('UserList', Array)
#5 C:\xampp\htdocs\app_cafe_amelias\system\CodeIgniter.php(825): App\Controllers\Usercontroller->tampil()
#6 C:\xampp\htdocs\app_cafe_amelias\system\CodeIgniter.php(412): CodeIgniter\CodeIgniter->runController(Object(App\Controllers\Usercontroller))
#7 C:\xampp\htdocs\app_cafe_amelias\system\CodeIgniter.php(320): CodeIgniter\CodeIgniter->handleRequest(NULL, Object(Config\Cache), false)
#8 C:\xampp\htdocs\app_cafe_amelias\public\index.php(37): CodeIgniter\CodeIgniter->run()
#9 C:\xampp\htdocs\app_cafe_amelias\system\Commands\Server\rewrite.php(43): require_once('C:\\xampp\\htdocs...')
#10 {main}
CRITICAL - 2022-03-01 19:17:39 --> Undefined array key "username"
#0 C:\xampp\htdocs\app_cafe_amelias\app\Views\UserList.php(33): CodeIgniter\Debug\Exceptions->errorHandler(2, 'Undefined array...', 'C:\\xampp\\htdocs...', 33)
#1 C:\xampp\htdocs\app_cafe_amelias\system\View\View.php(210): include('C:\\xampp\\htdocs...')
#2 C:\xampp\htdocs\app_cafe_amelias\system\View\View.php(213): CodeIgniter\View\View->CodeIgniter\View\{closure}()
#3 C:\xampp\htdocs\app_cafe_amelias\system\Common.php(1089): CodeIgniter\View\View->render('UserList', Array, true)
#4 C:\xampp\htdocs\app_cafe_amelias\app\Controllers\UserController.php(24): view('UserList', Array)
#5 C:\xampp\htdocs\app_cafe_amelias\system\CodeIgniter.php(825): App\Controllers\Usercontroller->tampil()
#6 C:\xampp\htdocs\app_cafe_amelias\system\CodeIgniter.php(412): CodeIgniter\CodeIgniter->runController(Object(App\Controllers\Usercontroller))
#7 C:\xampp\htdocs\app_cafe_amelias\system\CodeIgniter.php(320): CodeIgniter\CodeIgniter->handleRequest(NULL, Object(Config\Cache), false)
#8 C:\xampp\htdocs\app_cafe_amelias\public\index.php(37): CodeIgniter\CodeIgniter->run()
#9 C:\xampp\htdocs\app_cafe_amelias\system\Commands\Server\rewrite.php(43): require_once('C:\\xampp\\htdocs...')
#10 {main}
CRITICAL - 2022-03-01 19:19:07 --> Undefined array key "username"
#0 C:\xampp\htdocs\app_cafe_amelias\app\Views\UserList.php(33): CodeIgniter\Debug\Exceptions->errorHandler(2, 'Undefined array...', 'C:\\xampp\\htdocs...', 33)
#1 C:\xampp\htdocs\app_cafe_amelias\system\View\View.php(210): include('C:\\xampp\\htdocs...')
#2 C:\xampp\htdocs\app_cafe_amelias\system\View\View.php(213): CodeIgniter\View\View->CodeIgniter\View\{closure}()
#3 C:\xampp\htdocs\app_cafe_amelias\system\Common.php(1089): CodeIgniter\View\View->render('UserList', Array, true)
#4 C:\xampp\htdocs\app_cafe_amelias\app\Controllers\UserController.php(24): view('UserList', Array)
#5 C:\xampp\htdocs\app_cafe_amelias\system\CodeIgniter.php(825): App\Controllers\Usercontroller->tampil()
#6 C:\xampp\htdocs\app_cafe_amelias\system\CodeIgniter.php(412): CodeIgniter\CodeIgniter->runController(Object(App\Controllers\Usercontroller))
#7 C:\xampp\htdocs\app_cafe_amelias\system\CodeIgniter.php(320): CodeIgniter\CodeIgniter->handleRequest(NULL, Object(Config\Cache), false)
#8 C:\xampp\htdocs\app_cafe_amelias\public\index.php(37): CodeIgniter\CodeIgniter->run()
#9 C:\xampp\htdocs\app_cafe_amelias\system\Commands\Server\rewrite.php(43): require_once('C:\\xampp\\htdocs...')
#10 {main}
CRITICAL - 2022-03-01 19:19:11 --> Undefined array key "username"
#0 C:\xampp\htdocs\app_cafe_amelias\app\Views\UserList.php(33): CodeIgniter\Debug\Exceptions->errorHandler(2, 'Undefined array...', 'C:\\xampp\\htdocs...', 33)
#1 C:\xampp\htdocs\app_cafe_amelias\system\View\View.php(210): include('C:\\xampp\\htdocs...')
#2 C:\xampp\htdocs\app_cafe_amelias\system\View\View.php(213): CodeIgniter\View\View->CodeIgniter\View\{closure}()
#3 C:\xampp\htdocs\app_cafe_amelias\system\Common.php(1089): CodeIgniter\View\View->render('UserList', Array, true)
#4 C:\xampp\htdocs\app_cafe_amelias\app\Controllers\UserController.php(24): view('UserList', Array)
#5 C:\xampp\htdocs\app_cafe_amelias\system\CodeIgniter.php(825): App\Controllers\Usercontroller->tampil()
#6 C:\xampp\htdocs\app_cafe_amelias\system\CodeIgniter.php(412): CodeIgniter\CodeIgniter->runController(Object(App\Controllers\Usercontroller))
#7 C:\xampp\htdocs\app_cafe_amelias\system\CodeIgniter.php(320): CodeIgniter\CodeIgniter->handleRequest(NULL, Object(Config\Cache), false)
#8 C:\xampp\htdocs\app_cafe_amelias\public\index.php(37): CodeIgniter\CodeIgniter->run()
#9 C:\xampp\htdocs\app_cafe_amelias\system\Commands\Server\rewrite.php(43): require_once('C:\\xampp\\htdocs...')
#10 {main}
CRITICAL - 2022-03-01 19:20:29 --> Undefined array key "username"
#0 C:\xampp\htdocs\app_cafe_amelias\app\Views\UserList.php(33): CodeIgniter\Debug\Exceptions->errorHandler(2, 'Undefined array...', 'C:\\xampp\\htdocs...', 33)
#1 C:\xampp\htdocs\app_cafe_amelias\system\View\View.php(210): include('C:\\xampp\\htdocs...')
#2 C:\xampp\htdocs\app_cafe_amelias\system\View\View.php(213): CodeIgniter\View\View->CodeIgniter\View\{closure}()
#3 C:\xampp\htdocs\app_cafe_amelias\system\Common.php(1089): CodeIgniter\View\View->render('UserList', Array, true)
#4 C:\xampp\htdocs\app_cafe_amelias\app\Controllers\UserController.php(24): view('UserList', Array)
#5 C:\xampp\htdocs\app_cafe_amelias\system\CodeIgniter.php(825): App\Controllers\Usercontroller->tampil()
#6 C:\xampp\htdocs\app_cafe_amelias\system\CodeIgniter.php(412): CodeIgniter\CodeIgniter->runController(Object(App\Controllers\Usercontroller))
#7 C:\xampp\htdocs\app_cafe_amelias\system\CodeIgniter.php(320): CodeIgniter\CodeIgniter->handleRequest(NULL, Object(Config\Cache), false)
#8 C:\xampp\htdocs\app_cafe_amelias\public\index.php(37): CodeIgniter\CodeIgniter->run()
#9 C:\xampp\htdocs\app_cafe_amelias\system\Commands\Server\rewrite.php(43): require_once('C:\\xampp\\htdocs...')
#10 {main}
CRITICAL - 2022-03-01 19:20:33 --> Undefined array key "username"
#0 C:\xampp\htdocs\app_cafe_amelias\app\Views\UserList.php(33): CodeIgniter\Debug\Exceptions->errorHandler(2, 'Undefined array...', 'C:\\xampp\\htdocs...', 33)
#1 C:\xampp\htdocs\app_cafe_amelias\system\View\View.php(210): include('C:\\xampp\\htdocs...')
#2 C:\xampp\htdocs\app_cafe_amelias\system\View\View.php(213): CodeIgniter\View\View->CodeIgniter\View\{closure}()
#3 C:\xampp\htdocs\app_cafe_amelias\system\Common.php(1089): CodeIgniter\View\View->render('UserList', Array, true)
#4 C:\xampp\htdocs\app_cafe_amelias\app\Controllers\UserController.php(24): view('UserList', Array)
#5 C:\xampp\htdocs\app_cafe_amelias\system\CodeIgniter.php(825): App\Controllers\Usercontroller->tampil()
#6 C:\xampp\htdocs\app_cafe_amelias\system\CodeIgniter.php(412): CodeIgniter\CodeIgniter->runController(Object(App\Controllers\Usercontroller))
#7 C:\xampp\htdocs\app_cafe_amelias\system\CodeIgniter.php(320): CodeIgniter\CodeIgniter->handleRequest(NULL, Object(Config\Cache), false)
#8 C:\xampp\htdocs\app_cafe_amelias\public\index.php(37): CodeIgniter\CodeIgniter->run()
#9 C:\xampp\htdocs\app_cafe_amelias\system\Commands\Server\rewrite.php(43): require_once('C:\\xampp\\htdocs...')
#10 {main}
CRITICAL - 2022-03-01 19:23:30 --> Undefined array key "username"
#0 C:\xampp\htdocs\app_cafe_amelias\app\Views\UserList.php(33): CodeIgniter\Debug\Exceptions->errorHandler(2, 'Undefined array...', 'C:\\xampp\\htdocs...', 33)
#1 C:\xampp\htdocs\app_cafe_amelias\system\View\View.php(210): include('C:\\xampp\\htdocs...')
#2 C:\xampp\htdocs\app_cafe_amelias\system\View\View.php(213): CodeIgniter\View\View->CodeIgniter\View\{closure}()
#3 C:\xampp\htdocs\app_cafe_amelias\system\Common.php(1089): CodeIgniter\View\View->render('UserList', Array, true)
#4 C:\xampp\htdocs\app_cafe_amelias\app\Controllers\UserController.php(24): view('UserList', Array)
#5 C:\xampp\htdocs\app_cafe_amelias\system\CodeIgniter.php(825): App\Controllers\Usercontroller->tampil()
#6 C:\xampp\htdocs\app_cafe_amelias\system\CodeIgniter.php(412): CodeIgniter\CodeIgniter->runController(Object(App\Controllers\Usercontroller))
#7 C:\xampp\htdocs\app_cafe_amelias\system\CodeIgniter.php(320): CodeIgniter\CodeIgniter->handleRequest(NULL, Object(Config\Cache), false)
#8 C:\xampp\htdocs\app_cafe_amelias\public\index.php(37): CodeIgniter\CodeIgniter->run()
#9 C:\xampp\htdocs\app_cafe_amelias\system\Commands\Server\rewrite.php(43): require_once('C:\\xampp\\htdocs...')
#10 {main}
CRITICAL - 2022-03-01 19:23:34 --> Undefined array key "username"
#0 C:\xampp\htdocs\app_cafe_amelias\app\Views\UserList.php(33): CodeIgniter\Debug\Exceptions->errorHandler(2, 'Undefined array...', 'C:\\xampp\\htdocs...', 33)
#1 C:\xampp\htdocs\app_cafe_amelias\system\View\View.php(210): include('C:\\xampp\\htdocs...')
#2 C:\xampp\htdocs\app_cafe_amelias\system\View\View.php(213): CodeIgniter\View\View->CodeIgniter\View\{closure}()
#3 C:\xampp\htdocs\app_cafe_amelias\system\Common.php(1089): CodeIgniter\View\View->render('UserList', Array, true)
#4 C:\xampp\htdocs\app_cafe_amelias\app\Controllers\UserController.php(24): view('UserList', Array)
#5 C:\xampp\htdocs\app_cafe_amelias\system\CodeIgniter.php(825): App\Controllers\Usercontroller->tampil()
#6 C:\xampp\htdocs\app_cafe_amelias\system\CodeIgniter.php(412): CodeIgniter\CodeIgniter->runController(Object(App\Controllers\Usercontroller))
#7 C:\xampp\htdocs\app_cafe_amelias\system\CodeIgniter.php(320): CodeIgniter\CodeIgniter->handleRequest(NULL, Object(Config\Cache), false)
#8 C:\xampp\htdocs\app_cafe_amelias\public\index.php(37): CodeIgniter\CodeIgniter->run()
#9 C:\xampp\htdocs\app_cafe_amelias\system\Commands\Server\rewrite.php(43): require_once('C:\\xampp\\htdocs...')
#10 {main}
CRITICAL - 2022-03-01 19:25:39 --> Undefined array key "username"
#0 C:\xampp\htdocs\app_cafe_amelias\app\Views\UserList.php(33): CodeIgniter\Debug\Exceptions->errorHandler(2, 'Undefined array...', 'C:\\xampp\\htdocs...', 33)
#1 C:\xampp\htdocs\app_cafe_amelias\system\View\View.php(210): include('C:\\xampp\\htdocs...')
#2 C:\xampp\htdocs\app_cafe_amelias\system\View\View.php(213): CodeIgniter\View\View->CodeIgniter\View\{closure}()
#3 C:\xampp\htdocs\app_cafe_amelias\system\Common.php(1089): CodeIgniter\View\View->render('UserList', Array, true)
#4 C:\xampp\htdocs\app_cafe_amelias\app\Controllers\UserController.php(24): view('UserList', Array)
#5 C:\xampp\htdocs\app_cafe_amelias\system\CodeIgniter.php(825): App\Controllers\Usercontroller->tampil()
#6 C:\xampp\htdocs\app_cafe_amelias\system\CodeIgniter.php(412): CodeIgniter\CodeIgniter->runController(Object(App\Controllers\Usercontroller))
#7 C:\xampp\htdocs\app_cafe_amelias\system\CodeIgniter.php(320): CodeIgniter\CodeIgniter->handleRequest(NULL, Object(Config\Cache), false)
#8 C:\xampp\htdocs\app_cafe_amelias\public\index.php(37): CodeIgniter\CodeIgniter->run()
#9 C:\xampp\htdocs\app_cafe_amelias\system\Commands\Server\rewrite.php(43): require_once('C:\\xampp\\htdocs...')
#10 {main}
CRITICAL - 2022-03-01 19:25:43 --> Undefined array key "username"
#0 C:\xampp\htdocs\app_cafe_amelias\app\Views\UserList.php(33): CodeIgniter\Debug\Exceptions->errorHandler(2, 'Undefined array...', 'C:\\xampp\\htdocs...', 33)
#1 C:\xampp\htdocs\app_cafe_amelias\system\View\View.php(210): include('C:\\xampp\\htdocs...')
#2 C:\xampp\htdocs\app_cafe_amelias\system\View\View.php(213): CodeIgniter\View\View->CodeIgniter\View\{closure}()
#3 C:\xampp\htdocs\app_cafe_amelias\system\Common.php(1089): CodeIgniter\View\View->render('UserList', Array, true)
#4 C:\xampp\htdocs\app_cafe_amelias\app\Controllers\UserController.php(24): view('UserList', Array)
#5 C:\xampp\htdocs\app_cafe_amelias\system\CodeIgniter.php(825): App\Controllers\Usercontroller->tampil()
#6 C:\xampp\htdocs\app_cafe_amelias\system\CodeIgniter.php(412): CodeIgniter\CodeIgniter->runController(Object(App\Controllers\Usercontroller))
#7 C:\xampp\htdocs\app_cafe_amelias\system\CodeIgniter.php(320): CodeIgniter\CodeIgniter->handleRequest(NULL, Object(Config\Cache), false)
#8 C:\xampp\htdocs\app_cafe_amelias\public\index.php(37): CodeIgniter\CodeIgniter->run()
#9 C:\xampp\htdocs\app_cafe_amelias\system\Commands\Server\rewrite.php(43): require_once('C:\\xampp\\htdocs...')
#10 {main}
CRITICAL - 2022-03-01 19:26:41 --> Undefined array key "username"
#0 C:\xampp\htdocs\app_cafe_amelias\app\Views\UserList.php(33): CodeIgniter\Debug\Exceptions->errorHandler(2, 'Undefined array...', 'C:\\xampp\\htdocs...', 33)
#1 C:\xampp\htdocs\app_cafe_amelias\system\View\View.php(210): include('C:\\xampp\\htdocs...')
#2 C:\xampp\htdocs\app_cafe_amelias\system\View\View.php(213): CodeIgniter\View\View->CodeIgniter\View\{closure}()
#3 C:\xampp\htdocs\app_cafe_amelias\system\Common.php(1089): CodeIgniter\View\View->render('UserList', Array, true)
#4 C:\xampp\htdocs\app_cafe_amelias\app\Controllers\UserController.php(24): view('UserList', Array)
#5 C:\xampp\htdocs\app_cafe_amelias\system\CodeIgniter.php(825): App\Controllers\Usercontroller->tampil()
#6 C:\xampp\htdocs\app_cafe_amelias\system\CodeIgniter.php(412): CodeIgniter\CodeIgniter->runController(Object(App\Controllers\Usercontroller))
#7 C:\xampp\htdocs\app_cafe_amelias\system\CodeIgniter.php(320): CodeIgniter\CodeIgniter->handleRequest(NULL, Object(Config\Cache), false)
#8 C:\xampp\htdocs\app_cafe_amelias\public\index.php(37): CodeIgniter\CodeIgniter->run()
#9 C:\xampp\htdocs\app_cafe_amelias\system\Commands\Server\rewrite.php(43): require_once('C:\\xampp\\htdocs...')
#10 {main}
CRITICAL - 2022-03-01 19:27:22 --> Undefined array key "username"
#0 C:\xampp\htdocs\app_cafe_amelias\app\Views\UserList.php(33): CodeIgniter\Debug\Exceptions->errorHandler(2, 'Undefined array...', 'C:\\xampp\\htdocs...', 33)
#1 C:\xampp\htdocs\app_cafe_amelias\system\View\View.php(210): include('C:\\xampp\\htdocs...')
#2 C:\xampp\htdocs\app_cafe_amelias\system\View\View.php(213): CodeIgniter\View\View->CodeIgniter\View\{closure}()
#3 C:\xampp\htdocs\app_cafe_amelias\system\Common.php(1089): CodeIgniter\View\View->render('UserList', Array, true)
#4 C:\xampp\htdocs\app_cafe_amelias\app\Controllers\UserController.php(24): view('UserList', Array)
#5 C:\xampp\htdocs\app_cafe_amelias\system\CodeIgniter.php(825): App\Controllers\Usercontroller->tampil()
#6 C:\xampp\htdocs\app_cafe_amelias\system\CodeIgniter.php(412): CodeIgniter\CodeIgniter->runController(Object(App\Controllers\Usercontroller))
#7 C:\xampp\htdocs\app_cafe_amelias\system\CodeIgniter.php(320): CodeIgniter\CodeIgniter->handleRequest(NULL, Object(Config\Cache), false)
#8 C:\xampp\htdocs\app_cafe_amelias\public\index.php(37): CodeIgniter\CodeIgniter->run()
#9 C:\xampp\htdocs\app_cafe_amelias\system\Commands\Server\rewrite.php(43): require_once('C:\\xampp\\htdocs...')
#10 {main}
CRITICAL - 2022-03-01 19:29:16 --> Undefined array key "username"
#0 C:\xampp\htdocs\app_cafe_amelias\app\Views\UserList.php(33): CodeIgniter\Debug\Exceptions->errorHandler(2, 'Undefined array...', 'C:\\xampp\\htdocs...', 33)
#1 C:\xampp\htdocs\app_cafe_amelias\system\View\View.php(210): include('C:\\xampp\\htdocs...')
#2 C:\xampp\htdocs\app_cafe_amelias\system\View\View.php(213): CodeIgniter\View\View->CodeIgniter\View\{closure}()
#3 C:\xampp\htdocs\app_cafe_amelias\system\Common.php(1089): CodeIgniter\View\View->render('UserList', Array, true)
#4 C:\xampp\htdocs\app_cafe_amelias\app\Controllers\UserController.php(24): view('UserList', Array)
#5 C:\xampp\htdocs\app_cafe_amelias\system\CodeIgniter.php(825): App\Controllers\Usercontroller->tampil()
#6 C:\xampp\htdocs\app_cafe_amelias\system\CodeIgniter.php(412): CodeIgniter\CodeIgniter->runController(Object(App\Controllers\Usercontroller))
#7 C:\xampp\htdocs\app_cafe_amelias\system\CodeIgniter.php(320): CodeIgniter\CodeIgniter->handleRequest(NULL, Object(Config\Cache), false)
#8 C:\xampp\htdocs\app_cafe_amelias\public\index.php(37): CodeIgniter\CodeIgniter->run()
#9 C:\xampp\htdocs\app_cafe_amelias\system\Commands\Server\rewrite.php(43): require_once('C:\\xampp\\htdocs...')
#10 {main}
CRITICAL - 2022-03-01 19:29:19 --> Undefined array key "username"
#0 C:\xampp\htdocs\app_cafe_amelias\app\Views\UserList.php(33): CodeIgniter\Debug\Exceptions->errorHandler(2, 'Undefined array...', 'C:\\xampp\\htdocs...', 33)
#1 C:\xampp\htdocs\app_cafe_amelias\system\View\View.php(210): include('C:\\xampp\\htdocs...')
#2 C:\xampp\htdocs\app_cafe_amelias\system\View\View.php(213): CodeIgniter\View\View->CodeIgniter\View\{closure}()
#3 C:\xampp\htdocs\app_cafe_amelias\system\Common.php(1089): CodeIgniter\View\View->render('UserList', Array, true)
#4 C:\xampp\htdocs\app_cafe_amelias\app\Controllers\UserController.php(24): view('UserList', Array)
#5 C:\xampp\htdocs\app_cafe_amelias\system\CodeIgniter.php(825): App\Controllers\Usercontroller->tampil()
#6 C:\xampp\htdocs\app_cafe_amelias\system\CodeIgniter.php(412): CodeIgniter\CodeIgniter->runController(Object(App\Controllers\Usercontroller))
#7 C:\xampp\htdocs\app_cafe_amelias\system\CodeIgniter.php(320): CodeIgniter\CodeIgniter->handleRequest(NULL, Object(Config\Cache), false)
#8 C:\xampp\htdocs\app_cafe_amelias\public\index.php(37): CodeIgniter\CodeIgniter->run()
#9 C:\xampp\htdocs\app_cafe_amelias\system\Commands\Server\rewrite.php(43): require_once('C:\\xampp\\htdocs...')
#10 {main}
CRITICAL - 2022-03-01 19:29:35 --> Undefined array key "username"
#0 C:\xampp\htdocs\app_cafe_amelias\app\Views\UserList.php(33): CodeIgniter\Debug\Exceptions->errorHandler(2, 'Undefined array...', 'C:\\xampp\\htdocs...', 33)
#1 C:\xampp\htdocs\app_cafe_amelias\system\View\View.php(210): include('C:\\xampp\\htdocs...')
#2 C:\xampp\htdocs\app_cafe_amelias\system\View\View.php(213): CodeIgniter\View\View->CodeIgniter\View\{closure}()
#3 C:\xampp\htdocs\app_cafe_amelias\system\Common.php(1089): CodeIgniter\View\View->render('UserList', Array, true)
#4 C:\xampp\htdocs\app_cafe_amelias\app\Controllers\UserController.php(24): view('UserList', Array)
#5 C:\xampp\htdocs\app_cafe_amelias\system\CodeIgniter.php(825): App\Controllers\Usercontroller->tampil()
#6 C:\xampp\htdocs\app_cafe_amelias\system\CodeIgniter.php(412): CodeIgniter\CodeIgniter->runController(Object(App\Controllers\Usercontroller))
#7 C:\xampp\htdocs\app_cafe_amelias\system\CodeIgniter.php(320): CodeIgniter\CodeIgniter->handleRequest(NULL, Object(Config\Cache), false)
#8 C:\xampp\htdocs\app_cafe_amelias\public\index.php(37): CodeIgniter\CodeIgniter->run()
#9 C:\xampp\htdocs\app_cafe_amelias\system\Commands\Server\rewrite.php(43): require_once('C:\\xampp\\htdocs...')
#10 {main}
CRITICAL - 2022-03-01 19:31:07 --> Undefined array key "username"
#0 C:\xampp\htdocs\app_cafe_amelias\app\Views\UserList.php(33): CodeIgniter\Debug\Exceptions->errorHandler(2, 'Undefined array...', 'C:\\xampp\\htdocs...', 33)
#1 C:\xampp\htdocs\app_cafe_amelias\system\View\View.php(210): include('C:\\xampp\\htdocs...')
#2 C:\xampp\htdocs\app_cafe_amelias\system\View\View.php(213): CodeIgniter\View\View->CodeIgniter\View\{closure}()
#3 C:\xampp\htdocs\app_cafe_amelias\system\Common.php(1089): CodeIgniter\View\View->render('UserList', Array, true)
#4 C:\xampp\htdocs\app_cafe_amelias\app\Controllers\UserController.php(24): view('UserList', Array)
#5 C:\xampp\htdocs\app_cafe_amelias\system\CodeIgniter.php(825): App\Controllers\Usercontroller->tampil()
#6 C:\xampp\htdocs\app_cafe_amelias\system\CodeIgniter.php(412): CodeIgniter\CodeIgniter->runController(Object(App\Controllers\Usercontroller))
#7 C:\xampp\htdocs\app_cafe_amelias\system\CodeIgniter.php(320): CodeIgniter\CodeIgniter->handleRequest(NULL, Object(Config\Cache), false)
#8 C:\xampp\htdocs\app_cafe_amelias\public\index.php(37): CodeIgniter\CodeIgniter->run()
#9 C:\xampp\htdocs\app_cafe_amelias\system\Commands\Server\rewrite.php(43): require_once('C:\\xampp\\htdocs...')
#10 {main}
CRITICAL - 2022-03-01 19:42:56 --> Undefined array key "username"
#0 C:\xampp\htdocs\app_cafe_amelias\app\Views\UserList.php(33): CodeIgniter\Debug\Exceptions->errorHandler(2, 'Undefined array...', 'C:\\xampp\\htdocs...', 33)
#1 C:\xampp\htdocs\app_cafe_amelias\system\View\View.php(210): include('C:\\xampp\\htdocs...')
#2 C:\xampp\htdocs\app_cafe_amelias\system\View\View.php(213): CodeIgniter\View\View->CodeIgniter\View\{closure}()
#3 C:\xampp\htdocs\app_cafe_amelias\system\Common.php(1089): CodeIgniter\View\View->render('UserList', Array, true)
#4 C:\xampp\htdocs\app_cafe_amelias\app\Controllers\UserController.php(24): view('UserList', Array)
#5 C:\xampp\htdocs\app_cafe_amelias\system\CodeIgniter.php(825): App\Controllers\Usercontroller->tampil()
#6 C:\xampp\htdocs\app_cafe_amelias\system\CodeIgniter.php(412): CodeIgniter\CodeIgniter->runController(Object(App\Controllers\Usercontroller))
#7 C:\xampp\htdocs\app_cafe_amelias\system\CodeIgniter.php(320): CodeIgniter\CodeIgniter->handleRequest(NULL, Object(Config\Cache), false)
#8 C:\xampp\htdocs\app_cafe_amelias\public\index.php(37): CodeIgniter\CodeIgniter->run()
#9 C:\xampp\htdocs\app_cafe_amelias\system\Commands\Server\rewrite.php(43): require_once('C:\\xampp\\htdocs...')
#10 {main}
CRITICAL - 2022-03-01 19:54:39 --> Undefined array key "username"
#0 C:\xampp\htdocs\app_cafe_amelias\app\Views\UserList.php(33): CodeIgniter\Debug\Exceptions->errorHandler(2, 'Undefined array...', 'C:\\xampp\\htdocs...', 33)
#1 C:\xampp\htdocs\app_cafe_amelias\system\View\View.php(210): include('C:\\xampp\\htdocs...')
#2 C:\xampp\htdocs\app_cafe_amelias\system\View\View.php(213): CodeIgniter\View\View->CodeIgniter\View\{closure}()
#3 C:\xampp\htdocs\app_cafe_amelias\system\Common.php(1089): CodeIgniter\View\View->render('UserList', Array, true)
#4 C:\xampp\htdocs\app_cafe_amelias\app\Controllers\UserController.php(24): view('UserList', Array)
#5 C:\xampp\htdocs\app_cafe_amelias\system\CodeIgniter.php(825): App\Controllers\Usercontroller->tampil()
#6 C:\xampp\htdocs\app_cafe_amelias\system\CodeIgniter.php(412): CodeIgniter\CodeIgniter->runController(Object(App\Controllers\Usercontroller))
#7 C:\xampp\htdocs\app_cafe_amelias\system\CodeIgniter.php(320): CodeIgniter\CodeIgniter->handleRequest(NULL, Object(Config\Cache), false)
#8 C:\xampp\htdocs\app_cafe_amelias\public\index.php(37): CodeIgniter\CodeIgniter->run()
#9 C:\xampp\htdocs\app_cafe_amelias\system\Commands\Server\rewrite.php(43): require_once('C:\\xampp\\htdocs...')
#10 {main}
CRITICAL - 2022-03-01 19:55:03 --> Undefined array key "username"
#0 C:\xampp\htdocs\app_cafe_amelias\app\Views\UserList.php(33): CodeIgniter\Debug\Exceptions->errorHandler(2, 'Undefined array...', 'C:\\xampp\\htdocs...', 33)
#1 C:\xampp\htdocs\app_cafe_amelias\system\View\View.php(210): include('C:\\xampp\\htdocs...')
#2 C:\xampp\htdocs\app_cafe_amelias\system\View\View.php(213): CodeIgniter\View\View->CodeIgniter\View\{closure}()
#3 C:\xampp\htdocs\app_cafe_amelias\system\Common.php(1089): CodeIgniter\View\View->render('UserList', Array, true)
#4 C:\xampp\htdocs\app_cafe_amelias\app\Controllers\UserController.php(24): view('UserList', Array)
#5 C:\xampp\htdocs\app_cafe_amelias\system\CodeIgniter.php(825): App\Controllers\Usercontroller->tampil()
#6 C:\xampp\htdocs\app_cafe_amelias\system\CodeIgniter.php(412): CodeIgniter\CodeIgniter->runController(Object(App\Controllers\Usercontroller))
#7 C:\xampp\htdocs\app_cafe_amelias\system\CodeIgniter.php(320): CodeIgniter\CodeIgniter->handleRequest(NULL, Object(Config\Cache), false)
#8 C:\xampp\htdocs\app_cafe_amelias\public\index.php(37): CodeIgniter\CodeIgniter->run()
#9 C:\xampp\htdocs\app_cafe_amelias\system\Commands\Server\rewrite.php(43): require_once('C:\\xampp\\htdocs...')
#10 {main}
CRITICAL - 2022-03-01 19:56:47 --> Undefined array key "username"
#0 C:\xampp\htdocs\app_cafe_amelias\app\Views\UserList.php(33): CodeIgniter\Debug\Exceptions->errorHandler(2, 'Undefined array...', 'C:\\xampp\\htdocs...', 33)
#1 C:\xampp\htdocs\app_cafe_amelias\system\View\View.php(210): include('C:\\xampp\\htdocs...')
#2 C:\xampp\htdocs\app_cafe_amelias\system\View\View.php(213): CodeIgniter\View\View->CodeIgniter\View\{closure}()
#3 C:\xampp\htdocs\app_cafe_amelias\system\Common.php(1089): CodeIgniter\View\View->render('UserList', Array, true)
#4 C:\xampp\htdocs\app_cafe_amelias\app\Controllers\UserController.php(24): view('UserList', Array)
#5 C:\xampp\htdocs\app_cafe_amelias\system\CodeIgniter.php(825): App\Controllers\Usercontroller->tampil()
#6 C:\xampp\htdocs\app_cafe_amelias\system\CodeIgniter.php(412): CodeIgniter\CodeIgniter->runController(Object(App\Controllers\Usercontroller))
#7 C:\xampp\htdocs\app_cafe_amelias\system\CodeIgniter.php(320): CodeIgniter\CodeIgniter->handleRequest(NULL, Object(Config\Cache), false)
#8 C:\xampp\htdocs\app_cafe_amelias\public\index.php(37): CodeIgniter\CodeIgniter->run()
#9 C:\xampp\htdocs\app_cafe_amelias\system\Commands\Server\rewrite.php(43): require_once('C:\\xampp\\htdocs...')
#10 {main}
CRITICAL - 2022-03-01 19:57:58 --> Undefined array key "username"
#0 C:\xampp\htdocs\app_cafe_amelias\app\Views\UserList.php(33): CodeIgniter\Debug\Exceptions->errorHandler(2, 'Undefined array...', 'C:\\xampp\\htdocs...', 33)
#1 C:\xampp\htdocs\app_cafe_amelias\system\View\View.php(210): include('C:\\xampp\\htdocs...')
#2 C:\xampp\htdocs\app_cafe_amelias\system\View\View.php(213): CodeIgniter\View\View->CodeIgniter\View\{closure}()
#3 C:\xampp\htdocs\app_cafe_amelias\system\Common.php(1089): CodeIgniter\View\View->render('UserList', Array, true)
#4 C:\xampp\htdocs\app_cafe_amelias\app\Controllers\UserController.php(24): view('UserList', Array)
#5 C:\xampp\htdocs\app_cafe_amelias\system\CodeIgniter.php(825): App\Controllers\Usercontroller->tampil()
#6 C:\xampp\htdocs\app_cafe_amelias\system\CodeIgniter.php(412): CodeIgniter\CodeIgniter->runController(Object(App\Controllers\Usercontroller))
#7 C:\xampp\htdocs\app_cafe_amelias\system\CodeIgniter.php(320): CodeIgniter\CodeIgniter->handleRequest(NULL, Object(Config\Cache), false)
#8 C:\xampp\htdocs\app_cafe_amelias\public\index.php(37): CodeIgniter\CodeIgniter->run()
#9 C:\xampp\htdocs\app_cafe_amelias\system\Commands\Server\rewrite.php(43): require_once('C:\\xampp\\htdocs...')
#10 {main}
CRITICAL - 2022-03-01 21:53:12 --> Undefined array key "username"
#0 C:\xampp\htdocs\app_cafe_amelias\app\Views\UserList.php(33): CodeIgniter\Debug\Exceptions->errorHandler(2, 'Undefined array...', 'C:\\xampp\\htdocs...', 33)
#1 C:\xampp\htdocs\app_cafe_amelias\system\View\View.php(210): include('C:\\xampp\\htdocs...')
#2 C:\xampp\htdocs\app_cafe_amelias\system\View\View.php(213): CodeIgniter\View\View->CodeIgniter\View\{closure}()
#3 C:\xampp\htdocs\app_cafe_amelias\system\Common.php(1089): CodeIgniter\View\View->render('UserList', Array, true)
#4 C:\xampp\htdocs\app_cafe_amelias\app\Controllers\UserController.php(24): view('UserList', Array)
#5 C:\xampp\htdocs\app_cafe_amelias\system\CodeIgniter.php(825): App\Controllers\Usercontroller->tampil()
#6 C:\xampp\htdocs\app_cafe_amelias\system\CodeIgniter.php(412): CodeIgniter\CodeIgniter->runController(Object(App\Controllers\Usercontroller))
#7 C:\xampp\htdocs\app_cafe_amelias\system\CodeIgniter.php(320): CodeIgniter\CodeIgniter->handleRequest(NULL, Object(Config\Cache), false)
#8 C:\xampp\htdocs\app_cafe_amelias\public\index.php(37): CodeIgniter\CodeIgniter->run()
#9 C:\xampp\htdocs\app_cafe_amelias\system\Commands\Server\rewrite.php(43): require_once('C:\\xampp\\htdocs...')
#10 {main}
CRITICAL - 2022-03-01 21:56:23 --> Undefined array key "username"
#0 C:\xampp\htdocs\app_cafe_amelias\app\Views\UserList.php(33): CodeIgniter\Debug\Exceptions->errorHandler(2, 'Undefined array...', 'C:\\xampp\\htdocs...', 33)
#1 C:\xampp\htdocs\app_cafe_amelias\system\View\View.php(210): include('C:\\xampp\\htdocs...')
#2 C:\xampp\htdocs\app_cafe_amelias\system\View\View.php(213): CodeIgniter\View\View->CodeIgniter\View\{closure}()
#3 C:\xampp\htdocs\app_cafe_amelias\system\Common.php(1089): CodeIgniter\View\View->render('UserList', Array, true)
#4 C:\xampp\htdocs\app_cafe_amelias\app\Controllers\UserController.php(24): view('UserList', Array)
#5 C:\xampp\htdocs\app_cafe_amelias\system\CodeIgniter.php(825): App\Controllers\Usercontroller->tampil()
#6 C:\xampp\htdocs\app_cafe_amelias\system\CodeIgniter.php(412): CodeIgniter\CodeIgniter->runController(Object(App\Controllers\Usercontroller))
#7 C:\xampp\htdocs\app_cafe_amelias\system\CodeIgniter.php(320): CodeIgniter\CodeIgniter->handleRequest(NULL, Object(Config\Cache), false)
#8 C:\xampp\htdocs\app_cafe_amelias\public\index.php(37): CodeIgniter\CodeIgniter->run()
#9 C:\xampp\htdocs\app_cafe_amelias\system\Commands\Server\rewrite.php(43): require_once('C:\\xampp\\htdocs...')
#10 {main}
CRITICAL - 2022-03-01 21:58:49 --> Undefined array key "user"
#0 C:\xampp\htdocs\app_cafe_amelias\app\Views\UserList.php(33): CodeIgniter\Debug\Exceptions->errorHandler(2, 'Undefined array...', 'C:\\xampp\\htdocs...', 33)
#1 C:\xampp\htdocs\app_cafe_amelias\system\View\View.php(210): include('C:\\xampp\\htdocs...')
#2 C:\xampp\htdocs\app_cafe_amelias\system\View\View.php(213): CodeIgniter\View\View->CodeIgniter\View\{closure}()
#3 C:\xampp\htdocs\app_cafe_amelias\system\Common.php(1089): CodeIgniter\View\View->render('UserList', Array, true)
#4 C:\xampp\htdocs\app_cafe_amelias\app\Controllers\UserController.php(24): view('UserList', Array)
#5 C:\xampp\htdocs\app_cafe_amelias\system\CodeIgniter.php(825): App\Controllers\Usercontroller->tampil()
#6 C:\xampp\htdocs\app_cafe_amelias\system\CodeIgniter.php(412): CodeIgniter\CodeIgniter->runController(Object(App\Controllers\Usercontroller))
#7 C:\xampp\htdocs\app_cafe_amelias\system\CodeIgniter.php(320): CodeIgniter\CodeIgniter->handleRequest(NULL, Object(Config\Cache), false)
#8 C:\xampp\htdocs\app_cafe_amelias\public\index.php(37): CodeIgniter\CodeIgniter->run()
#9 C:\xampp\htdocs\app_cafe_amelias\system\Commands\Server\rewrite.php(43): require_once('C:\\xampp\\htdocs...')
#10 {main}
CRITICAL - 2022-03-01 21:59:20 --> Undefined array key "username"
#0 C:\xampp\htdocs\app_cafe_amelias\app\Views\UserList.php(33): CodeIgniter\Debug\Exceptions->errorHandler(2, 'Undefined array...', 'C:\\xampp\\htdocs...', 33)
#1 C:\xampp\htdocs\app_cafe_amelias\system\View\View.php(210): include('C:\\xampp\\htdocs...')
#2 C:\xampp\htdocs\app_cafe_amelias\system\View\View.php(213): CodeIgniter\View\View->CodeIgniter\View\{closure}()
#3 C:\xampp\htdocs\app_cafe_amelias\system\Common.php(1089): CodeIgniter\View\View->render('UserList', Array, true)
#4 C:\xampp\htdocs\app_cafe_amelias\app\Controllers\UserController.php(24): view('UserList', Array)
#5 C:\xampp\htdocs\app_cafe_amelias\system\CodeIgniter.php(825): App\Controllers\Usercontroller->tampil()
#6 C:\xampp\htdocs\app_cafe_amelias\system\CodeIgniter.php(412): CodeIgniter\CodeIgniter->runController(Object(App\Controllers\Usercontroller))
#7 C:\xampp\htdocs\app_cafe_amelias\system\CodeIgniter.php(320): CodeIgniter\CodeIgniter->handleRequest(NULL, Object(Config\Cache), false)
#8 C:\xampp\htdocs\app_cafe_amelias\public\index.php(37): CodeIgniter\CodeIgniter->run()
#9 C:\xampp\htdocs\app_cafe_amelias\system\Commands\Server\rewrite.php(43): require_once('C:\\xampp\\htdocs...')
#10 {main}
CRITICAL - 2022-03-01 22:02:45 --> Undefined array key "username"
#0 C:\xampp\htdocs\app_cafe_amelias\app\Views\UserList.php(33): CodeIgniter\Debug\Exceptions->errorHandler(2, 'Undefined array...', 'C:\\xampp\\htdocs...', 33)
#1 C:\xampp\htdocs\app_cafe_amelias\system\View\View.php(210): include('C:\\xampp\\htdocs...')
#2 C:\xampp\htdocs\app_cafe_amelias\system\View\View.php(213): CodeIgniter\View\View->CodeIgniter\View\{closure}()
#3 C:\xampp\htdocs\app_cafe_amelias\system\Common.php(1089): CodeIgniter\View\View->render('UserList', Array, true)
#4 C:\xampp\htdocs\app_cafe_amelias\app\Controllers\UserController.php(24): view('UserList', Array)
#5 C:\xampp\htdocs\app_cafe_amelias\system\CodeIgniter.php(825): App\Controllers\Usercontroller->tampil()
#6 C:\xampp\htdocs\app_cafe_amelias\system\CodeIgniter.php(412): CodeIgniter\CodeIgniter->runController(Object(App\Controllers\Usercontroller))
#7 C:\xampp\htdocs\app_cafe_amelias\system\CodeIgniter.php(320): CodeIgniter\CodeIgniter->handleRequest(NULL, Object(Config\Cache), false)
#8 C:\xampp\htdocs\app_cafe_amelias\public\index.php(37): CodeIgniter\CodeIgniter->run()
#9 C:\xampp\htdocs\app_cafe_amelias\system\Commands\Server\rewrite.php(43): require_once('C:\\xampp\\htdocs...')
#10 {main}
CRITICAL - 2022-03-01 22:03:34 --> Undefined array key "username"
#0 C:\xampp\htdocs\app_cafe_amelias\app\Views\UserList.php(59): CodeIgniter\Debug\Exceptions->errorHandler(2, 'Undefined array...', 'C:\\xampp\\htdocs...', 59)
#1 C:\xampp\htdocs\app_cafe_amelias\system\View\View.php(210): include('C:\\xampp\\htdocs...')
#2 C:\xampp\htdocs\app_cafe_amelias\system\View\View.php(213): CodeIgniter\View\View->CodeIgniter\View\{closure}()
#3 C:\xampp\htdocs\app_cafe_amelias\system\Common.php(1089): CodeIgniter\View\View->render('UserList', Array, true)
#4 C:\xampp\htdocs\app_cafe_amelias\app\Controllers\UserController.php(24): view('UserList', Array)
#5 C:\xampp\htdocs\app_cafe_amelias\system\CodeIgniter.php(825): App\Controllers\Usercontroller->tampil()
#6 C:\xampp\htdocs\app_cafe_amelias\system\CodeIgniter.php(412): CodeIgniter\CodeIgniter->runController(Object(App\Controllers\Usercontroller))
#7 C:\xampp\htdocs\app_cafe_amelias\system\CodeIgniter.php(320): CodeIgniter\CodeIgniter->handleRequest(NULL, Object(Config\Cache), false)
#8 C:\xampp\htdocs\app_cafe_amelias\public\index.php(37): CodeIgniter\CodeIgniter->run()
#9 C:\xampp\htdocs\app_cafe_amelias\system\Commands\Server\rewrite.php(43): require_once('C:\\xampp\\htdocs...')
#10 {main}
CRITICAL - 2022-03-01 22:05:39 --> Undefined array key "username"
#0 C:\xampp\htdocs\app_cafe_amelias\app\Views\UserList.php(33): CodeIgniter\Debug\Exceptions->errorHandler(2, 'Undefined array...', 'C:\\xampp\\htdocs...', 33)
#1 C:\xampp\htdocs\app_cafe_amelias\system\View\View.php(210): include('C:\\xampp\\htdocs...')
#2 C:\xampp\htdocs\app_cafe_amelias\system\View\View.php(213): CodeIgniter\View\View->CodeIgniter\View\{closure}()
#3 C:\xampp\htdocs\app_cafe_amelias\system\Common.php(1089): CodeIgniter\View\View->render('UserList', Array, true)
#4 C:\xampp\htdocs\app_cafe_amelias\app\Controllers\UserController.php(24): view('UserList', Array)
#5 C:\xampp\htdocs\app_cafe_amelias\system\CodeIgniter.php(825): App\Controllers\Usercontroller->tampil()
#6 C:\xampp\htdocs\app_cafe_amelias\system\CodeIgniter.php(412): CodeIgniter\CodeIgniter->runController(Object(App\Controllers\Usercontroller))
#7 C:\xampp\htdocs\app_cafe_amelias\system\CodeIgniter.php(320): CodeIgniter\CodeIgniter->handleRequest(NULL, Object(Config\Cache), false)
#8 C:\xampp\htdocs\app_cafe_amelias\public\index.php(37): CodeIgniter\CodeIgniter->run()
#9 C:\xampp\htdocs\app_cafe_amelias\system\Commands\Server\rewrite.php(43): require_once('C:\\xampp\\htdocs...')
#10 {main}
CRITICAL - 2022-03-01 22:14:27 --> Undefined array key "username"
#0 C:\xampp\htdocs\app_cafe_amelias\app\Views\UserList.php(33): CodeIgniter\Debug\Exceptions->errorHandler(2, 'Undefined array...', 'C:\\xampp\\htdocs...', 33)
#1 C:\xampp\htdocs\app_cafe_amelias\system\View\View.php(210): include('C:\\xampp\\htdocs...')
#2 C:\xampp\htdocs\app_cafe_amelias\system\View\View.php(213): CodeIgniter\View\View->CodeIgniter\View\{closure}()
#3 C:\xampp\htdocs\app_cafe_amelias\system\Common.php(1089): CodeIgniter\View\View->render('UserList', Array, true)
#4 C:\xampp\htdocs\app_cafe_amelias\app\Controllers\UserController.php(24): view('UserList', Array)
#5 C:\xampp\htdocs\app_cafe_amelias\system\CodeIgniter.php(825): App\Controllers\Usercontroller->tampil()
#6 C:\xampp\htdocs\app_cafe_amelias\system\CodeIgniter.php(412): CodeIgniter\CodeIgniter->runController(Object(App\Controllers\Usercontroller))
#7 C:\xampp\htdocs\app_cafe_amelias\system\CodeIgniter.php(320): CodeIgniter\CodeIgniter->handleRequest(NULL, Object(Config\Cache), false)
#8 C:\xampp\htdocs\app_cafe_amelias\public\index.php(37): CodeIgniter\CodeIgniter->run()
#9 C:\xampp\htdocs\app_cafe_amelias\system\Commands\Server\rewrite.php(43): require_once('C:\\xampp\\htdocs...')
#10 {main}
CRITICAL - 2022-03-01 22:15:35 --> Undefined array key "username"
#0 C:\xampp\htdocs\app_cafe_amelias\app\Views\UserList.php(33): CodeIgniter\Debug\Exceptions->errorHandler(2, 'Undefined array...', 'C:\\xampp\\htdocs...', 33)
#1 C:\xampp\htdocs\app_cafe_amelias\system\View\View.php(210): include('C:\\xampp\\htdocs...')
#2 C:\xampp\htdocs\app_cafe_amelias\system\View\View.php(213): CodeIgniter\View\View->CodeIgniter\View\{closure}()
#3 C:\xampp\htdocs\app_cafe_amelias\system\Common.php(1089): CodeIgniter\View\View->render('UserList', Array, true)
#4 C:\xampp\htdocs\app_cafe_amelias\app\Controllers\UserController.php(24): view('UserList', Array)
#5 C:\xampp\htdocs\app_cafe_amelias\system\CodeIgniter.php(825): App\Controllers\Usercontroller->tampil()
#6 C:\xampp\htdocs\app_cafe_amelias\system\CodeIgniter.php(412): CodeIgniter\CodeIgniter->runController(Object(App\Controllers\Usercontroller))
#7 C:\xampp\htdocs\app_cafe_amelias\system\CodeIgniter.php(320): CodeIgniter\CodeIgniter->handleRequest(NULL, Object(Config\Cache), false)
#8 C:\xampp\htdocs\app_cafe_amelias\public\index.php(37): CodeIgniter\CodeIgniter->run()
#9 C:\xampp\htdocs\app_cafe_amelias\system\Commands\Server\rewrite.php(43): require_once('C:\\xampp\\htdocs...')
#10 {main}
CRITICAL - 2022-03-01 22:15:36 --> Undefined array key "username"
#0 C:\xampp\htdocs\app_cafe_amelias\app\Views\UserList.php(33): CodeIgniter\Debug\Exceptions->errorHandler(2, 'Undefined array...', 'C:\\xampp\\htdocs...', 33)
#1 C:\xampp\htdocs\app_cafe_amelias\system\View\View.php(210): include('C:\\xampp\\htdocs...')
#2 C:\xampp\htdocs\app_cafe_amelias\system\View\View.php(213): CodeIgniter\View\View->CodeIgniter\View\{closure}()
#3 C:\xampp\htdocs\app_cafe_amelias\system\Common.php(1089): CodeIgniter\View\View->render('UserList', Array, true)
#4 C:\xampp\htdocs\app_cafe_amelias\app\Controllers\UserController.php(24): view('UserList', Array)
#5 C:\xampp\htdocs\app_cafe_amelias\system\CodeIgniter.php(825): App\Controllers\Usercontroller->tampil()
#6 C:\xampp\htdocs\app_cafe_amelias\system\CodeIgniter.php(412): CodeIgniter\CodeIgniter->runController(Object(App\Controllers\Usercontroller))
#7 C:\xampp\htdocs\app_cafe_amelias\system\CodeIgniter.php(320): CodeIgniter\CodeIgniter->handleRequest(NULL, Object(Config\Cache), false)
#8 C:\xampp\htdocs\app_cafe_amelias\public\index.php(37): CodeIgniter\CodeIgniter->run()
#9 C:\xampp\htdocs\app_cafe_amelias\system\Commands\Server\rewrite.php(43): require_once('C:\\xampp\\htdocs...')
#10 {main}
CRITICAL - 2022-03-01 22:15:37 --> Undefined array key "username"
#0 C:\xampp\htdocs\app_cafe_amelias\app\Views\UserList.php(33): CodeIgniter\Debug\Exceptions->errorHandler(2, 'Undefined array...', 'C:\\xampp\\htdocs...', 33)
#1 C:\xampp\htdocs\app_cafe_amelias\system\View\View.php(210): include('C:\\xampp\\htdocs...')
#2 C:\xampp\htdocs\app_cafe_amelias\system\View\View.php(213): CodeIgniter\View\View->CodeIgniter\View\{closure}()
#3 C:\xampp\htdocs\app_cafe_amelias\system\Common.php(1089): CodeIgniter\View\View->render('UserList', Array, true)
#4 C:\xampp\htdocs\app_cafe_amelias\app\Controllers\UserController.php(24): view('UserList', Array)
#5 C:\xampp\htdocs\app_cafe_amelias\system\CodeIgniter.php(825): App\Controllers\Usercontroller->tampil()
#6 C:\xampp\htdocs\app_cafe_amelias\system\CodeIgniter.php(412): CodeIgniter\CodeIgniter->runController(Object(App\Controllers\Usercontroller))
#7 C:\xampp\htdocs\app_cafe_amelias\system\CodeIgniter.php(320): CodeIgniter\CodeIgniter->handleRequest(NULL, Object(Config\Cache), false)
#8 C:\xampp\htdocs\app_cafe_amelias\public\index.php(37): CodeIgniter\CodeIgniter->run()
#9 C:\xampp\htdocs\app_cafe_amelias\system\Commands\Server\rewrite.php(43): require_once('C:\\xampp\\htdocs...')
#10 {main}
CRITICAL - 2022-03-01 22:15:37 --> Undefined array key "username"
#0 C:\xampp\htdocs\app_cafe_amelias\app\Views\UserList.php(33): CodeIgniter\Debug\Exceptions->errorHandler(2, 'Undefined array...', 'C:\\xampp\\htdocs...', 33)
#1 C:\xampp\htdocs\app_cafe_amelias\system\View\View.php(210): include('C:\\xampp\\htdocs...')
#2 C:\xampp\htdocs\app_cafe_amelias\system\View\View.php(213): CodeIgniter\View\View->CodeIgniter\View\{closure}()
#3 C:\xampp\htdocs\app_cafe_amelias\system\Common.php(1089): CodeIgniter\View\View->render('UserList', Array, true)
#4 C:\xampp\htdocs\app_cafe_amelias\app\Controllers\UserController.php(24): view('UserList', Array)
#5 C:\xampp\htdocs\app_cafe_amelias\system\CodeIgniter.php(825): App\Controllers\Usercontroller->tampil()
#6 C:\xampp\htdocs\app_cafe_amelias\system\CodeIgniter.php(412): CodeIgniter\CodeIgniter->runController(Object(App\Controllers\Usercontroller))
#7 C:\xampp\htdocs\app_cafe_amelias\system\CodeIgniter.php(320): CodeIgniter\CodeIgniter->handleRequest(NULL, Object(Config\Cache), false)
#8 C:\xampp\htdocs\app_cafe_amelias\public\index.php(37): CodeIgniter\CodeIgniter->run()
#9 C:\xampp\htdocs\app_cafe_amelias\system\Commands\Server\rewrite.php(43): require_once('C:\\xampp\\htdocs...')
#10 {main}
CRITICAL - 2022-03-01 22:15:38 --> Undefined array key "username"
#0 C:\xampp\htdocs\app_cafe_amelias\app\Views\UserList.php(33): CodeIgniter\Debug\Exceptions->errorHandler(2, 'Undefined array...', 'C:\\xampp\\htdocs...', 33)
#1 C:\xampp\htdocs\app_cafe_amelias\system\View\View.php(210): include('C:\\xampp\\htdocs...')
#2 C:\xampp\htdocs\app_cafe_amelias\system\View\View.php(213): CodeIgniter\View\View->CodeIgniter\View\{closure}()
#3 C:\xampp\htdocs\app_cafe_amelias\system\Common.php(1089): CodeIgniter\View\View->render('UserList', Array, true)
#4 C:\xampp\htdocs\app_cafe_amelias\app\Controllers\UserController.php(24): view('UserList', Array)
#5 C:\xampp\htdocs\app_cafe_amelias\system\CodeIgniter.php(825): App\Controllers\Usercontroller->tampil()
#6 C:\xampp\htdocs\app_cafe_amelias\system\CodeIgniter.php(412): CodeIgniter\CodeIgniter->runController(Object(App\Controllers\Usercontroller))
#7 C:\xampp\htdocs\app_cafe_amelias\system\CodeIgniter.php(320): CodeIgniter\CodeIgniter->handleRequest(NULL, Object(Config\Cache), false)
#8 C:\xampp\htdocs\app_cafe_amelias\public\index.php(37): CodeIgniter\CodeIgniter->run()
#9 C:\xampp\htdocs\app_cafe_amelias\system\Commands\Server\rewrite.php(43): require_once('C:\\xampp\\htdocs...')
#10 {main}
CRITICAL - 2022-03-01 22:15:39 --> Undefined array key "username"
#0 C:\xampp\htdocs\app_cafe_amelias\app\Views\UserList.php(33): CodeIgniter\Debug\Exceptions->errorHandler(2, 'Undefined array...', 'C:\\xampp\\htdocs...', 33)
#1 C:\xampp\htdocs\app_cafe_amelias\system\View\View.php(210): include('C:\\xampp\\htdocs...')
#2 C:\xampp\htdocs\app_cafe_amelias\system\View\View.php(213): CodeIgniter\View\View->CodeIgniter\View\{closure}()
#3 C:\xampp\htdocs\app_cafe_amelias\system\Common.php(1089): CodeIgniter\View\View->render('UserList', Array, true)
#4 C:\xampp\htdocs\app_cafe_amelias\app\Controllers\UserController.php(24): view('UserList', Array)
#5 C:\xampp\htdocs\app_cafe_amelias\system\CodeIgniter.php(825): App\Controllers\Usercontroller->tampil()
#6 C:\xampp\htdocs\app_cafe_amelias\system\CodeIgniter.php(412): CodeIgniter\CodeIgniter->runController(Object(App\Controllers\Usercontroller))
#7 C:\xampp\htdocs\app_cafe_amelias\system\CodeIgniter.php(320): CodeIgniter\CodeIgniter->handleRequest(NULL, Object(Config\Cache), false)
#8 C:\xampp\htdocs\app_cafe_amelias\public\index.php(37): CodeIgniter\CodeIgniter->run()
#9 C:\xampp\htdocs\app_cafe_amelias\system\Commands\Server\rewrite.php(43): require_once('C:\\xampp\\htdocs...')
#10 {main}
CRITICAL - 2022-03-01 22:15:39 --> Undefined array key "username"
#0 C:\xampp\htdocs\app_cafe_amelias\app\Views\UserList.php(33): CodeIgniter\Debug\Exceptions->errorHandler(2, 'Undefined array...', 'C:\\xampp\\htdocs...', 33)
#1 C:\xampp\htdocs\app_cafe_amelias\system\View\View.php(210): include('C:\\xampp\\htdocs...')
#2 C:\xampp\htdocs\app_cafe_amelias\system\View\View.php(213): CodeIgniter\View\View->CodeIgniter\View\{closure}()
#3 C:\xampp\htdocs\app_cafe_amelias\system\Common.php(1089): CodeIgniter\View\View->render('UserList', Array, true)
#4 C:\xampp\htdocs\app_cafe_amelias\app\Controllers\UserController.php(24): view('UserList', Array)
#5 C:\xampp\htdocs\app_cafe_amelias\system\CodeIgniter.php(825): App\Controllers\Usercontroller->tampil()
#6 C:\xampp\htdocs\app_cafe_amelias\system\CodeIgniter.php(412): CodeIgniter\CodeIgniter->runController(Object(App\Controllers\Usercontroller))
#7 C:\xampp\htdocs\app_cafe_amelias\system\CodeIgniter.php(320): CodeIgniter\CodeIgniter->handleRequest(NULL, Object(Config\Cache), false)
#8 C:\xampp\htdocs\app_cafe_amelias\public\index.php(37): CodeIgniter\CodeIgniter->run()
#9 C:\xampp\htdocs\app_cafe_amelias\system\Commands\Server\rewrite.php(43): require_once('C:\\xampp\\htdocs...')
#10 {main}
